<?xml version="1.0" encoding="UTF-8"?>
<robot generator="Robot 7.3.2 (Python 3.13.5 on win32)" generated="2025-08-18T19:41:09.746880" rpa="false" schemaversion="5">
<suite id="s1" name="Post.Company Test" source="C:\Users\aline\invictus-academyt14-api-robot\tests\company\post.company_test.robot">
<test id="s1-t1" name="Cadastrar Nova Company Com Sucesso" line="6">
<kw name="Cadastrar Company com Sucesso" owner="company">
<kw name="Login com sysadmin" owner="login">
<kw name="Create Dictionary" owner="BuiltIn">
<msg time="2025-08-18T19:41:10.429437" level="INFO">${body} = {'mail': 'sysadmin@qacoders.com', 'password': '1234@Test'}</msg>
<var>${body}</var>
<arg>mail=sysadmin@qacoders.com</arg>
<arg>password=1234@Test</arg>
<doc>Creates and returns a dictionary based on the given ``items``.</doc>
<status status="PASS" start="2025-08-18T19:41:10.429212" elapsed="0.000258"/>
</kw>
<kw name="Criar Sessão" owner="login">
<kw name="Create Dictionary" owner="BuiltIn">
<msg time="2025-08-18T19:41:10.429914" level="INFO">${headers} = {'accept': 'application/json', 'Content-Type': 'application/json'}</msg>
<var>${headers}</var>
<arg>accept=application/json</arg>
<arg>Content-Type=application/json</arg>
<doc>Creates and returns a dictionary based on the given ``items``.</doc>
<status status="PASS" start="2025-08-18T19:41:10.429774" elapsed="0.000164"/>
</kw>
<kw name="Create Session" owner="RequestsLibrary">
<msg time="2025-08-18T19:41:10.430212" level="INFO">Creating Session using : alias=develop, url=https://api-invictus.qacoders.dev.br/api/, headers={'accept': 'application/json', 'Content-Type': 'application/json'},                     cookies={}, auth=None, timeout=None, proxies=None, verify=True,                     debug=0 </msg>
<arg>alias=develop</arg>
<arg>url=${baseURL}</arg>
<arg>headers=${headers}</arg>
<arg>verify=true</arg>
<doc>Create Session: create a HTTP session to a server</doc>
<status status="PASS" start="2025-08-18T19:41:10.430023" elapsed="0.000337"/>
</kw>
<status status="PASS" start="2025-08-18T19:41:10.429598" elapsed="0.000822"/>
</kw>
<kw name="POST On Session" owner="RequestsLibrary">
<msg time="2025-08-18T19:41:11.221305" level="INFO">POST Request : url=https://api-invictus.qacoders.dev.br/api/login 
 path_url=/api/login 
 headers={'User-Agent': 'python-requests/2.32.4', 'Accept-Encoding': 'gzip, deflate', 'accept': 'application/json', 'Connection': 'keep-alive', 'Content-Type': 'application/json', 'Content-Length': '58'} 
 body=b'{"mail": "sysadmin@qacoders.com", "password": "1234@Test"}' 
 </msg>
<msg time="2025-08-18T19:41:11.221414" level="INFO">POST Response : url=https://api-invictus.qacoders.dev.br/api/login 
 status=200, reason=OK 
 headers={'Access-Control-Allow-Origin': '*', 'Content-Length': '1334', 'Content-Type': 'application/json; charset=utf-8', 'Date': 'Mon, 18 Aug 2025 22:41:01 GMT', 'Etag': 'W/"536-TId4QVIMoSVDbApcJYNR6kMV0eQ"', 'X-Powered-By': 'Express'} 
 body={"msg":"Olá Qa-Coders-SYSADMIN, autenticação autorizada com sucesso!","user":{"_id":"689cd9ac715d88a4297cebed","fullName":"Qa-Coders-SYSADMIN","mail":"sysadmin@qacoders.com","password":"$2b$10$LY8JLNopE0TPJoieGwNjNeUlqaKO9QDTOCv81mOmAoJfzMExVeRIK","accessProfile":"SYSADMIN","cpf":"11111111111","status":true,"audit":[{"registeredBy":{"userId":"111111111111111111","userLogin":"sysadmin@qacoders.com"},"registrationDate":"quarta-feira, 13/08/2025, 15:30:03 BRT","registrationNumber":"01","companyId":"Qa.Coders","_id":"689cd9ac715d88a4297cebee"}],"__v":0},"token":"eyJhbGciOiJIUzI1NiIsInR5cCI6IkpXVCJ9.eyJfaWQiOiI2ODljZDlhYzcxNWQ4OGE0Mjk3Y2ViZWQiLCJmdWxsTmFtZSI6IlFhLUNvZGVycy1TWVNBRE1JTiIsIm1haWwiOiJzeXNhZG1pbkBxYWNvZGVycy5jb20iLCJwYXNzd29yZCI6IiQyYiQxMCRMWThKTE5vcEUwVFBKb2llR3dOak5lVWxxYUtPOVFEVE9DdjgxbU9tQW9KZnpNRXhWZVJJSyIsImFjY2Vzc1Byb2ZpbGUiOiJTWVNBRE1JTiIsImNwZiI6IjExMTExMTExMTExIiwic3RhdHVzIjp0cnVlLCJhdWRpdCI6W3sicmVnaXN0ZXJlZEJ5Ijp7InVzZXJJZCI6IjExMTExMTExMTExMTExMTExMSIsInVzZXJMb2dpbiI6InN5c2FkbWluQHFhY29kZXJzLmNvbSJ9LCJyZWdpc3RyYXRpb25EYXRlIjoicXVhcnRhLWZlaXJhLCAxMy8wOC8yMDI1LCAxNTozMDowMyBCUlQiLCJyZWdpc3RyYXRpb25OdW1iZXIiOiIwMSIsImNvbXBhbnlJZCI6IlFhLkNvZGVycyIsIl9pZCI6IjY4OWNkOWFjNzE1ZDg4YTQyOTdjZWJlZSJ9XSwiX192IjowLCJpYXQiOjE3NTU1NTY4NjEsImV4cCI6MTc1NTY0MzI2MX0.71CoM2Sj9BNlgXv0x9uI9ynP8uwl3sxl5bp1qaeTKl8"} 
 </msg>
<msg time="2025-08-18T19:41:11.221546" level="INFO">${resposta} = &lt;Response [200]&gt;</msg>
<var>${resposta}</var>
<arg>alias=develop</arg>
<arg>url=/login</arg>
<arg>json=${body}</arg>
<doc>Sends a POST request on a previously created HTTP Session.</doc>
<status status="PASS" start="2025-08-18T19:41:10.430489" elapsed="0.791079"/>
</kw>
<kw name="Status Should Be" owner="RequestsLibrary">
<arg>200</arg>
<arg>${resposta}</arg>
<doc>Fails if response status code is different than the expected.</doc>
<status status="PASS" start="2025-08-18T19:41:11.221719" elapsed="0.000191"/>
</kw>
<kw name="Set Suite Variable" owner="BuiltIn">
<msg time="2025-08-18T19:41:11.222676" level="INFO">${TOKEN} = eyJhbGciOiJIUzI1NiIsInR5cCI6IkpXVCJ9.eyJfaWQiOiI2ODljZDlhYzcxNWQ4OGE0Mjk3Y2ViZWQiLCJmdWxsTmFtZSI6IlFhLUNvZGVycy1TWVNBRE1JTiIsIm1haWwiOiJzeXNhZG1pbkBxYWNvZGVycy5jb20iLCJwYXNzd29yZCI6IiQyYiQxMCRMWThKTE5...</msg>
<arg>${TOKEN}</arg>
<arg>${resposta.json()["token"]}</arg>
<doc>Makes a variable available everywhere within the scope of the current suite.</doc>
<status status="PASS" start="2025-08-18T19:41:11.222003" elapsed="0.000718"/>
</kw>
<return>
<value>${resposta.json()["token"]}</value>
<status status="PASS" start="2025-08-18T19:41:11.222776" elapsed="0.000051"/>
</return>
<msg time="2025-08-18T19:41:11.223091" level="INFO">${TOKEN} = eyJhbGciOiJIUzI1NiIsInR5cCI6IkpXVCJ9.eyJfaWQiOiI2ODljZDlhYzcxNWQ4OGE0Mjk3Y2ViZWQiLCJmdWxsTmFtZSI6IlFhLUNvZGVycy1TWVNBRE1JTiIsIm1haWwiOiJzeXNhZG1pbkBxYWNvZGVycy5jb20iLCJwYXNzd29yZCI6IiQyYiQxMCRMWThKTE5...</msg>
<var>${TOKEN}</var>
<status status="PASS" start="2025-08-18T19:41:10.428662" elapsed="0.794449"/>
</kw>
<kw name="Create Dictionary" owner="BuiltIn">
<msg time="2025-08-18T19:41:11.223363" level="INFO">${headers} = {'accept': 'application/json', 'Content-Type': 'application/json', 'Authorization': 'eyJhbGciOiJIUzI1NiIsInR5cCI6IkpXVCJ9.eyJfaWQiOiI2ODljZDlhYzcxNWQ4OGE0Mjk3Y2ViZWQiLCJmdWxsTmFtZSI6IlFhLUNvZGVycy1TWV...</msg>
<var>${headers}</var>
<arg>accept=application/json</arg>
<arg>Content-Type=application/json</arg>
<arg>Authorization=${TOKEN}</arg>
<doc>Creates and returns a dictionary based on the given ``items``.</doc>
<status status="PASS" start="2025-08-18T19:41:11.223203" elapsed="0.000179"/>
</kw>
<kw name="Create Session" owner="RequestsLibrary">
<msg time="2025-08-18T19:41:11.223630" level="INFO">Creating Session using : alias=develop, url=https://api-invictus.qacoders.dev.br/api/, headers={'accept': 'application/json', 'Content-Type': 'application/json', 'Authorization': 'eyJhbGciOiJIUzI1NiIsInR5cCI6IkpXVCJ9.eyJfaWQiOiI2ODljZDlhYzcxNWQ4OGE0Mjk3Y2ViZWQiLCJmdWxsTmFtZSI6IlFhLUNvZGVycy1TWVNBRE1JTiIsIm1haWwiOiJzeXNhZG1pbkBxYWNvZGVycy5jb20iLCJwYXNzd29yZCI6IiQyYiQxMCRMWThKTE5vcEUwVFBKb2llR3dOak5lVWxxYUtPOVFEVE9DdjgxbU9tQW9KZnpNRXhWZVJJSyIsImFjY2Vzc1Byb2ZpbGUiOiJTWVNBRE1JTiIsImNwZiI6IjExMTExMTExMTExIiwic3RhdHVzIjp0cnVlLCJhdWRpdCI6W3sicmVnaXN0ZXJlZEJ5Ijp7InVzZXJJZCI6IjExMTExMTExMTExMTExMTExMSIsInVzZXJMb2dpbiI6InN5c2FkbWluQHFhY29kZXJzLmNvbSJ9LCJyZWdpc3RyYXRpb25EYXRlIjoicXVhcnRhLWZlaXJhLCAxMy8wOC8yMDI1LCAxNTozMDowMyBCUlQiLCJyZWdpc3RyYXRpb25OdW1iZXIiOiIwMSIsImNvbXBhbnlJZCI6IlFhLkNvZGVycyIsIl9pZCI6IjY4OWNkOWFjNzE1ZDg4YTQyOTdjZWJlZSJ9XSwiX192IjowLCJpYXQiOjE3NTU1NTY4NjEsImV4cCI6MTc1NTY0MzI2MX0.71CoM2Sj9BNlgXv0x9uI9ynP8uwl3sxl5bp1qaeTKl8'},                     cookies={}, auth=None, timeout=None, proxies=None, verify=True,                     debug=0 </msg>
<arg>alias=develop</arg>
<arg>url=${baseURL}</arg>
<arg>headers=${headers}</arg>
<arg>verify=true</arg>
<doc>Create Session: create a HTTP session to a server</doc>
<status status="PASS" start="2025-08-18T19:41:11.223467" elapsed="0.000280"/>
</kw>
<kw name="Criar Company" owner="company">
<kw name="Generate Random String" owner="String">
<msg time="2025-08-18T19:41:11.224362" level="INFO">${nome1_raw} = tgtwqb</msg>
<var>${nome1_raw}</var>
<arg>length=6</arg>
<arg>chars=[LOWER]</arg>
<doc>Generates a string with a desired ``length`` from the given ``chars``.</doc>
<status status="PASS" start="2025-08-18T19:41:11.224068" elapsed="0.000487"/>
</kw>
<kw name="Convert To Title Case" owner="String">
<msg time="2025-08-18T19:41:11.224852" level="INFO">${nome1} = Tgtwqb</msg>
<var>${nome1}</var>
<arg>${nome1_raw}</arg>
<doc>Converts string to title case.</doc>
<status status="PASS" start="2025-08-18T19:41:11.224665" elapsed="0.000205"/>
</kw>
<kw name="Generate Random String" owner="String">
<msg time="2025-08-18T19:41:11.225095" level="INFO">${nome2_raw} = efafomim</msg>
<var>${nome2_raw}</var>
<arg>length=8</arg>
<arg>chars=[LOWER]</arg>
<doc>Generates a string with a desired ``length`` from the given ``chars``.</doc>
<status status="PASS" start="2025-08-18T19:41:11.224939" elapsed="0.000175"/>
</kw>
<kw name="Convert To Title Case" owner="String">
<msg time="2025-08-18T19:41:11.225362" level="INFO">${nome2} = Efafomim</msg>
<var>${nome2}</var>
<arg>${nome2_raw}</arg>
<doc>Converts string to title case.</doc>
<status status="PASS" start="2025-08-18T19:41:11.225189" elapsed="0.000192"/>
</kw>
<kw name="Set Variable" owner="BuiltIn">
<msg time="2025-08-18T19:41:11.225574" level="INFO">${responsavel} = Tgtwqb Efafomim</msg>
<var>${responsavel}</var>
<arg>${nome1} ${nome2}</arg>
<doc>Returns the given values which can then be assigned to a variables.</doc>
<status status="PASS" start="2025-08-18T19:41:11.225454" elapsed="0.000135"/>
</kw>
<kw name="Should Match Regexp" owner="BuiltIn">
<arg>${responsavel}</arg>
<arg>^[A-Z][a-z]+ [A-Z][a-z]+$</arg>
<doc>Fails if ``string`` does not match ``pattern`` as a regular expression.</doc>
<status status="PASS" start="2025-08-18T19:41:11.225649" elapsed="0.000139"/>
</kw>
<kw name="Generate Random String" owner="String">
<msg time="2025-08-18T19:41:11.225973" level="INFO">${telefone_aleatorio} = 549333396</msg>
<var>${telefone_aleatorio}</var>
<arg>length=9</arg>
<arg>chars=[NUMBERS]</arg>
<doc>Generates a string with a desired ``length`` from the given ``chars``.</doc>
<status status="PASS" start="2025-08-18T19:41:11.225850" elapsed="0.000139"/>
</kw>
<kw name="Set Variable" owner="BuiltIn">
<msg time="2025-08-18T19:41:11.226130" level="INFO">${telefone_random} = 5511549333396</msg>
<var>${telefone_random}</var>
<arg>5511${telefone_aleatorio}</arg>
<doc>Returns the given values which can then be assigned to a variables.</doc>
<status status="PASS" start="2025-08-18T19:41:11.226047" elapsed="0.000097"/>
</kw>
<kw name="Evaluate" owner="BuiltIn">
<msg time="2025-08-18T19:41:11.226342" level="INFO">${numero_random} = 5254</msg>
<var>${numero_random}</var>
<arg>random.randint(1, 9999)</arg>
<arg>modules=random</arg>
<doc>Evaluates the given expression in Python and returns the result.</doc>
<status status="PASS" start="2025-08-18T19:41:11.226200" elapsed="0.000160"/>
</kw>
<kw name="Evaluate" owner="BuiltIn">
<msg time="2025-08-18T19:41:11.226597" level="INFO">${cep_random} = 12345678</msg>
<var>${cep_random}</var>
<arg>random.choice(["04777001", "01001000", "12345678"])</arg>
<arg>modules=random</arg>
<doc>Evaluates the given expression in Python and returns the result.</doc>
<status status="PASS" start="2025-08-18T19:41:11.226430" elapsed="0.000185"/>
</kw>
<kw name="Evaluate" owner="BuiltIn">
<msg time="2025-08-18T19:41:11.226819" level="INFO">${cidade_random} = São Paulo</msg>
<var>${cidade_random}</var>
<arg>random.choice(["São Paulo", "Rio de Janeiro", "Curitiba"])</arg>
<arg>modules=random</arg>
<doc>Evaluates the given expression in Python and returns the result.</doc>
<status status="PASS" start="2025-08-18T19:41:11.226687" elapsed="0.000150"/>
</kw>
<kw name="Evaluate" owner="BuiltIn">
<msg time="2025-08-18T19:41:11.227017" level="INFO">${estado_random} = PR</msg>
<var>${estado_random}</var>
<arg>random.choice(["SP", "RJ", "PR"])</arg>
<arg>modules=random</arg>
<doc>Evaluates the given expression in Python and returns the result.</doc>
<status status="PASS" start="2025-08-18T19:41:11.226903" elapsed="0.000129"/>
</kw>
<kw name="Generate Random String" owner="String">
<msg time="2025-08-18T19:41:11.227366" level="INFO">${bairro_random_raw} = bbtzdbue</msg>
<var>${bairro_random_raw}</var>
<arg>length=8</arg>
<arg>chars=[LOWER]</arg>
<doc>Generates a string with a desired ``length`` from the given ``chars``.</doc>
<status status="PASS" start="2025-08-18T19:41:11.227091" elapsed="0.000293"/>
</kw>
<kw name="Convert To Title Case" owner="String">
<msg time="2025-08-18T19:41:11.227606" level="INFO">${bairro_random} = Bbtzdbue</msg>
<var>${bairro_random}</var>
<arg>${bairro_random_raw}</arg>
<doc>Converts string to title case.</doc>
<status status="PASS" start="2025-08-18T19:41:11.227453" elapsed="0.000171"/>
</kw>
<kw name="Generate Random String" owner="String">
<msg time="2025-08-18T19:41:11.227809" level="INFO">${rua_random_raw} = pfoyenzuyzhk</msg>
<var>${rua_random_raw}</var>
<arg>length=12</arg>
<arg>chars=[LOWER]</arg>
<doc>Generates a string with a desired ``length`` from the given ``chars``.</doc>
<status status="PASS" start="2025-08-18T19:41:11.227688" elapsed="0.000138"/>
</kw>
<kw name="Convert To Title Case" owner="String">
<msg time="2025-08-18T19:41:11.227980" level="INFO">${rua_random} = Pfoyenzuyzhk</msg>
<var>${rua_random}</var>
<arg>${rua_random_raw}</arg>
<doc>Converts string to title case.</doc>
<status status="PASS" start="2025-08-18T19:41:11.227889" elapsed="0.000105"/>
</kw>
<kw name="Evaluate" owner="BuiltIn">
<msg time="2025-08-18T19:41:11.228169" level="INFO">${complemento_numero} = 100</msg>
<var>${complemento_numero}</var>
<arg>random.randint(1, 500)</arg>
<arg>modules=random</arg>
<doc>Evaluates the given expression in Python and returns the result.</doc>
<status status="PASS" start="2025-08-18T19:41:11.228051" elapsed="0.000133"/>
</kw>
<kw name="Set Variable" owner="BuiltIn">
<msg time="2025-08-18T19:41:11.228325" level="INFO">${complemento_random} = Apt 100</msg>
<var>${complemento_random}</var>
<arg>Apt ${complemento_numero}</arg>
<doc>Returns the given values which can then be assigned to a variables.</doc>
<status status="PASS" start="2025-08-18T19:41:11.228243" elapsed="0.000096"/>
</kw>
<kw name="Create Dictionary" owner="BuiltIn">
<msg time="2025-08-18T19:41:11.229019" level="INFO">${body} = {'corporateName': 'Empresa Tgtwqb', 'registerCompany': '12345678000199', 'mail': 'testtgtwqb@teste.com', 'matriz': 'Matriz Tgtwqb', 'responsibleContact': 'Tgtwqb Efafomim', 'telephone': '5511549333396...</msg>
<var>${body}</var>
<arg>corporateName=Empresa ${nome1}</arg>
<arg>registerCompany=12345678000199</arg>
<arg>mail=test${nome1.lower()}@teste.com</arg>
<arg>matriz=Matriz ${nome1}</arg>
<arg>responsibleContact=${responsavel}</arg>
<arg>telephone=${telefone_random}</arg>
<arg>serviceDescription=Serviço de ${nome1}</arg>
<arg>address=@{EMPTY}</arg>
<doc>Creates and returns a dictionary based on the given ``items``.</doc>
<status status="PASS" start="2025-08-18T19:41:11.228397" elapsed="0.000643"/>
</kw>
<kw name="Create Dictionary" owner="BuiltIn">
<msg time="2025-08-18T19:41:11.229379" level="INFO">${endereco} = {'zipCode': '12345678', 'city': 'São Paulo', 'state': 'PR', 'district': 'Bbtzdbue', 'street': 'Pfoyenzuyzhk', 'number': 5254, 'complement': 'Apt 100', 'country': 'Brasil'}</msg>
<var>${endereco}</var>
<arg>zipCode=${cep_random}</arg>
<arg>city=${cidade_random}</arg>
<arg>state=${estado_random}</arg>
<arg>district=${bairro_random}</arg>
<arg>street=${rua_random}</arg>
<arg>number=${numero_random}</arg>
<arg>complement=${complemento_random}</arg>
<arg>country=Brasil</arg>
<doc>Creates and returns a dictionary based on the given ``items``.</doc>
<status status="PASS" start="2025-08-18T19:41:11.229126" elapsed="0.000271"/>
</kw>
<kw name="Append To List" owner="Collections">
<arg>${body["address"]}</arg>
<arg>${endereco}</arg>
<doc>Adds ``values`` to the end of ``list``.</doc>
<status status="PASS" start="2025-08-18T19:41:11.229479" elapsed="0.000290"/>
</kw>
<return>
<value>${body}</value>
<status status="PASS" start="2025-08-18T19:41:11.229891" elapsed="0.000037"/>
</return>
<msg time="2025-08-18T19:41:11.230027" level="INFO">${body} = {'corporateName': 'Empresa Tgtwqb', 'registerCompany': '12345678000199', 'mail': 'testtgtwqb@teste.com', 'matriz': 'Matriz Tgtwqb', 'responsibleContact': 'Tgtwqb Efafomim', 'telephone': '5511549333396...</msg>
<var>${body}</var>
<status status="PASS" start="2025-08-18T19:41:11.223918" elapsed="0.006127"/>
</kw>
<kw name="POST On Session" owner="RequestsLibrary">
<msg time="2025-08-18T19:41:11.320860" level="INFO">POST Request : url=https://api-invictus.qacoders.dev.br/api/company 
 path_url=/api/company 
 headers={'User-Agent': 'python-requests/2.32.4', 'Accept-Encoding': 'gzip, deflate', 'accept': 'application/json', 'Connection': 'keep-alive', 'Content-Type': 'application/json', 'Authorization': 'eyJhbGciOiJIUzI1NiIsInR5cCI6IkpXVCJ9.eyJfaWQiOiI2ODljZDlhYzcxNWQ4OGE0Mjk3Y2ViZWQiLCJmdWxsTmFtZSI6IlFhLUNvZGVycy1TWVNBRE1JTiIsIm1haWwiOiJzeXNhZG1pbkBxYWNvZGVycy5jb20iLCJwYXNzd29yZCI6IiQyYiQxMCRMWThKTE5vcEUwVFBKb2llR3dOak5lVWxxYUtPOVFEVE9DdjgxbU9tQW9KZnpNRXhWZVJJSyIsImFjY2Vzc1Byb2ZpbGUiOiJTWVNBRE1JTiIsImNwZiI6IjExMTExMTExMTExIiwic3RhdHVzIjp0cnVlLCJhdWRpdCI6W3sicmVnaXN0ZXJlZEJ5Ijp7InVzZXJJZCI6IjExMTExMTExMTExMTExMTExMSIsInVzZXJMb2dpbiI6InN5c2FkbWluQHFhY29kZXJzLmNvbSJ9LCJyZWdpc3RyYXRpb25EYXRlIjoicXVhcnRhLWZlaXJhLCAxMy8wOC8yMDI1LCAxNTozMDowMyBCUlQiLCJyZWdpc3RyYXRpb25OdW1iZXIiOiIwMSIsImNvbXBhbnlJZCI6IlFhLkNvZGVycyIsIl9pZCI6IjY4OWNkOWFjNzE1ZDg4YTQyOTdjZWJlZSJ9XSwiX192IjowLCJpYXQiOjE3NTU1NTY4NjEsImV4cCI6MTc1NTY0MzI2MX0.71CoM2Sj9BNlgXv0x9uI9ynP8uwl3sxl5bp1qaeTKl8', 'Content-Length': '441'} 
 body=b'{"corporateName": "Empresa Tgtwqb", "registerCompany": "12345678000199", "mail": "testtgtwqb@teste.com", "matriz": "Matriz Tgtwqb", "responsibleContact": "Tgtwqb Efafomim", "telephone": "5511549333396", "serviceDescription": "Servi\\u00e7o de Tgtwqb", "address": [{"zipCode": "12345678", "city": "S\\u00e3o Paulo", "state": "PR", "district": "Bbtzdbue", "street": "Pfoyenzuyzhk", "number": 5254, "complement": "Apt 100", "country": "Brasil"}]}' 
 </msg>
<msg time="2025-08-18T19:41:11.320941" level="INFO">POST Response : url=https://api-invictus.qacoders.dev.br/api/company 
 status=400, reason=Bad Request 
 headers={'Access-Control-Allow-Origin': '*', 'Content-Length': '72', 'Content-Type': 'application/json; charset=utf-8', 'Date': 'Mon, 18 Aug 2025 22:41:01 GMT', 'Etag': 'W/"48-fTbYdh3K7lAeVrzxed8ScvU7hYo"', 'X-Powered-By': 'Express'} 
 body={"error":["O campo telefone deve conter um número válido do Brasil."]} 
 </msg>
<msg time="2025-08-18T19:41:11.321197" level="FAIL">Url: https://api-invictus.qacoders.dev.br/api/company Expected status: 400 != 201</msg>
<var>${resposta}</var>
<arg>alias=develop</arg>
<arg>url=/company</arg>
<arg>json=${body}</arg>
<arg>expected_status=201</arg>
<doc>Sends a POST request on a previously created HTTP Session.</doc>
<status status="FAIL" start="2025-08-18T19:41:11.230108" elapsed="0.092824">Url: https://api-invictus.qacoders.dev.br/api/company Expected status: 400 != 201</status>
</kw>
<kw name="Set Suite Variable" owner="BuiltIn">
<arg>${Company_ID}</arg>
<arg>${resposta.json()["newCompany"]["_id"]}</arg>
<doc>Makes a variable available everywhere within the scope of the current suite.</doc>
<status status="NOT RUN" start="2025-08-18T19:41:11.323104" elapsed="0.000028"/>
</kw>
<return>
<value>${Company_ID}</value>
<status status="NOT RUN" start="2025-08-18T19:41:11.323169" elapsed="0.000018"/>
</return>
<status status="FAIL" start="2025-08-18T19:41:10.428362" elapsed="0.894911">Url: https://api-invictus.qacoders.dev.br/api/company Expected status: 400 != 201</status>
</kw>
<kw name="Log" owner="BuiltIn">
<arg>Company criada com ID: ${Company_ID}</arg>
<doc>Logs the given message with the given level.</doc>
<status status="NOT RUN" start="2025-08-18T19:41:11.323867" elapsed="0.000044"/>
</kw>
<kw name="Should Not Be Empty" owner="BuiltIn">
<arg>${Company_ID}</arg>
<doc>Verifies that the given item is not empty.</doc>
<status status="NOT RUN" start="2025-08-18T19:41:11.324240" elapsed="0.000027"/>
</kw>
<status status="FAIL" start="2025-08-18T19:41:10.427692" elapsed="0.897082">Url: https://api-invictus.qacoders.dev.br/api/company Expected status: 400 != 201</status>
</test>
<test id="s1-t2" name="Cadastrar Company Sem Nome" line="11">
<kw name="Cadastrar Company Sem Nome" owner="company">
<kw name="Login com sysadmin" owner="login">
<kw name="Create Dictionary" owner="BuiltIn">
<msg time="2025-08-18T19:41:11.328329" level="INFO">${body} = {'mail': 'sysadmin@qacoders.com', 'password': '1234@Test'}</msg>
<var>${body}</var>
<arg>mail=sysadmin@qacoders.com</arg>
<arg>password=1234@Test</arg>
<doc>Creates and returns a dictionary based on the given ``items``.</doc>
<status status="PASS" start="2025-08-18T19:41:11.328175" elapsed="0.000190"/>
</kw>
<kw name="Criar Sessão" owner="login">
<kw name="Create Dictionary" owner="BuiltIn">
<msg time="2025-08-18T19:41:11.328770" level="INFO">${headers} = {'accept': 'application/json', 'Content-Type': 'application/json'}</msg>
<var>${headers}</var>
<arg>accept=application/json</arg>
<arg>Content-Type=application/json</arg>
<doc>Creates and returns a dictionary based on the given ``items``.</doc>
<status status="PASS" start="2025-08-18T19:41:11.328662" elapsed="0.000133"/>
</kw>
<kw name="Create Session" owner="RequestsLibrary">
<msg time="2025-08-18T19:41:11.329018" level="INFO">Creating Session using : alias=develop, url=https://api-invictus.qacoders.dev.br/api/, headers={'accept': 'application/json', 'Content-Type': 'application/json'},                     cookies={}, auth=None, timeout=None, proxies=None, verify=True,                     debug=0 </msg>
<arg>alias=develop</arg>
<arg>url=${baseURL}</arg>
<arg>headers=${headers}</arg>
<arg>verify=true</arg>
<doc>Create Session: create a HTTP session to a server</doc>
<status status="PASS" start="2025-08-18T19:41:11.328861" elapsed="0.000372"/>
</kw>
<status status="PASS" start="2025-08-18T19:41:11.328505" elapsed="0.000784"/>
</kw>
<kw name="POST On Session" owner="RequestsLibrary">
<msg time="2025-08-18T19:41:12.119826" level="INFO">POST Request : url=https://api-invictus.qacoders.dev.br/api/login 
 path_url=/api/login 
 headers={'User-Agent': 'python-requests/2.32.4', 'Accept-Encoding': 'gzip, deflate', 'accept': 'application/json', 'Connection': 'keep-alive', 'Content-Type': 'application/json', 'Content-Length': '58'} 
 body=b'{"mail": "sysadmin@qacoders.com", "password": "1234@Test"}' 
 </msg>
<msg time="2025-08-18T19:41:12.119902" level="INFO">POST Response : url=https://api-invictus.qacoders.dev.br/api/login 
 status=200, reason=OK 
 headers={'Access-Control-Allow-Origin': '*', 'Content-Length': '1334', 'Content-Type': 'application/json; charset=utf-8', 'Date': 'Mon, 18 Aug 2025 22:41:01 GMT', 'Etag': 'W/"536-NyLgg9pRh8xqxaj22X7Hu32fU30"', 'X-Powered-By': 'Express'} 
 body={"msg":"Olá Qa-Coders-SYSADMIN, autenticação autorizada com sucesso!","user":{"_id":"689cd9ac715d88a4297cebed","fullName":"Qa-Coders-SYSADMIN","mail":"sysadmin@qacoders.com","password":"$2b$10$LY8JLNopE0TPJoieGwNjNeUlqaKO9QDTOCv81mOmAoJfzMExVeRIK","accessProfile":"SYSADMIN","cpf":"11111111111","status":true,"audit":[{"registeredBy":{"userId":"111111111111111111","userLogin":"sysadmin@qacoders.com"},"registrationDate":"quarta-feira, 13/08/2025, 15:30:03 BRT","registrationNumber":"01","companyId":"Qa.Coders","_id":"689cd9ac715d88a4297cebee"}],"__v":0},"token":"eyJhbGciOiJIUzI1NiIsInR5cCI6IkpXVCJ9.eyJfaWQiOiI2ODljZDlhYzcxNWQ4OGE0Mjk3Y2ViZWQiLCJmdWxsTmFtZSI6IlFhLUNvZGVycy1TWVNBRE1JTiIsIm1haWwiOiJzeXNhZG1pbkBxYWNvZGVycy5jb20iLCJwYXNzd29yZCI6IiQyYiQxMCRMWThKTE5vcEUwVFBKb2llR3dOak5lVWxxYUtPOVFEVE9DdjgxbU9tQW9KZnpNRXhWZVJJSyIsImFjY2Vzc1Byb2ZpbGUiOiJTWVNBRE1JTiIsImNwZiI6IjExMTExMTExMTExIiwic3RhdHVzIjp0cnVlLCJhdWRpdCI6W3sicmVnaXN0ZXJlZEJ5Ijp7InVzZXJJZCI6IjExMTExMTExMTExMTExMTExMSIsInVzZXJMb2dpbiI6InN5c2FkbWluQHFhY29kZXJzLmNvbSJ9LCJyZWdpc3RyYXRpb25EYXRlIjoicXVhcnRhLWZlaXJhLCAxMy8wOC8yMDI1LCAxNTozMDowMyBCUlQiLCJyZWdpc3RyYXRpb25OdW1iZXIiOiIwMSIsImNvbXBhbnlJZCI6IlFhLkNvZGVycyIsIl9pZCI6IjY4OWNkOWFjNzE1ZDg4YTQyOTdjZWJlZSJ9XSwiX192IjowLCJpYXQiOjE3NTU1NTY4NjIsImV4cCI6MTc1NTY0MzI2Mn0.Eci7oS_NbrlcOzQcz78e7yCQ_wxK8FBqwbd3TbU5mq0"} 
 </msg>
<msg time="2025-08-18T19:41:12.120092" level="INFO">${resposta} = &lt;Response [200]&gt;</msg>
<var>${resposta}</var>
<arg>alias=develop</arg>
<arg>url=/login</arg>
<arg>json=${body}</arg>
<doc>Sends a POST request on a previously created HTTP Session.</doc>
<status status="PASS" start="2025-08-18T19:41:11.329362" elapsed="0.790769"/>
</kw>
<kw name="Status Should Be" owner="RequestsLibrary">
<arg>200</arg>
<arg>${resposta}</arg>
<doc>Fails if response status code is different than the expected.</doc>
<status status="PASS" start="2025-08-18T19:41:12.120281" elapsed="0.000274"/>
</kw>
<kw name="Set Suite Variable" owner="BuiltIn">
<msg time="2025-08-18T19:41:12.121176" level="INFO">${TOKEN} = eyJhbGciOiJIUzI1NiIsInR5cCI6IkpXVCJ9.eyJfaWQiOiI2ODljZDlhYzcxNWQ4OGE0Mjk3Y2ViZWQiLCJmdWxsTmFtZSI6IlFhLUNvZGVycy1TWVNBRE1JTiIsIm1haWwiOiJzeXNhZG1pbkBxYWNvZGVycy5jb20iLCJwYXNzd29yZCI6IiQyYiQxMCRMWThKTE5...</msg>
<arg>${TOKEN}</arg>
<arg>${resposta.json()["token"]}</arg>
<doc>Makes a variable available everywhere within the scope of the current suite.</doc>
<status status="PASS" start="2025-08-18T19:41:12.120752" elapsed="0.000466"/>
</kw>
<return>
<value>${resposta.json()["token"]}</value>
<status status="PASS" start="2025-08-18T19:41:12.121266" elapsed="0.000036"/>
</return>
<msg time="2025-08-18T19:41:12.121579" level="INFO">${TOKEN} = eyJhbGciOiJIUzI1NiIsInR5cCI6IkpXVCJ9.eyJfaWQiOiI2ODljZDlhYzcxNWQ4OGE0Mjk3Y2ViZWQiLCJmdWxsTmFtZSI6IlFhLUNvZGVycy1TWVNBRE1JTiIsIm1haWwiOiJzeXNhZG1pbkBxYWNvZGVycy5jb20iLCJwYXNzd29yZCI6IiQyYiQxMCRMWThKTE5...</msg>
<var>${TOKEN}</var>
<status status="PASS" start="2025-08-18T19:41:11.327596" elapsed="0.794004"/>
</kw>
<kw name="Create Dictionary" owner="BuiltIn">
<msg time="2025-08-18T19:41:12.121832" level="INFO">${headers} = {'accept': 'application/json', 'Content-Type': 'application/json', 'Authorization': 'eyJhbGciOiJIUzI1NiIsInR5cCI6IkpXVCJ9.eyJfaWQiOiI2ODljZDlhYzcxNWQ4OGE0Mjk3Y2ViZWQiLCJmdWxsTmFtZSI6IlFhLUNvZGVycy1TWV...</msg>
<var>${headers}</var>
<arg>accept=application/json</arg>
<arg>Content-Type=application/json</arg>
<arg>Authorization=${TOKEN}</arg>
<doc>Creates and returns a dictionary based on the given ``items``.</doc>
<status status="PASS" start="2025-08-18T19:41:12.121690" elapsed="0.000162"/>
</kw>
<kw name="Create Session" owner="RequestsLibrary">
<msg time="2025-08-18T19:41:12.122063" level="INFO">Creating Session using : alias=develop, url=https://api-invictus.qacoders.dev.br/api/, headers={'accept': 'application/json', 'Content-Type': 'application/json', 'Authorization': 'eyJhbGciOiJIUzI1NiIsInR5cCI6IkpXVCJ9.eyJfaWQiOiI2ODljZDlhYzcxNWQ4OGE0Mjk3Y2ViZWQiLCJmdWxsTmFtZSI6IlFhLUNvZGVycy1TWVNBRE1JTiIsIm1haWwiOiJzeXNhZG1pbkBxYWNvZGVycy5jb20iLCJwYXNzd29yZCI6IiQyYiQxMCRMWThKTE5vcEUwVFBKb2llR3dOak5lVWxxYUtPOVFEVE9DdjgxbU9tQW9KZnpNRXhWZVJJSyIsImFjY2Vzc1Byb2ZpbGUiOiJTWVNBRE1JTiIsImNwZiI6IjExMTExMTExMTExIiwic3RhdHVzIjp0cnVlLCJhdWRpdCI6W3sicmVnaXN0ZXJlZEJ5Ijp7InVzZXJJZCI6IjExMTExMTExMTExMTExMTExMSIsInVzZXJMb2dpbiI6InN5c2FkbWluQHFhY29kZXJzLmNvbSJ9LCJyZWdpc3RyYXRpb25EYXRlIjoicXVhcnRhLWZlaXJhLCAxMy8wOC8yMDI1LCAxNTozMDowMyBCUlQiLCJyZWdpc3RyYXRpb25OdW1iZXIiOiIwMSIsImNvbXBhbnlJZCI6IlFhLkNvZGVycyIsIl9pZCI6IjY4OWNkOWFjNzE1ZDg4YTQyOTdjZWJlZSJ9XSwiX192IjowLCJpYXQiOjE3NTU1NTY4NjIsImV4cCI6MTc1NTY0MzI2Mn0.Eci7oS_NbrlcOzQcz78e7yCQ_wxK8FBqwbd3TbU5mq0'},                     cookies={}, auth=None, timeout=None, proxies=None, verify=True,                     debug=0 </msg>
<arg>alias=develop</arg>
<arg>url=${baseURL}</arg>
<arg>headers=${headers}</arg>
<arg>verify=true</arg>
<doc>Create Session: create a HTTP session to a server</doc>
<status status="PASS" start="2025-08-18T19:41:12.121922" elapsed="0.000268"/>
</kw>
<kw name="Criar Company" owner="company">
<kw name="Generate Random String" owner="String">
<msg time="2025-08-18T19:41:12.122667" level="INFO">${nome1_raw} = enxkdh</msg>
<var>${nome1_raw}</var>
<arg>length=6</arg>
<arg>chars=[LOWER]</arg>
<doc>Generates a string with a desired ``length`` from the given ``chars``.</doc>
<status status="PASS" start="2025-08-18T19:41:12.122509" elapsed="0.000177"/>
</kw>
<kw name="Convert To Title Case" owner="String">
<msg time="2025-08-18T19:41:12.122871" level="INFO">${nome1} = Enxkdh</msg>
<var>${nome1}</var>
<arg>${nome1_raw}</arg>
<doc>Converts string to title case.</doc>
<status status="PASS" start="2025-08-18T19:41:12.122757" elapsed="0.000132"/>
</kw>
<kw name="Generate Random String" owner="String">
<msg time="2025-08-18T19:41:12.123099" level="INFO">${nome2_raw} = kkgslabx</msg>
<var>${nome2_raw}</var>
<arg>length=8</arg>
<arg>chars=[LOWER]</arg>
<doc>Generates a string with a desired ``length`` from the given ``chars``.</doc>
<status status="PASS" start="2025-08-18T19:41:12.122955" elapsed="0.000162"/>
</kw>
<kw name="Convert To Title Case" owner="String">
<msg time="2025-08-18T19:41:12.123272" level="INFO">${nome2} = Kkgslabx</msg>
<var>${nome2}</var>
<arg>${nome2_raw}</arg>
<doc>Converts string to title case.</doc>
<status status="PASS" start="2025-08-18T19:41:12.123185" elapsed="0.000102"/>
</kw>
<kw name="Set Variable" owner="BuiltIn">
<msg time="2025-08-18T19:41:12.123505" level="INFO">${responsavel} = Enxkdh Kkgslabx</msg>
<var>${responsavel}</var>
<arg>${nome1} ${nome2}</arg>
<doc>Returns the given values which can then be assigned to a variables.</doc>
<status status="PASS" start="2025-08-18T19:41:12.123348" elapsed="0.000180"/>
</kw>
<kw name="Should Match Regexp" owner="BuiltIn">
<arg>${responsavel}</arg>
<arg>^[A-Z][a-z]+ [A-Z][a-z]+$</arg>
<doc>Fails if ``string`` does not match ``pattern`` as a regular expression.</doc>
<status status="PASS" start="2025-08-18T19:41:12.123593" elapsed="0.000148"/>
</kw>
<kw name="Generate Random String" owner="String">
<msg time="2025-08-18T19:41:12.123996" level="INFO">${telefone_aleatorio} = 571938725</msg>
<var>${telefone_aleatorio}</var>
<arg>length=9</arg>
<arg>chars=[NUMBERS]</arg>
<doc>Generates a string with a desired ``length`` from the given ``chars``.</doc>
<status status="PASS" start="2025-08-18T19:41:12.123856" elapsed="0.000170"/>
</kw>
<kw name="Set Variable" owner="BuiltIn">
<msg time="2025-08-18T19:41:12.124328" level="INFO">${telefone_random} = 5511571938725</msg>
<var>${telefone_random}</var>
<arg>5511${telefone_aleatorio}</arg>
<doc>Returns the given values which can then be assigned to a variables.</doc>
<status status="PASS" start="2025-08-18T19:41:12.124228" elapsed="0.000117"/>
</kw>
<kw name="Evaluate" owner="BuiltIn">
<msg time="2025-08-18T19:41:12.124611" level="INFO">${numero_random} = 9589</msg>
<var>${numero_random}</var>
<arg>random.randint(1, 9999)</arg>
<arg>modules=random</arg>
<doc>Evaluates the given expression in Python and returns the result.</doc>
<status status="PASS" start="2025-08-18T19:41:12.124417" elapsed="0.000215"/>
</kw>
<kw name="Evaluate" owner="BuiltIn">
<msg time="2025-08-18T19:41:12.124826" level="INFO">${cep_random} = 12345678</msg>
<var>${cep_random}</var>
<arg>random.choice(["04777001", "01001000", "12345678"])</arg>
<arg>modules=random</arg>
<doc>Evaluates the given expression in Python and returns the result.</doc>
<status status="PASS" start="2025-08-18T19:41:12.124703" elapsed="0.000139"/>
</kw>
<kw name="Evaluate" owner="BuiltIn">
<msg time="2025-08-18T19:41:12.125074" level="INFO">${cidade_random} = Curitiba</msg>
<var>${cidade_random}</var>
<arg>random.choice(["São Paulo", "Rio de Janeiro", "Curitiba"])</arg>
<arg>modules=random</arg>
<doc>Evaluates the given expression in Python and returns the result.</doc>
<status status="PASS" start="2025-08-18T19:41:12.124905" elapsed="0.000187"/>
</kw>
<kw name="Evaluate" owner="BuiltIn">
<msg time="2025-08-18T19:41:12.125287" level="INFO">${estado_random} = SP</msg>
<var>${estado_random}</var>
<arg>random.choice(["SP", "RJ", "PR"])</arg>
<arg>modules=random</arg>
<doc>Evaluates the given expression in Python and returns the result.</doc>
<status status="PASS" start="2025-08-18T19:41:12.125160" elapsed="0.000143"/>
</kw>
<kw name="Generate Random String" owner="String">
<msg time="2025-08-18T19:41:12.125510" level="INFO">${bairro_random_raw} = ajylmwqz</msg>
<var>${bairro_random_raw}</var>
<arg>length=8</arg>
<arg>chars=[LOWER]</arg>
<doc>Generates a string with a desired ``length`` from the given ``chars``.</doc>
<status status="PASS" start="2025-08-18T19:41:12.125368" elapsed="0.000278"/>
</kw>
<kw name="Convert To Title Case" owner="String">
<msg time="2025-08-18T19:41:12.125850" level="INFO">${bairro_random} = Ajylmwqz</msg>
<var>${bairro_random}</var>
<arg>${bairro_random_raw}</arg>
<doc>Converts string to title case.</doc>
<status status="PASS" start="2025-08-18T19:41:12.125736" elapsed="0.000131"/>
</kw>
<kw name="Generate Random String" owner="String">
<msg time="2025-08-18T19:41:12.126066" level="INFO">${rua_random_raw} = lxnyeddxyysv</msg>
<var>${rua_random_raw}</var>
<arg>length=12</arg>
<arg>chars=[LOWER]</arg>
<doc>Generates a string with a desired ``length`` from the given ``chars``.</doc>
<status status="PASS" start="2025-08-18T19:41:12.125933" elapsed="0.000150"/>
</kw>
<kw name="Convert To Title Case" owner="String">
<msg time="2025-08-18T19:41:12.126242" level="INFO">${rua_random} = Lxnyeddxyysv</msg>
<var>${rua_random}</var>
<arg>${rua_random_raw}</arg>
<doc>Converts string to title case.</doc>
<status status="PASS" start="2025-08-18T19:41:12.126150" elapsed="0.000109"/>
</kw>
<kw name="Evaluate" owner="BuiltIn">
<msg time="2025-08-18T19:41:12.126446" level="INFO">${complemento_numero} = 414</msg>
<var>${complemento_numero}</var>
<arg>random.randint(1, 500)</arg>
<arg>modules=random</arg>
<doc>Evaluates the given expression in Python and returns the result.</doc>
<status status="PASS" start="2025-08-18T19:41:12.126321" elapsed="0.000142"/>
</kw>
<kw name="Set Variable" owner="BuiltIn">
<msg time="2025-08-18T19:41:12.126632" level="INFO">${complemento_random} = Apt 414</msg>
<var>${complemento_random}</var>
<arg>Apt ${complemento_numero}</arg>
<doc>Returns the given values which can then be assigned to a variables.</doc>
<status status="PASS" start="2025-08-18T19:41:12.126527" elapsed="0.000123"/>
</kw>
<kw name="Create Dictionary" owner="BuiltIn">
<msg time="2025-08-18T19:41:12.127460" level="INFO">${body} = {'corporateName': 'Empresa Enxkdh', 'registerCompany': '12345678000199', 'mail': 'testenxkdh@teste.com', 'matriz': 'Matriz Enxkdh', 'responsibleContact': 'Enxkdh Kkgslabx', 'telephone': '5511571938725...</msg>
<var>${body}</var>
<arg>corporateName=Empresa ${nome1}</arg>
<arg>registerCompany=12345678000199</arg>
<arg>mail=test${nome1.lower()}@teste.com</arg>
<arg>matriz=Matriz ${nome1}</arg>
<arg>responsibleContact=${responsavel}</arg>
<arg>telephone=${telefone_random}</arg>
<arg>serviceDescription=Serviço de ${nome1}</arg>
<arg>address=@{EMPTY}</arg>
<doc>Creates and returns a dictionary based on the given ``items``.</doc>
<status status="PASS" start="2025-08-18T19:41:12.126719" elapsed="0.000764"/>
</kw>
<kw name="Create Dictionary" owner="BuiltIn">
<msg time="2025-08-18T19:41:12.127865" level="INFO">${endereco} = {'zipCode': '12345678', 'city': 'Curitiba', 'state': 'SP', 'district': 'Ajylmwqz', 'street': 'Lxnyeddxyysv', 'number': 9589, 'complement': 'Apt 414', 'country': 'Brasil'}</msg>
<var>${endereco}</var>
<arg>zipCode=${cep_random}</arg>
<arg>city=${cidade_random}</arg>
<arg>state=${estado_random}</arg>
<arg>district=${bairro_random}</arg>
<arg>street=${rua_random}</arg>
<arg>number=${numero_random}</arg>
<arg>complement=${complemento_random}</arg>
<arg>country=Brasil</arg>
<doc>Creates and returns a dictionary based on the given ``items``.</doc>
<status status="PASS" start="2025-08-18T19:41:12.127569" elapsed="0.000317"/>
</kw>
<kw name="Append To List" owner="Collections">
<arg>${body["address"]}</arg>
<arg>${endereco}</arg>
<doc>Adds ``values`` to the end of ``list``.</doc>
<status status="PASS" start="2025-08-18T19:41:12.127968" elapsed="0.000307"/>
</kw>
<return>
<value>${body}</value>
<status status="PASS" start="2025-08-18T19:41:12.128318" elapsed="0.000034"/>
</return>
<msg time="2025-08-18T19:41:12.128450" level="INFO">${body} = {'corporateName': 'Empresa Enxkdh', 'registerCompany': '12345678000199', 'mail': 'testenxkdh@teste.com', 'matriz': 'Matriz Enxkdh', 'responsibleContact': 'Enxkdh Kkgslabx', 'telephone': '5511571938725...</msg>
<var>${body}</var>
<status status="PASS" start="2025-08-18T19:41:12.122357" elapsed="0.006110"/>
</kw>
<kw name="Remove From Dictionary" owner="Collections">
<msg time="2025-08-18T19:41:12.128613" level="INFO">Removed item with key 'corporateName' and value 'Empresa Enxkdh'.</msg>
<arg>${body}</arg>
<arg>corporateName</arg>
<doc>Removes the given ``keys`` from the ``dictionary``.</doc>
<status status="PASS" start="2025-08-18T19:41:12.128530" elapsed="0.000118"/>
</kw>
<kw name="POST On Session" owner="RequestsLibrary">
<msg time="2025-08-18T19:41:12.222585" level="INFO">POST Request : url=https://api-invictus.qacoders.dev.br/api/company 
 path_url=/api/company 
 headers={'User-Agent': 'python-requests/2.32.4', 'Accept-Encoding': 'gzip, deflate', 'accept': 'application/json', 'Connection': 'keep-alive', 'Content-Type': 'application/json', 'Authorization': 'eyJhbGciOiJIUzI1NiIsInR5cCI6IkpXVCJ9.eyJfaWQiOiI2ODljZDlhYzcxNWQ4OGE0Mjk3Y2ViZWQiLCJmdWxsTmFtZSI6IlFhLUNvZGVycy1TWVNBRE1JTiIsIm1haWwiOiJzeXNhZG1pbkBxYWNvZGVycy5jb20iLCJwYXNzd29yZCI6IiQyYiQxMCRMWThKTE5vcEUwVFBKb2llR3dOak5lVWxxYUtPOVFEVE9DdjgxbU9tQW9KZnpNRXhWZVJJSyIsImFjY2Vzc1Byb2ZpbGUiOiJTWVNBRE1JTiIsImNwZiI6IjExMTExMTExMTExIiwic3RhdHVzIjp0cnVlLCJhdWRpdCI6W3sicmVnaXN0ZXJlZEJ5Ijp7InVzZXJJZCI6IjExMTExMTExMTExMTExMTExMSIsInVzZXJMb2dpbiI6InN5c2FkbWluQHFhY29kZXJzLmNvbSJ9LCJyZWdpc3RyYXRpb25EYXRlIjoicXVhcnRhLWZlaXJhLCAxMy8wOC8yMDI1LCAxNTozMDowMyBCUlQiLCJyZWdpc3RyYXRpb25OdW1iZXIiOiIwMSIsImNvbXBhbnlJZCI6IlFhLkNvZGVycyIsIl9pZCI6IjY4OWNkOWFjNzE1ZDg4YTQyOTdjZWJlZSJ9XSwiX192IjowLCJpYXQiOjE3NTU1NTY4NjIsImV4cCI6MTc1NTY0MzI2Mn0.Eci7oS_NbrlcOzQcz78e7yCQ_wxK8FBqwbd3TbU5mq0', 'Content-Length': '400'} 
 body=b'{"registerCompany": "12345678000199", "mail": "testenxkdh@teste.com", "matriz": "Matriz Enxkdh", "responsibleContact": "Enxkdh Kkgslabx", "telephone": "5511571938725", "serviceDescription": "Servi\\u00e7o de Enxkdh", "address": [{"zipCode": "12345678", "city": "Curitiba", "state": "SP", "district": "Ajylmwqz", "street": "Lxnyeddxyysv", "number": 9589, "complement": "Apt 414", "country": "Brasil"}]}' 
 </msg>
<msg time="2025-08-18T19:41:12.222665" level="INFO">POST Response : url=https://api-invictus.qacoders.dev.br/api/company 
 status=400, reason=Bad Request 
 headers={'Access-Control-Allow-Origin': '*', 'Content-Length': '72', 'Content-Type': 'application/json; charset=utf-8', 'Date': 'Mon, 18 Aug 2025 22:41:02 GMT', 'Etag': 'W/"48-fTbYdh3K7lAeVrzxed8ScvU7hYo"', 'X-Powered-By': 'Express'} 
 body={"error":["O campo telefone deve conter um número válido do Brasil."]} 
 </msg>
<msg time="2025-08-18T19:41:12.222772" level="INFO">${resposta} = &lt;Response [400]&gt;</msg>
<var>${resposta}</var>
<arg>alias=develop</arg>
<arg>url=/company</arg>
<arg>json=${body}</arg>
<arg>expected_status=400</arg>
<doc>Sends a POST request on a previously created HTTP Session.</doc>
<status status="PASS" start="2025-08-18T19:41:12.128771" elapsed="0.094020"/>
</kw>
<kw name="Log" owner="BuiltIn">
<msg time="2025-08-18T19:41:12.223261" level="INFO">{'error': ['O campo telefone deve conter um número válido do Brasil.']}</msg>
<arg>${resposta.json()}</arg>
<doc>Logs the given message with the given level.</doc>
<status status="PASS" start="2025-08-18T19:41:12.222921" elapsed="0.000377"/>
</kw>
<return>
<value>${resposta.json()}</value>
<status status="PASS" start="2025-08-18T19:41:12.223345" elapsed="0.000037"/>
</return>
<msg time="2025-08-18T19:41:12.223645" level="INFO">${resposta} = {'error': ['O campo telefone deve conter um número válido do Brasil.']}</msg>
<var>${resposta}</var>
<status status="PASS" start="2025-08-18T19:41:11.327275" elapsed="0.896389"/>
</kw>
<kw name="Should Be Equal As Strings" owner="BuiltIn">
<msg time="2025-08-18T19:41:12.224586" level="FAIL">O campo telefone deve conter um número válido do Brasil. != O campo 'Nome da empresa' é obrigatório.</msg>
<arg>${resposta["error"][0]}</arg>
<arg>O campo 'Nome da empresa' é obrigatório.</arg>
<doc>Fails if objects are unequal after converting them to strings.</doc>
<status status="FAIL" start="2025-08-18T19:41:12.224136" elapsed="0.000583">O campo telefone deve conter um número válido do Brasil. != O campo 'Nome da empresa' é obrigatório.</status>
</kw>
<status status="FAIL" start="2025-08-18T19:41:11.326298" elapsed="0.898892">O campo telefone deve conter um número válido do Brasil. != O campo 'Nome da empresa' é obrigatório.</status>
</test>
<test id="s1-t3" name="Cadastrar Company Nome Maior Que 100 Caracteres" line="15">
<kw name="Cadastrar Company Nome Maior Que 100 Caracteres" owner="company">
<kw name="Login com sysadmin" owner="login">
<kw name="Create Dictionary" owner="BuiltIn">
<msg time="2025-08-18T19:41:12.227622" level="INFO">${body} = {'mail': 'sysadmin@qacoders.com', 'password': '1234@Test'}</msg>
<var>${body}</var>
<arg>mail=sysadmin@qacoders.com</arg>
<arg>password=1234@Test</arg>
<doc>Creates and returns a dictionary based on the given ``items``.</doc>
<status status="PASS" start="2025-08-18T19:41:12.227495" elapsed="0.000148"/>
</kw>
<kw name="Criar Sessão" owner="login">
<kw name="Create Dictionary" owner="BuiltIn">
<msg time="2025-08-18T19:41:12.227960" level="INFO">${headers} = {'accept': 'application/json', 'Content-Type': 'application/json'}</msg>
<var>${headers}</var>
<arg>accept=application/json</arg>
<arg>Content-Type=application/json</arg>
<doc>Creates and returns a dictionary based on the given ``items``.</doc>
<status status="PASS" start="2025-08-18T19:41:12.227861" elapsed="0.000118"/>
</kw>
<kw name="Create Session" owner="RequestsLibrary">
<msg time="2025-08-18T19:41:12.228205" level="INFO">Creating Session using : alias=develop, url=https://api-invictus.qacoders.dev.br/api/, headers={'accept': 'application/json', 'Content-Type': 'application/json'},                     cookies={}, auth=None, timeout=None, proxies=None, verify=True,                     debug=0 </msg>
<arg>alias=develop</arg>
<arg>url=${baseURL}</arg>
<arg>headers=${headers}</arg>
<arg>verify=true</arg>
<doc>Create Session: create a HTTP session to a server</doc>
<status status="PASS" start="2025-08-18T19:41:12.228050" elapsed="0.000259"/>
</kw>
<status status="PASS" start="2025-08-18T19:41:12.227732" elapsed="0.000628"/>
</kw>
<kw name="POST On Session" owner="RequestsLibrary">
<msg time="2025-08-18T19:41:13.018534" level="INFO">POST Request : url=https://api-invictus.qacoders.dev.br/api/login 
 path_url=/api/login 
 headers={'User-Agent': 'python-requests/2.32.4', 'Accept-Encoding': 'gzip, deflate', 'accept': 'application/json', 'Connection': 'keep-alive', 'Content-Type': 'application/json', 'Content-Length': '58'} 
 body=b'{"mail": "sysadmin@qacoders.com", "password": "1234@Test"}' 
 </msg>
<msg time="2025-08-18T19:41:13.018628" level="INFO">POST Response : url=https://api-invictus.qacoders.dev.br/api/login 
 status=200, reason=OK 
 headers={'Access-Control-Allow-Origin': '*', 'Content-Length': '1334', 'Content-Type': 'application/json; charset=utf-8', 'Date': 'Mon, 18 Aug 2025 22:41:02 GMT', 'Etag': 'W/"536-1zoSVkIuRgcvaWtCjhwqhRdv5mc"', 'X-Powered-By': 'Express'} 
 body={"msg":"Olá Qa-Coders-SYSADMIN, autenticação autorizada com sucesso!","user":{"_id":"689cd9ac715d88a4297cebed","fullName":"Qa-Coders-SYSADMIN","mail":"sysadmin@qacoders.com","password":"$2b$10$LY8JLNopE0TPJoieGwNjNeUlqaKO9QDTOCv81mOmAoJfzMExVeRIK","accessProfile":"SYSADMIN","cpf":"11111111111","status":true,"audit":[{"registeredBy":{"userId":"111111111111111111","userLogin":"sysadmin@qacoders.com"},"registrationDate":"quarta-feira, 13/08/2025, 15:30:03 BRT","registrationNumber":"01","companyId":"Qa.Coders","_id":"689cd9ac715d88a4297cebee"}],"__v":0},"token":"eyJhbGciOiJIUzI1NiIsInR5cCI6IkpXVCJ9.eyJfaWQiOiI2ODljZDlhYzcxNWQ4OGE0Mjk3Y2ViZWQiLCJmdWxsTmFtZSI6IlFhLUNvZGVycy1TWVNBRE1JTiIsIm1haWwiOiJzeXNhZG1pbkBxYWNvZGVycy5jb20iLCJwYXNzd29yZCI6IiQyYiQxMCRMWThKTE5vcEUwVFBKb2llR3dOak5lVWxxYUtPOVFEVE9DdjgxbU9tQW9KZnpNRXhWZVJJSyIsImFjY2Vzc1Byb2ZpbGUiOiJTWVNBRE1JTiIsImNwZiI6IjExMTExMTExMTExIiwic3RhdHVzIjp0cnVlLCJhdWRpdCI6W3sicmVnaXN0ZXJlZEJ5Ijp7InVzZXJJZCI6IjExMTExMTExMTExMTExMTExMSIsInVzZXJMb2dpbiI6InN5c2FkbWluQHFhY29kZXJzLmNvbSJ9LCJyZWdpc3RyYXRpb25EYXRlIjoicXVhcnRhLWZlaXJhLCAxMy8wOC8yMDI1LCAxNTozMDowMyBCUlQiLCJyZWdpc3RyYXRpb25OdW1iZXIiOiIwMSIsImNvbXBhbnlJZCI6IlFhLkNvZGVycyIsIl9pZCI6IjY4OWNkOWFjNzE1ZDg4YTQyOTdjZWJlZSJ9XSwiX192IjowLCJpYXQiOjE3NTU1NTY4NjMsImV4cCI6MTc1NTY0MzI2M30.pxgfwzkakKU2slQl9EFNUEMkd7ZglQjDDG8R9B3eeTw"} 
 </msg>
<msg time="2025-08-18T19:41:13.018758" level="INFO">${resposta} = &lt;Response [200]&gt;</msg>
<var>${resposta}</var>
<arg>alias=develop</arg>
<arg>url=/login</arg>
<arg>json=${body}</arg>
<doc>Sends a POST request on a previously created HTTP Session.</doc>
<status status="PASS" start="2025-08-18T19:41:12.228423" elapsed="0.790361"/>
</kw>
<kw name="Status Should Be" owner="RequestsLibrary">
<arg>200</arg>
<arg>${resposta}</arg>
<doc>Fails if response status code is different than the expected.</doc>
<status status="PASS" start="2025-08-18T19:41:13.018991" elapsed="0.000299"/>
</kw>
<kw name="Set Suite Variable" owner="BuiltIn">
<msg time="2025-08-18T19:41:13.019790" level="INFO">${TOKEN} = eyJhbGciOiJIUzI1NiIsInR5cCI6IkpXVCJ9.eyJfaWQiOiI2ODljZDlhYzcxNWQ4OGE0Mjk3Y2ViZWQiLCJmdWxsTmFtZSI6IlFhLUNvZGVycy1TWVNBRE1JTiIsIm1haWwiOiJzeXNhZG1pbkBxYWNvZGVycy5jb20iLCJwYXNzd29yZCI6IiQyYiQxMCRMWThKTE5...</msg>
<arg>${TOKEN}</arg>
<arg>${resposta.json()["token"]}</arg>
<doc>Makes a variable available everywhere within the scope of the current suite.</doc>
<status status="PASS" start="2025-08-18T19:41:13.019423" elapsed="0.000405"/>
</kw>
<return>
<value>${resposta.json()["token"]}</value>
<status status="PASS" start="2025-08-18T19:41:13.019872" elapsed="0.000035"/>
</return>
<msg time="2025-08-18T19:41:13.020194" level="INFO">${TOKEN} = eyJhbGciOiJIUzI1NiIsInR5cCI6IkpXVCJ9.eyJfaWQiOiI2ODljZDlhYzcxNWQ4OGE0Mjk3Y2ViZWQiLCJmdWxsTmFtZSI6IlFhLUNvZGVycy1TWVNBRE1JTiIsIm1haWwiOiJzeXNhZG1pbkBxYWNvZGVycy5jb20iLCJwYXNzd29yZCI6IiQyYiQxMCRMWThKTE5...</msg>
<var>${TOKEN}</var>
<status status="PASS" start="2025-08-18T19:41:12.227350" elapsed="0.792865"/>
</kw>
<kw name="Create Dictionary" owner="BuiltIn">
<msg time="2025-08-18T19:41:13.021376" level="INFO">${headers} = {'accept': 'application/json', 'Content-Type': 'application/json', 'Authorization': 'eyJhbGciOiJIUzI1NiIsInR5cCI6IkpXVCJ9.eyJfaWQiOiI2ODljZDlhYzcxNWQ4OGE0Mjk3Y2ViZWQiLCJmdWxsTmFtZSI6IlFhLUNvZGVycy1TWV...</msg>
<var>${headers}</var>
<arg>accept=application/json</arg>
<arg>Content-Type=application/json</arg>
<arg>Authorization=${TOKEN}</arg>
<doc>Creates and returns a dictionary based on the given ``items``.</doc>
<status status="PASS" start="2025-08-18T19:41:13.020304" elapsed="0.001107"/>
</kw>
<kw name="Create Session" owner="RequestsLibrary">
<msg time="2025-08-18T19:41:13.021699" level="INFO">Creating Session using : alias=develop, url=https://api-invictus.qacoders.dev.br/api/, headers={'accept': 'application/json', 'Content-Type': 'application/json', 'Authorization': 'eyJhbGciOiJIUzI1NiIsInR5cCI6IkpXVCJ9.eyJfaWQiOiI2ODljZDlhYzcxNWQ4OGE0Mjk3Y2ViZWQiLCJmdWxsTmFtZSI6IlFhLUNvZGVycy1TWVNBRE1JTiIsIm1haWwiOiJzeXNhZG1pbkBxYWNvZGVycy5jb20iLCJwYXNzd29yZCI6IiQyYiQxMCRMWThKTE5vcEUwVFBKb2llR3dOak5lVWxxYUtPOVFEVE9DdjgxbU9tQW9KZnpNRXhWZVJJSyIsImFjY2Vzc1Byb2ZpbGUiOiJTWVNBRE1JTiIsImNwZiI6IjExMTExMTExMTExIiwic3RhdHVzIjp0cnVlLCJhdWRpdCI6W3sicmVnaXN0ZXJlZEJ5Ijp7InVzZXJJZCI6IjExMTExMTExMTExMTExMTExMSIsInVzZXJMb2dpbiI6InN5c2FkbWluQHFhY29kZXJzLmNvbSJ9LCJyZWdpc3RyYXRpb25EYXRlIjoicXVhcnRhLWZlaXJhLCAxMy8wOC8yMDI1LCAxNTozMDowMyBCUlQiLCJyZWdpc3RyYXRpb25OdW1iZXIiOiIwMSIsImNvbXBhbnlJZCI6IlFhLkNvZGVycyIsIl9pZCI6IjY4OWNkOWFjNzE1ZDg4YTQyOTdjZWJlZSJ9XSwiX192IjowLCJpYXQiOjE3NTU1NTY4NjMsImV4cCI6MTc1NTY0MzI2M30.pxgfwzkakKU2slQl9EFNUEMkd7ZglQjDDG8R9B3eeTw'},                     cookies={}, auth=None, timeout=None, proxies=None, verify=True,                     debug=0 </msg>
<arg>alias=develop</arg>
<arg>url=${baseURL}</arg>
<arg>headers=${headers}</arg>
<arg>verify=true</arg>
<doc>Create Session: create a HTTP session to a server</doc>
<status status="PASS" start="2025-08-18T19:41:13.021520" elapsed="0.000314"/>
</kw>
<kw name="Criar Company" owner="company">
<kw name="Generate Random String" owner="String">
<msg time="2025-08-18T19:41:13.022546" level="INFO">${nome1_raw} = kbinwz</msg>
<var>${nome1_raw}</var>
<arg>length=6</arg>
<arg>chars=[LOWER]</arg>
<doc>Generates a string with a desired ``length`` from the given ``chars``.</doc>
<status status="PASS" start="2025-08-18T19:41:13.022377" elapsed="0.000189"/>
</kw>
<kw name="Convert To Title Case" owner="String">
<msg time="2025-08-18T19:41:13.022749" level="INFO">${nome1} = Kbinwz</msg>
<var>${nome1}</var>
<arg>${nome1_raw}</arg>
<doc>Converts string to title case.</doc>
<status status="PASS" start="2025-08-18T19:41:13.022644" elapsed="0.000121"/>
</kw>
<kw name="Generate Random String" owner="String">
<msg time="2025-08-18T19:41:13.022963" level="INFO">${nome2_raw} = npdofyim</msg>
<var>${nome2_raw}</var>
<arg>length=8</arg>
<arg>chars=[LOWER]</arg>
<doc>Generates a string with a desired ``length`` from the given ``chars``.</doc>
<status status="PASS" start="2025-08-18T19:41:13.022833" elapsed="0.000144"/>
</kw>
<kw name="Convert To Title Case" owner="String">
<msg time="2025-08-18T19:41:13.023121" level="INFO">${nome2} = Npdofyim</msg>
<var>${nome2}</var>
<arg>${nome2_raw}</arg>
<doc>Converts string to title case.</doc>
<status status="PASS" start="2025-08-18T19:41:13.023037" elapsed="0.000098"/>
</kw>
<kw name="Set Variable" owner="BuiltIn">
<msg time="2025-08-18T19:41:13.023279" level="INFO">${responsavel} = Kbinwz Npdofyim</msg>
<var>${responsavel}</var>
<arg>${nome1} ${nome2}</arg>
<doc>Returns the given values which can then be assigned to a variables.</doc>
<status status="PASS" start="2025-08-18T19:41:13.023191" elapsed="0.000102"/>
</kw>
<kw name="Should Match Regexp" owner="BuiltIn">
<arg>${responsavel}</arg>
<arg>^[A-Z][a-z]+ [A-Z][a-z]+$</arg>
<doc>Fails if ``string`` does not match ``pattern`` as a regular expression.</doc>
<status status="PASS" start="2025-08-18T19:41:13.023346" elapsed="0.000071"/>
</kw>
<kw name="Generate Random String" owner="String">
<msg time="2025-08-18T19:41:13.023592" level="INFO">${telefone_aleatorio} = 868020139</msg>
<var>${telefone_aleatorio}</var>
<arg>length=9</arg>
<arg>chars=[NUMBERS]</arg>
<doc>Generates a string with a desired ``length`` from the given ``chars``.</doc>
<status status="PASS" start="2025-08-18T19:41:13.023474" elapsed="0.000134"/>
</kw>
<kw name="Set Variable" owner="BuiltIn">
<msg time="2025-08-18T19:41:13.023755" level="INFO">${telefone_random} = 5511868020139</msg>
<var>${telefone_random}</var>
<arg>5511${telefone_aleatorio}</arg>
<doc>Returns the given values which can then be assigned to a variables.</doc>
<status status="PASS" start="2025-08-18T19:41:13.023665" elapsed="0.000104"/>
</kw>
<kw name="Evaluate" owner="BuiltIn">
<msg time="2025-08-18T19:41:13.023976" level="INFO">${numero_random} = 5858</msg>
<var>${numero_random}</var>
<arg>random.randint(1, 9999)</arg>
<arg>modules=random</arg>
<doc>Evaluates the given expression in Python and returns the result.</doc>
<status status="PASS" start="2025-08-18T19:41:13.023831" elapsed="0.000160"/>
</kw>
<kw name="Evaluate" owner="BuiltIn">
<msg time="2025-08-18T19:41:13.024261" level="INFO">${cep_random} = 04777001</msg>
<var>${cep_random}</var>
<arg>random.choice(["04777001", "01001000", "12345678"])</arg>
<arg>modules=random</arg>
<doc>Evaluates the given expression in Python and returns the result.</doc>
<status status="PASS" start="2025-08-18T19:41:13.024048" elapsed="0.000231"/>
</kw>
<kw name="Evaluate" owner="BuiltIn">
<msg time="2025-08-18T19:41:13.024465" level="INFO">${cidade_random} = São Paulo</msg>
<var>${cidade_random}</var>
<arg>random.choice(["São Paulo", "Rio de Janeiro", "Curitiba"])</arg>
<arg>modules=random</arg>
<doc>Evaluates the given expression in Python and returns the result.</doc>
<status status="PASS" start="2025-08-18T19:41:13.024343" elapsed="0.000138"/>
</kw>
<kw name="Evaluate" owner="BuiltIn">
<msg time="2025-08-18T19:41:13.024656" level="INFO">${estado_random} = SP</msg>
<var>${estado_random}</var>
<arg>random.choice(["SP", "RJ", "PR"])</arg>
<arg>modules=random</arg>
<doc>Evaluates the given expression in Python and returns the result.</doc>
<status status="PASS" start="2025-08-18T19:41:13.024542" elapsed="0.000129"/>
</kw>
<kw name="Generate Random String" owner="String">
<msg time="2025-08-18T19:41:13.024849" level="INFO">${bairro_random_raw} = veqnrufm</msg>
<var>${bairro_random_raw}</var>
<arg>length=8</arg>
<arg>chars=[LOWER]</arg>
<doc>Generates a string with a desired ``length`` from the given ``chars``.</doc>
<status status="PASS" start="2025-08-18T19:41:13.024729" elapsed="0.000135"/>
</kw>
<kw name="Convert To Title Case" owner="String">
<msg time="2025-08-18T19:41:13.025005" level="INFO">${bairro_random} = Veqnrufm</msg>
<var>${bairro_random}</var>
<arg>${bairro_random_raw}</arg>
<doc>Converts string to title case.</doc>
<status status="PASS" start="2025-08-18T19:41:13.024920" elapsed="0.000100"/>
</kw>
<kw name="Generate Random String" owner="String">
<msg time="2025-08-18T19:41:13.025285" level="INFO">${rua_random_raw} = neelcvyjofgq</msg>
<var>${rua_random_raw}</var>
<arg>length=12</arg>
<arg>chars=[LOWER]</arg>
<doc>Generates a string with a desired ``length`` from the given ``chars``.</doc>
<status status="PASS" start="2025-08-18T19:41:13.025163" elapsed="0.000137"/>
</kw>
<kw name="Convert To Title Case" owner="String">
<msg time="2025-08-18T19:41:13.025451" level="INFO">${rua_random} = Neelcvyjofgq</msg>
<var>${rua_random}</var>
<arg>${rua_random_raw}</arg>
<doc>Converts string to title case.</doc>
<status status="PASS" start="2025-08-18T19:41:13.025364" elapsed="0.000101"/>
</kw>
<kw name="Evaluate" owner="BuiltIn">
<msg time="2025-08-18T19:41:13.025637" level="INFO">${complemento_numero} = 241</msg>
<var>${complemento_numero}</var>
<arg>random.randint(1, 500)</arg>
<arg>modules=random</arg>
<doc>Evaluates the given expression in Python and returns the result.</doc>
<status status="PASS" start="2025-08-18T19:41:13.025520" elapsed="0.000134"/>
</kw>
<kw name="Set Variable" owner="BuiltIn">
<msg time="2025-08-18T19:41:13.025810" level="INFO">${complemento_random} = Apt 241</msg>
<var>${complemento_random}</var>
<arg>Apt ${complemento_numero}</arg>
<doc>Returns the given values which can then be assigned to a variables.</doc>
<status status="PASS" start="2025-08-18T19:41:13.025721" elapsed="0.000103"/>
</kw>
<kw name="Create Dictionary" owner="BuiltIn">
<msg time="2025-08-18T19:41:13.026531" level="INFO">${body} = {'corporateName': 'Empresa Kbinwz', 'registerCompany': '12345678000199', 'mail': 'testkbinwz@teste.com', 'matriz': 'Matriz Kbinwz', 'responsibleContact': 'Kbinwz Npdofyim', 'telephone': '5511868020139...</msg>
<var>${body}</var>
<arg>corporateName=Empresa ${nome1}</arg>
<arg>registerCompany=12345678000199</arg>
<arg>mail=test${nome1.lower()}@teste.com</arg>
<arg>matriz=Matriz ${nome1}</arg>
<arg>responsibleContact=${responsavel}</arg>
<arg>telephone=${telefone_random}</arg>
<arg>serviceDescription=Serviço de ${nome1}</arg>
<arg>address=@{EMPTY}</arg>
<doc>Creates and returns a dictionary based on the given ``items``.</doc>
<status status="PASS" start="2025-08-18T19:41:13.025885" elapsed="0.000671"/>
</kw>
<kw name="Create Dictionary" owner="BuiltIn">
<msg time="2025-08-18T19:41:13.026908" level="INFO">${endereco} = {'zipCode': '04777001', 'city': 'São Paulo', 'state': 'SP', 'district': 'Veqnrufm', 'street': 'Neelcvyjofgq', 'number': 5858, 'complement': 'Apt 241', 'country': 'Brasil'}</msg>
<var>${endereco}</var>
<arg>zipCode=${cep_random}</arg>
<arg>city=${cidade_random}</arg>
<arg>state=${estado_random}</arg>
<arg>district=${bairro_random}</arg>
<arg>street=${rua_random}</arg>
<arg>number=${numero_random}</arg>
<arg>complement=${complemento_random}</arg>
<arg>country=Brasil</arg>
<doc>Creates and returns a dictionary based on the given ``items``.</doc>
<status status="PASS" start="2025-08-18T19:41:13.026650" elapsed="0.000276"/>
</kw>
<kw name="Append To List" owner="Collections">
<arg>${body["address"]}</arg>
<arg>${endereco}</arg>
<doc>Adds ``values`` to the end of ``list``.</doc>
<status status="PASS" start="2025-08-18T19:41:13.027045" elapsed="0.000432"/>
</kw>
<return>
<value>${body}</value>
<status status="PASS" start="2025-08-18T19:41:13.027524" elapsed="0.000031"/>
</return>
<msg time="2025-08-18T19:41:13.027644" level="INFO">${body} = {'corporateName': 'Empresa Kbinwz', 'registerCompany': '12345678000199', 'mail': 'testkbinwz@teste.com', 'matriz': 'Matriz Kbinwz', 'responsibleContact': 'Kbinwz Npdofyim', 'telephone': '5511868020139...</msg>
<var>${body}</var>
<status status="PASS" start="2025-08-18T19:41:13.022190" elapsed="0.005471"/>
</kw>
<kw name="Generate Random String" owner="String">
<msg time="2025-08-18T19:41:13.027889" level="INFO">${nome_long} = mEcCbslUbpMPGTBXwLbOGpnVniiInerVcONSAOPyekhbUqlxKxyBsgvxRGxRtHoWVfLynvoVYyPpcTFBuezNMPANJbqfZZjveExqa</msg>
<var>${nome_long}</var>
<arg>length=101</arg>
<arg>chars=[LETTERS]</arg>
<doc>Generates a string with a desired ``length`` from the given ``chars``.</doc>
<status status="PASS" start="2025-08-18T19:41:13.027732" elapsed="0.000174"/>
</kw>
<kw name="Set To Dictionary" owner="Collections">
<arg>${body}</arg>
<arg>corporateName=${nome_long}</arg>
<doc>Adds the given ``key_value_pairs`` and/or ``items`` to the ``dictionary``.</doc>
<status status="PASS" start="2025-08-18T19:41:13.027969" elapsed="0.000095"/>
</kw>
<kw name="POST On Session" owner="RequestsLibrary">
<msg time="2025-08-18T19:41:13.131482" level="INFO">POST Request : url=https://api-invictus.qacoders.dev.br/api/company 
 path_url=/api/company 
 headers={'User-Agent': 'python-requests/2.32.4', 'Accept-Encoding': 'gzip, deflate', 'accept': 'application/json', 'Connection': 'keep-alive', 'Content-Type': 'application/json', 'Authorization': 'eyJhbGciOiJIUzI1NiIsInR5cCI6IkpXVCJ9.eyJfaWQiOiI2ODljZDlhYzcxNWQ4OGE0Mjk3Y2ViZWQiLCJmdWxsTmFtZSI6IlFhLUNvZGVycy1TWVNBRE1JTiIsIm1haWwiOiJzeXNhZG1pbkBxYWNvZGVycy5jb20iLCJwYXNzd29yZCI6IiQyYiQxMCRMWThKTE5vcEUwVFBKb2llR3dOak5lVWxxYUtPOVFEVE9DdjgxbU9tQW9KZnpNRXhWZVJJSyIsImFjY2Vzc1Byb2ZpbGUiOiJTWVNBRE1JTiIsImNwZiI6IjExMTExMTExMTExIiwic3RhdHVzIjp0cnVlLCJhdWRpdCI6W3sicmVnaXN0ZXJlZEJ5Ijp7InVzZXJJZCI6IjExMTExMTExMTExMTExMTExMSIsInVzZXJMb2dpbiI6InN5c2FkbWluQHFhY29kZXJzLmNvbSJ9LCJyZWdpc3RyYXRpb25EYXRlIjoicXVhcnRhLWZlaXJhLCAxMy8wOC8yMDI1LCAxNTozMDowMyBCUlQiLCJyZWdpc3RyYXRpb25OdW1iZXIiOiIwMSIsImNvbXBhbnlJZCI6IlFhLkNvZGVycyIsIl9pZCI6IjY4OWNkOWFjNzE1ZDg4YTQyOTdjZWJlZSJ9XSwiX192IjowLCJpYXQiOjE3NTU1NTY4NjMsImV4cCI6MTc1NTY0MzI2M30.pxgfwzkakKU2slQl9EFNUEMkd7ZglQjDDG8R9B3eeTw', 'Content-Length': '528'} 
 body=b'{"corporateName": "mEcCbslUbpMPGTBXwLbOGpnVniiInerVcONSAOPyekhbUqlxKxyBsgvxRGxRtHoWVfLynvoVYyPpcTFBuezNMPANJbqfZZjveExqa", "registerCompany": "12345678000199", "mail": "testkbinwz@teste.com", "matriz": "Matriz Kbinwz", "responsibleContact": "Kbinwz Npdofyim", "telephone": "5511868020139", "serviceDescription": "Servi\\u00e7o de Kbinwz", "address": [{"zipCode": "04777001", "city": "S\\u00e3o Paulo", "state": "SP", "district": "Veqnrufm", "street": "Neelcvyjofgq", "number": 5858, "complement": "Apt 241", "country": "Brasil"}]}' 
 </msg>
<msg time="2025-08-18T19:41:13.131574" level="INFO">POST Response : url=https://api-invictus.qacoders.dev.br/api/company 
 status=400, reason=Bad Request 
 headers={'Access-Control-Allow-Origin': '*', 'Content-Length': '136', 'Content-Type': 'application/json; charset=utf-8', 'Date': 'Mon, 18 Aug 2025 22:41:03 GMT', 'Etag': 'W/"88-BumXQfVAr9SHlkfnaceqbBVKUKU"', 'X-Powered-By': 'Express'} 
 body={"error":["O campo 'Nome da empresa' deve ter no máximo 100 caracteres.","O campo telefone deve conter um número válido do Brasil."]} 
 </msg>
<msg time="2025-08-18T19:41:13.131682" level="INFO">${resposta} = &lt;Response [400]&gt;</msg>
<var>${resposta}</var>
<arg>alias=develop</arg>
<arg>url=/company</arg>
<arg>json=${body}</arg>
<arg>expected_status=400</arg>
<doc>Sends a POST request on a previously created HTTP Session.</doc>
<status status="PASS" start="2025-08-18T19:41:13.028123" elapsed="0.103578"/>
</kw>
<kw name="Log" owner="BuiltIn">
<msg time="2025-08-18T19:41:13.132181" level="INFO">{'error': ["O campo 'Nome da empresa' deve ter no máximo 100 caracteres.", 'O campo telefone deve conter um número válido do Brasil.']}</msg>
<arg>${resposta.json()}</arg>
<doc>Logs the given message with the given level.</doc>
<status status="PASS" start="2025-08-18T19:41:13.131838" elapsed="0.000375"/>
</kw>
<return>
<value>${resposta.json()}</value>
<status status="PASS" start="2025-08-18T19:41:13.132258" elapsed="0.000031"/>
</return>
<msg time="2025-08-18T19:41:13.132531" level="INFO">${resposta} = {'error': ["O campo 'Nome da empresa' deve ter no máximo 100 caracteres.", 'O campo telefone deve conter um número válido do Brasil.']}</msg>
<var>${resposta}</var>
<status status="PASS" start="2025-08-18T19:41:12.227006" elapsed="0.905544"/>
</kw>
<kw name="Should Be Equal As Strings" owner="BuiltIn">
<arg>${resposta["error"][0]}</arg>
<arg>O campo 'Nome da empresa' deve ter no máximo 100 caracteres.</arg>
<doc>Fails if objects are unequal after converting them to strings.</doc>
<status status="PASS" start="2025-08-18T19:41:13.133132" elapsed="0.000389"/>
</kw>
<status status="PASS" start="2025-08-18T19:41:12.226554" elapsed="0.907229"/>
</test>
<test id="s1-t4" name="Cadastrar Company Nome Alfanumerico" line="19">
<kw name="Cadastrar Company Nome Alfanumerico" owner="company">
<kw name="Login com sysadmin" owner="login">
<kw name="Create Dictionary" owner="BuiltIn">
<msg time="2025-08-18T19:41:13.136399" level="INFO">${body} = {'mail': 'sysadmin@qacoders.com', 'password': '1234@Test'}</msg>
<var>${body}</var>
<arg>mail=sysadmin@qacoders.com</arg>
<arg>password=1234@Test</arg>
<doc>Creates and returns a dictionary based on the given ``items``.</doc>
<status status="PASS" start="2025-08-18T19:41:13.136270" elapsed="0.000152"/>
</kw>
<kw name="Criar Sessão" owner="login">
<kw name="Create Dictionary" owner="BuiltIn">
<msg time="2025-08-18T19:41:13.136758" level="INFO">${headers} = {'accept': 'application/json', 'Content-Type': 'application/json'}</msg>
<var>${headers}</var>
<arg>accept=application/json</arg>
<arg>Content-Type=application/json</arg>
<doc>Creates and returns a dictionary based on the given ``items``.</doc>
<status status="PASS" start="2025-08-18T19:41:13.136658" elapsed="0.000120"/>
</kw>
<kw name="Create Session" owner="RequestsLibrary">
<msg time="2025-08-18T19:41:13.137008" level="INFO">Creating Session using : alias=develop, url=https://api-invictus.qacoders.dev.br/api/, headers={'accept': 'application/json', 'Content-Type': 'application/json'},                     cookies={}, auth=None, timeout=None, proxies=None, verify=True,                     debug=0 </msg>
<arg>alias=develop</arg>
<arg>url=${baseURL}</arg>
<arg>headers=${headers}</arg>
<arg>verify=true</arg>
<doc>Create Session: create a HTTP session to a server</doc>
<status status="PASS" start="2025-08-18T19:41:13.136855" elapsed="0.000467"/>
</kw>
<status status="PASS" start="2025-08-18T19:41:13.136521" elapsed="0.000857"/>
</kw>
<kw name="POST On Session" owner="RequestsLibrary">
<msg time="2025-08-18T19:41:13.918324" level="INFO">POST Request : url=https://api-invictus.qacoders.dev.br/api/login 
 path_url=/api/login 
 headers={'User-Agent': 'python-requests/2.32.4', 'Accept-Encoding': 'gzip, deflate', 'accept': 'application/json', 'Connection': 'keep-alive', 'Content-Type': 'application/json', 'Content-Length': '58'} 
 body=b'{"mail": "sysadmin@qacoders.com", "password": "1234@Test"}' 
 </msg>
<msg time="2025-08-18T19:41:13.918401" level="INFO">POST Response : url=https://api-invictus.qacoders.dev.br/api/login 
 status=200, reason=OK 
 headers={'Access-Control-Allow-Origin': '*', 'Content-Length': '1334', 'Content-Type': 'application/json; charset=utf-8', 'Date': 'Mon, 18 Aug 2025 22:41:03 GMT', 'Etag': 'W/"536-FNRACALCN+nyJ7TBFalB371eXUc"', 'X-Powered-By': 'Express'} 
 body={"msg":"Olá Qa-Coders-SYSADMIN, autenticação autorizada com sucesso!","user":{"_id":"689cd9ac715d88a4297cebed","fullName":"Qa-Coders-SYSADMIN","mail":"sysadmin@qacoders.com","password":"$2b$10$LY8JLNopE0TPJoieGwNjNeUlqaKO9QDTOCv81mOmAoJfzMExVeRIK","accessProfile":"SYSADMIN","cpf":"11111111111","status":true,"audit":[{"registeredBy":{"userId":"111111111111111111","userLogin":"sysadmin@qacoders.com"},"registrationDate":"quarta-feira, 13/08/2025, 15:30:03 BRT","registrationNumber":"01","companyId":"Qa.Coders","_id":"689cd9ac715d88a4297cebee"}],"__v":0},"token":"eyJhbGciOiJIUzI1NiIsInR5cCI6IkpXVCJ9.eyJfaWQiOiI2ODljZDlhYzcxNWQ4OGE0Mjk3Y2ViZWQiLCJmdWxsTmFtZSI6IlFhLUNvZGVycy1TWVNBRE1JTiIsIm1haWwiOiJzeXNhZG1pbkBxYWNvZGVycy5jb20iLCJwYXNzd29yZCI6IiQyYiQxMCRMWThKTE5vcEUwVFBKb2llR3dOak5lVWxxYUtPOVFEVE9DdjgxbU9tQW9KZnpNRXhWZVJJSyIsImFjY2Vzc1Byb2ZpbGUiOiJTWVNBRE1JTiIsImNwZiI6IjExMTExMTExMTExIiwic3RhdHVzIjp0cnVlLCJhdWRpdCI6W3sicmVnaXN0ZXJlZEJ5Ijp7InVzZXJJZCI6IjExMTExMTExMTExMTExMTExMSIsInVzZXJMb2dpbiI6InN5c2FkbWluQHFhY29kZXJzLmNvbSJ9LCJyZWdpc3RyYXRpb25EYXRlIjoicXVhcnRhLWZlaXJhLCAxMy8wOC8yMDI1LCAxNTozMDowMyBCUlQiLCJyZWdpc3RyYXRpb25OdW1iZXIiOiIwMSIsImNvbXBhbnlJZCI6IlFhLkNvZGVycyIsIl9pZCI6IjY4OWNkOWFjNzE1ZDg4YTQyOTdjZWJlZSJ9XSwiX192IjowLCJpYXQiOjE3NTU1NTY4NjQsImV4cCI6MTc1NTY0MzI2NH0.-eXb8-pPyAhRMQevKi2fDsZi4yw-MlnKUlR69sJjAWk"} 
 </msg>
<msg time="2025-08-18T19:41:13.918593" level="INFO">${resposta} = &lt;Response [200]&gt;</msg>
<var>${resposta}</var>
<arg>alias=develop</arg>
<arg>url=/login</arg>
<arg>json=${body}</arg>
<doc>Sends a POST request on a previously created HTTP Session.</doc>
<status status="PASS" start="2025-08-18T19:41:13.137475" elapsed="0.781141"/>
</kw>
<kw name="Status Should Be" owner="RequestsLibrary">
<arg>200</arg>
<arg>${resposta}</arg>
<doc>Fails if response status code is different than the expected.</doc>
<status status="PASS" start="2025-08-18T19:41:13.918773" elapsed="0.000184"/>
</kw>
<kw name="Set Suite Variable" owner="BuiltIn">
<msg time="2025-08-18T19:41:13.919403" level="INFO">${TOKEN} = eyJhbGciOiJIUzI1NiIsInR5cCI6IkpXVCJ9.eyJfaWQiOiI2ODljZDlhYzcxNWQ4OGE0Mjk3Y2ViZWQiLCJmdWxsTmFtZSI6IlFhLUNvZGVycy1TWVNBRE1JTiIsIm1haWwiOiJzeXNhZG1pbkBxYWNvZGVycy5jb20iLCJwYXNzd29yZCI6IiQyYiQxMCRMWThKTE5...</msg>
<arg>${TOKEN}</arg>
<arg>${resposta.json()["token"]}</arg>
<doc>Makes a variable available everywhere within the scope of the current suite.</doc>
<status status="PASS" start="2025-08-18T19:41:13.919049" elapsed="0.000393"/>
</kw>
<return>
<value>${resposta.json()["token"]}</value>
<status status="PASS" start="2025-08-18T19:41:13.919490" elapsed="0.000036"/>
</return>
<msg time="2025-08-18T19:41:13.919780" level="INFO">${TOKEN} = eyJhbGciOiJIUzI1NiIsInR5cCI6IkpXVCJ9.eyJfaWQiOiI2ODljZDlhYzcxNWQ4OGE0Mjk3Y2ViZWQiLCJmdWxsTmFtZSI6IlFhLUNvZGVycy1TWVNBRE1JTiIsIm1haWwiOiJzeXNhZG1pbkBxYWNvZGVycy5jb20iLCJwYXNzd29yZCI6IiQyYiQxMCRMWThKTE5...</msg>
<var>${TOKEN}</var>
<status status="PASS" start="2025-08-18T19:41:13.136123" elapsed="0.783676"/>
</kw>
<kw name="Create Dictionary" owner="BuiltIn">
<msg time="2025-08-18T19:41:13.920029" level="INFO">${headers} = {'accept': 'application/json', 'Content-Type': 'application/json', 'Authorization': 'eyJhbGciOiJIUzI1NiIsInR5cCI6IkpXVCJ9.eyJfaWQiOiI2ODljZDlhYzcxNWQ4OGE0Mjk3Y2ViZWQiLCJmdWxsTmFtZSI6IlFhLUNvZGVycy1TWV...</msg>
<var>${headers}</var>
<arg>accept=application/json</arg>
<arg>Content-Type=application/json</arg>
<arg>Authorization=${TOKEN}</arg>
<doc>Creates and returns a dictionary based on the given ``items``.</doc>
<status status="PASS" start="2025-08-18T19:41:13.919880" elapsed="0.000168"/>
</kw>
<kw name="Create Session" owner="RequestsLibrary">
<msg time="2025-08-18T19:41:13.920295" level="INFO">Creating Session using : alias=develop, url=https://api-invictus.qacoders.dev.br/api/, headers={'accept': 'application/json', 'Content-Type': 'application/json', 'Authorization': 'eyJhbGciOiJIUzI1NiIsInR5cCI6IkpXVCJ9.eyJfaWQiOiI2ODljZDlhYzcxNWQ4OGE0Mjk3Y2ViZWQiLCJmdWxsTmFtZSI6IlFhLUNvZGVycy1TWVNBRE1JTiIsIm1haWwiOiJzeXNhZG1pbkBxYWNvZGVycy5jb20iLCJwYXNzd29yZCI6IiQyYiQxMCRMWThKTE5vcEUwVFBKb2llR3dOak5lVWxxYUtPOVFEVE9DdjgxbU9tQW9KZnpNRXhWZVJJSyIsImFjY2Vzc1Byb2ZpbGUiOiJTWVNBRE1JTiIsImNwZiI6IjExMTExMTExMTExIiwic3RhdHVzIjp0cnVlLCJhdWRpdCI6W3sicmVnaXN0ZXJlZEJ5Ijp7InVzZXJJZCI6IjExMTExMTExMTExMTExMTExMSIsInVzZXJMb2dpbiI6InN5c2FkbWluQHFhY29kZXJzLmNvbSJ9LCJyZWdpc3RyYXRpb25EYXRlIjoicXVhcnRhLWZlaXJhLCAxMy8wOC8yMDI1LCAxNTozMDowMyBCUlQiLCJyZWdpc3RyYXRpb25OdW1iZXIiOiIwMSIsImNvbXBhbnlJZCI6IlFhLkNvZGVycyIsIl9pZCI6IjY4OWNkOWFjNzE1ZDg4YTQyOTdjZWJlZSJ9XSwiX192IjowLCJpYXQiOjE3NTU1NTY4NjQsImV4cCI6MTc1NTY0MzI2NH0.-eXb8-pPyAhRMQevKi2fDsZi4yw-MlnKUlR69sJjAWk'},                     cookies={}, auth=None, timeout=None, proxies=None, verify=True,                     debug=0 </msg>
<arg>alias=develop</arg>
<arg>url=${baseURL}</arg>
<arg>headers=${headers}</arg>
<arg>verify=true</arg>
<doc>Create Session: create a HTTP session to a server</doc>
<status status="PASS" start="2025-08-18T19:41:13.920120" elapsed="0.000283"/>
</kw>
<kw name="Criar Company" owner="company">
<kw name="Generate Random String" owner="String">
<msg time="2025-08-18T19:41:13.920939" level="INFO">${nome1_raw} = vvaqqd</msg>
<var>${nome1_raw}</var>
<arg>length=6</arg>
<arg>chars=[LOWER]</arg>
<doc>Generates a string with a desired ``length`` from the given ``chars``.</doc>
<status status="PASS" start="2025-08-18T19:41:13.920787" elapsed="0.000170"/>
</kw>
<kw name="Convert To Title Case" owner="String">
<msg time="2025-08-18T19:41:13.921290" level="INFO">${nome1} = Vvaqqd</msg>
<var>${nome1}</var>
<arg>${nome1_raw}</arg>
<doc>Converts string to title case.</doc>
<status status="PASS" start="2025-08-18T19:41:13.921029" elapsed="0.000281"/>
</kw>
<kw name="Generate Random String" owner="String">
<msg time="2025-08-18T19:41:13.921518" level="INFO">${nome2_raw} = anvhhpuu</msg>
<var>${nome2_raw}</var>
<arg>length=8</arg>
<arg>chars=[LOWER]</arg>
<doc>Generates a string with a desired ``length`` from the given ``chars``.</doc>
<status status="PASS" start="2025-08-18T19:41:13.921382" elapsed="0.000153"/>
</kw>
<kw name="Convert To Title Case" owner="String">
<msg time="2025-08-18T19:41:13.921693" level="INFO">${nome2} = Anvhhpuu</msg>
<var>${nome2}</var>
<arg>${nome2_raw}</arg>
<doc>Converts string to title case.</doc>
<status status="PASS" start="2025-08-18T19:41:13.921600" elapsed="0.000110"/>
</kw>
<kw name="Set Variable" owner="BuiltIn">
<msg time="2025-08-18T19:41:13.921873" level="INFO">${responsavel} = Vvaqqd Anvhhpuu</msg>
<var>${responsavel}</var>
<arg>${nome1} ${nome2}</arg>
<doc>Returns the given values which can then be assigned to a variables.</doc>
<status status="PASS" start="2025-08-18T19:41:13.921772" elapsed="0.000119"/>
</kw>
<kw name="Should Match Regexp" owner="BuiltIn">
<arg>${responsavel}</arg>
<arg>^[A-Z][a-z]+ [A-Z][a-z]+$</arg>
<doc>Fails if ``string`` does not match ``pattern`` as a regular expression.</doc>
<status status="PASS" start="2025-08-18T19:41:13.921958" elapsed="0.000082"/>
</kw>
<kw name="Generate Random String" owner="String">
<msg time="2025-08-18T19:41:13.922245" level="INFO">${telefone_aleatorio} = 676525263</msg>
<var>${telefone_aleatorio}</var>
<arg>length=9</arg>
<arg>chars=[NUMBERS]</arg>
<doc>Generates a string with a desired ``length`` from the given ``chars``.</doc>
<status status="PASS" start="2025-08-18T19:41:13.922102" elapsed="0.000161"/>
</kw>
<kw name="Set Variable" owner="BuiltIn">
<msg time="2025-08-18T19:41:13.922420" level="INFO">${telefone_random} = 5511676525263</msg>
<var>${telefone_random}</var>
<arg>5511${telefone_aleatorio}</arg>
<doc>Returns the given values which can then be assigned to a variables.</doc>
<status status="PASS" start="2025-08-18T19:41:13.922331" elapsed="0.000105"/>
</kw>
<kw name="Evaluate" owner="BuiltIn">
<msg time="2025-08-18T19:41:13.922628" level="INFO">${numero_random} = 6181</msg>
<var>${numero_random}</var>
<arg>random.randint(1, 9999)</arg>
<arg>modules=random</arg>
<doc>Evaluates the given expression in Python and returns the result.</doc>
<status status="PASS" start="2025-08-18T19:41:13.922496" elapsed="0.000149"/>
</kw>
<kw name="Evaluate" owner="BuiltIn">
<msg time="2025-08-18T19:41:13.922825" level="INFO">${cep_random} = 12345678</msg>
<var>${cep_random}</var>
<arg>random.choice(["04777001", "01001000", "12345678"])</arg>
<arg>modules=random</arg>
<doc>Evaluates the given expression in Python and returns the result.</doc>
<status status="PASS" start="2025-08-18T19:41:13.922707" elapsed="0.000133"/>
</kw>
<kw name="Evaluate" owner="BuiltIn">
<msg time="2025-08-18T19:41:13.923019" level="INFO">${cidade_random} = São Paulo</msg>
<var>${cidade_random}</var>
<arg>random.choice(["São Paulo", "Rio de Janeiro", "Curitiba"])</arg>
<arg>modules=random</arg>
<doc>Evaluates the given expression in Python and returns the result.</doc>
<status status="PASS" start="2025-08-18T19:41:13.922901" elapsed="0.000137"/>
</kw>
<kw name="Evaluate" owner="BuiltIn">
<msg time="2025-08-18T19:41:13.923234" level="INFO">${estado_random} = RJ</msg>
<var>${estado_random}</var>
<arg>random.choice(["SP", "RJ", "PR"])</arg>
<arg>modules=random</arg>
<doc>Evaluates the given expression in Python and returns the result.</doc>
<status status="PASS" start="2025-08-18T19:41:13.923109" elapsed="0.000142"/>
</kw>
<kw name="Generate Random String" owner="String">
<msg time="2025-08-18T19:41:13.923443" level="INFO">${bairro_random_raw} = hqgeiulj</msg>
<var>${bairro_random_raw}</var>
<arg>length=8</arg>
<arg>chars=[LOWER]</arg>
<doc>Generates a string with a desired ``length`` from the given ``chars``.</doc>
<status status="PASS" start="2025-08-18T19:41:13.923317" elapsed="0.000189"/>
</kw>
<kw name="Convert To Title Case" owner="String">
<msg time="2025-08-18T19:41:13.923692" level="INFO">${bairro_random} = Hqgeiulj</msg>
<var>${bairro_random}</var>
<arg>${bairro_random_raw}</arg>
<doc>Converts string to title case.</doc>
<status status="PASS" start="2025-08-18T19:41:13.923583" elapsed="0.000126"/>
</kw>
<kw name="Generate Random String" owner="String">
<msg time="2025-08-18T19:41:13.923902" level="INFO">${rua_random_raw} = yhmhzxrvfzpj</msg>
<var>${rua_random_raw}</var>
<arg>length=12</arg>
<arg>chars=[LOWER]</arg>
<doc>Generates a string with a desired ``length`` from the given ``chars``.</doc>
<status status="PASS" start="2025-08-18T19:41:13.923773" elapsed="0.000146"/>
</kw>
<kw name="Convert To Title Case" owner="String">
<msg time="2025-08-18T19:41:13.924152" level="INFO">${rua_random} = Yhmhzxrvfzpj</msg>
<var>${rua_random}</var>
<arg>${rua_random_raw}</arg>
<doc>Converts string to title case.</doc>
<status status="PASS" start="2025-08-18T19:41:13.923983" elapsed="0.000197"/>
</kw>
<kw name="Evaluate" owner="BuiltIn">
<msg time="2025-08-18T19:41:13.924377" level="INFO">${complemento_numero} = 403</msg>
<var>${complemento_numero}</var>
<arg>random.randint(1, 500)</arg>
<arg>modules=random</arg>
<doc>Evaluates the given expression in Python and returns the result.</doc>
<status status="PASS" start="2025-08-18T19:41:13.924245" elapsed="0.000151"/>
</kw>
<kw name="Set Variable" owner="BuiltIn">
<msg time="2025-08-18T19:41:13.924553" level="INFO">${complemento_random} = Apt 403</msg>
<var>${complemento_random}</var>
<arg>Apt ${complemento_numero}</arg>
<doc>Returns the given values which can then be assigned to a variables.</doc>
<status status="PASS" start="2025-08-18T19:41:13.924466" elapsed="0.000103"/>
</kw>
<kw name="Create Dictionary" owner="BuiltIn">
<msg time="2025-08-18T19:41:13.925288" level="INFO">${body} = {'corporateName': 'Empresa Vvaqqd', 'registerCompany': '12345678000199', 'mail': 'testvvaqqd@teste.com', 'matriz': 'Matriz Vvaqqd', 'responsibleContact': 'Vvaqqd Anvhhpuu', 'telephone': '5511676525263...</msg>
<var>${body}</var>
<arg>corporateName=Empresa ${nome1}</arg>
<arg>registerCompany=12345678000199</arg>
<arg>mail=test${nome1.lower()}@teste.com</arg>
<arg>matriz=Matriz ${nome1}</arg>
<arg>responsibleContact=${responsavel}</arg>
<arg>telephone=${telefone_random}</arg>
<arg>serviceDescription=Serviço de ${nome1}</arg>
<arg>address=@{EMPTY}</arg>
<doc>Creates and returns a dictionary based on the given ``items``.</doc>
<status status="PASS" start="2025-08-18T19:41:13.924634" elapsed="0.000678"/>
</kw>
<kw name="Create Dictionary" owner="BuiltIn">
<msg time="2025-08-18T19:41:13.925644" level="INFO">${endereco} = {'zipCode': '12345678', 'city': 'São Paulo', 'state': 'RJ', 'district': 'Hqgeiulj', 'street': 'Yhmhzxrvfzpj', 'number': 6181, 'complement': 'Apt 403', 'country': 'Brasil'}</msg>
<var>${endereco}</var>
<arg>zipCode=${cep_random}</arg>
<arg>city=${cidade_random}</arg>
<arg>state=${estado_random}</arg>
<arg>district=${bairro_random}</arg>
<arg>street=${rua_random}</arg>
<arg>number=${numero_random}</arg>
<arg>complement=${complemento_random}</arg>
<arg>country=Brasil</arg>
<doc>Creates and returns a dictionary based on the given ``items``.</doc>
<status status="PASS" start="2025-08-18T19:41:13.925403" elapsed="0.000260"/>
</kw>
<kw name="Append To List" owner="Collections">
<arg>${body["address"]}</arg>
<arg>${endereco}</arg>
<doc>Adds ``values`` to the end of ``list``.</doc>
<status status="PASS" start="2025-08-18T19:41:13.925740" elapsed="0.000288"/>
</kw>
<return>
<value>${body}</value>
<status status="PASS" start="2025-08-18T19:41:13.926065" elapsed="0.000028"/>
</return>
<msg time="2025-08-18T19:41:13.926198" level="INFO">${body} = {'corporateName': 'Empresa Vvaqqd', 'registerCompany': '12345678000199', 'mail': 'testvvaqqd@teste.com', 'matriz': 'Matriz Vvaqqd', 'responsibleContact': 'Vvaqqd Anvhhpuu', 'telephone': '5511676525263...</msg>
<var>${body}</var>
<status status="PASS" start="2025-08-18T19:41:13.920628" elapsed="0.005592"/>
</kw>
<kw name="Generate Random String" owner="String">
<msg time="2025-08-18T19:41:13.926433" level="INFO">${nome_random} = akivln</msg>
<var>${nome_random}</var>
<arg>length=6</arg>
<arg>chars=[LOWER]</arg>
<doc>Generates a string with a desired ``length`` from the given ``chars``.</doc>
<status status="PASS" start="2025-08-18T19:41:13.926292" elapsed="0.000159"/>
</kw>
<kw name="Generate Random String" owner="String">
<msg time="2025-08-18T19:41:13.926643" level="INFO">${numero_random} = 7913</msg>
<var>${numero_random}</var>
<arg>length=4</arg>
<arg>chars=[NUMBERS]</arg>
<doc>Generates a string with a desired ``length`` from the given ``chars``.</doc>
<status status="PASS" start="2025-08-18T19:41:13.926519" elapsed="0.000141"/>
</kw>
<kw name="Set Variable" owner="BuiltIn">
<msg time="2025-08-18T19:41:13.926826" level="INFO">${corporate_name} = Testando akivln7913</msg>
<var>${corporate_name}</var>
<arg>Testando ${nome_random}${numero_random}</arg>
<doc>Returns the given values which can then be assigned to a variables.</doc>
<status status="PASS" start="2025-08-18T19:41:13.926724" elapsed="0.000118"/>
</kw>
<kw name="Set To Dictionary" owner="Collections">
<arg>${body}</arg>
[...]
<arg>${body["address"]}</arg>
<arg>street=Rua 1ª Travessa-‘Centro’</arg>
<doc>Adds the given ``key_value_pairs`` and/or ``items`` to the ``dictionary``.</doc>
<status status="FAIL" start="2025-08-18T19:41:34.927637" elapsed="0.000346">TypeError: Expected argument 1 to be a dictionary, got list instead.</status>
</kw>
<kw name="POST On Session" owner="RequestsLibrary">
<var>${resposta}</var>
<arg>alias=develop</arg>
<arg>url=/company</arg>
<arg>json=${body}</arg>
<arg>expected_status=201</arg>
<doc>Sends a POST request on a previously created HTTP Session.</doc>
<status status="NOT RUN" start="2025-08-18T19:41:34.928167" elapsed="0.000020"/>
</kw>
<kw name="Set Variable" owner="BuiltIn">
<var>${logradouro}</var>
<arg>${resposta.json()["newCompany"]["address"]["street"]}</arg>
<doc>Returns the given values which can then be assigned to a variables.</doc>
<status status="NOT RUN" start="2025-08-18T19:41:34.928686" elapsed="0.000051"/>
</kw>
<kw name="Should Be Equal" owner="BuiltIn">
<arg>${logradouro}</arg>
<arg>Rua 1ª Travessa-‘Centro’</arg>
<doc>Fails if the given objects are unequal.</doc>
<status status="NOT RUN" start="2025-08-18T19:41:34.929400" elapsed="0.000067"/>
</kw>
<status status="FAIL" start="2025-08-18T19:41:34.138629" elapsed="0.791330">TypeError: Expected argument 1 to be a dictionary, got list instead.</status>
</test>
<test id="s1-t28" name="Cadastrar Company Logradouro Acima De 50 Caracteres" line="143">
<kw name="Login com sysadmin" owner="login">
<kw name="Create Dictionary" owner="BuiltIn">
<msg time="2025-08-18T19:41:34.932513" level="INFO">${body} = {'mail': 'sysadmin@qacoders.com', 'password': '1234@Test'}</msg>
<var>${body}</var>
<arg>mail=sysadmin@qacoders.com</arg>
<arg>password=1234@Test</arg>
<doc>Creates and returns a dictionary based on the given ``items``.</doc>
<status status="PASS" start="2025-08-18T19:41:34.932365" elapsed="0.000174"/>
</kw>
<kw name="Criar Sessão" owner="login">
<kw name="Create Dictionary" owner="BuiltIn">
<msg time="2025-08-18T19:41:34.932893" level="INFO">${headers} = {'accept': 'application/json', 'Content-Type': 'application/json'}</msg>
<var>${headers}</var>
<arg>accept=application/json</arg>
<arg>Content-Type=application/json</arg>
<doc>Creates and returns a dictionary based on the given ``items``.</doc>
<status status="PASS" start="2025-08-18T19:41:34.932793" elapsed="0.000118"/>
</kw>
<kw name="Create Session" owner="RequestsLibrary">
<msg time="2025-08-18T19:41:34.933182" level="INFO">Creating Session using : alias=develop, url=https://api-invictus.qacoders.dev.br/api/, headers={'accept': 'application/json', 'Content-Type': 'application/json'},                     cookies={}, auth=None, timeout=None, proxies=None, verify=True,                     debug=0 </msg>
<arg>alias=develop</arg>
<arg>url=${baseURL}</arg>
<arg>headers=${headers}</arg>
<arg>verify=true</arg>
<doc>Create Session: create a HTTP session to a server</doc>
<status status="PASS" start="2025-08-18T19:41:34.932978" elapsed="0.000352"/>
</kw>
<status status="PASS" start="2025-08-18T19:41:34.932646" elapsed="0.000744"/>
</kw>
<kw name="POST On Session" owner="RequestsLibrary">
<msg time="2025-08-18T19:41:35.722166" level="INFO">POST Request : url=https://api-invictus.qacoders.dev.br/api/login 
 path_url=/api/login 
 headers={'User-Agent': 'python-requests/2.32.4', 'Accept-Encoding': 'gzip, deflate', 'accept': 'application/json', 'Connection': 'keep-alive', 'Content-Type': 'application/json', 'Content-Length': '58'} 
 body=b'{"mail": "sysadmin@qacoders.com", "password": "1234@Test"}' 
 </msg>
<msg time="2025-08-18T19:41:35.722303" level="INFO">POST Response : url=https://api-invictus.qacoders.dev.br/api/login 
 status=200, reason=OK 
 headers={'Access-Control-Allow-Origin': '*', 'Content-Length': '1334', 'Content-Type': 'application/json; charset=utf-8', 'Date': 'Mon, 18 Aug 2025 22:41:25 GMT', 'Etag': 'W/"536-eeXq3CMTeEf9Q7F8uHnBhoaIBxI"', 'X-Powered-By': 'Express'} 
 body={"msg":"Olá Qa-Coders-SYSADMIN, autenticação autorizada com sucesso!","user":{"_id":"689cd9ac715d88a4297cebed","fullName":"Qa-Coders-SYSADMIN","mail":"sysadmin@qacoders.com","password":"$2b$10$LY8JLNopE0TPJoieGwNjNeUlqaKO9QDTOCv81mOmAoJfzMExVeRIK","accessProfile":"SYSADMIN","cpf":"11111111111","status":true,"audit":[{"registeredBy":{"userId":"111111111111111111","userLogin":"sysadmin@qacoders.com"},"registrationDate":"quarta-feira, 13/08/2025, 15:30:03 BRT","registrationNumber":"01","companyId":"Qa.Coders","_id":"689cd9ac715d88a4297cebee"}],"__v":0},"token":"eyJhbGciOiJIUzI1NiIsInR5cCI6IkpXVCJ9.eyJfaWQiOiI2ODljZDlhYzcxNWQ4OGE0Mjk3Y2ViZWQiLCJmdWxsTmFtZSI6IlFhLUNvZGVycy1TWVNBRE1JTiIsIm1haWwiOiJzeXNhZG1pbkBxYWNvZGVycy5jb20iLCJwYXNzd29yZCI6IiQyYiQxMCRMWThKTE5vcEUwVFBKb2llR3dOak5lVWxxYUtPOVFEVE9DdjgxbU9tQW9KZnpNRXhWZVJJSyIsImFjY2Vzc1Byb2ZpbGUiOiJTWVNBRE1JTiIsImNwZiI6IjExMTExMTExMTExIiwic3RhdHVzIjp0cnVlLCJhdWRpdCI6W3sicmVnaXN0ZXJlZEJ5Ijp7InVzZXJJZCI6IjExMTExMTExMTExMTExMTExMSIsInVzZXJMb2dpbiI6InN5c2FkbWluQHFhY29kZXJzLmNvbSJ9LCJyZWdpc3RyYXRpb25EYXRlIjoicXVhcnRhLWZlaXJhLCAxMy8wOC8yMDI1LCAxNTozMDowMyBCUlQiLCJyZWdpc3RyYXRpb25OdW1iZXIiOiIwMSIsImNvbXBhbnlJZCI6IlFhLkNvZGVycyIsIl9pZCI6IjY4OWNkOWFjNzE1ZDg4YTQyOTdjZWJlZSJ9XSwiX192IjowLCJpYXQiOjE3NTU1NTY4ODYsImV4cCI6MTc1NTY0MzI4Nn0.hUjRf2lUqQXvKT8XqQ5AsjmyV6ZQoNFxT3oNWkHgIXE"} 
 </msg>
<msg time="2025-08-18T19:41:35.722424" level="INFO">${resposta} = &lt;Response [200]&gt;</msg>
<var>${resposta}</var>
<arg>alias=develop</arg>
<arg>url=/login</arg>
<arg>json=${body}</arg>
<doc>Sends a POST request on a previously created HTTP Session.</doc>
<status status="PASS" start="2025-08-18T19:41:34.933464" elapsed="0.788978"/>
</kw>
<kw name="Status Should Be" owner="RequestsLibrary">
<arg>200</arg>
<arg>${resposta}</arg>
<doc>Fails if response status code is different than the expected.</doc>
<status status="PASS" start="2025-08-18T19:41:35.722574" elapsed="0.000170"/>
</kw>
<kw name="Set Suite Variable" owner="BuiltIn">
<msg time="2025-08-18T19:41:35.723182" level="INFO">${TOKEN} = eyJhbGciOiJIUzI1NiIsInR5cCI6IkpXVCJ9.eyJfaWQiOiI2ODljZDlhYzcxNWQ4OGE0Mjk3Y2ViZWQiLCJmdWxsTmFtZSI6IlFhLUNvZGVycy1TWVNBRE1JTiIsIm1haWwiOiJzeXNhZG1pbkBxYWNvZGVycy5jb20iLCJwYXNzd29yZCI6IiQyYiQxMCRMWThKTE5...</msg>
<arg>${TOKEN}</arg>
<arg>${resposta.json()["token"]}</arg>
<doc>Makes a variable available everywhere within the scope of the current suite.</doc>
<status status="PASS" start="2025-08-18T19:41:35.722836" elapsed="0.000381"/>
</kw>
<return>
<value>${resposta.json()["token"]}</value>
<status status="PASS" start="2025-08-18T19:41:35.723260" elapsed="0.000033"/>
</return>
<msg time="2025-08-18T19:41:35.723591" level="INFO">${TOKEN} = eyJhbGciOiJIUzI1NiIsInR5cCI6IkpXVCJ9.eyJfaWQiOiI2ODljZDlhYzcxNWQ4OGE0Mjk3Y2ViZWQiLCJmdWxsTmFtZSI6IlFhLUNvZGVycy1TWVNBRE1JTiIsIm1haWwiOiJzeXNhZG1pbkBxYWNvZGVycy5jb20iLCJwYXNzd29yZCI6IiQyYiQxMCRMWThKTE5...</msg>
<var>${TOKEN}</var>
<status status="PASS" start="2025-08-18T19:41:34.932123" elapsed="0.791490"/>
</kw>
<kw name="Create Dictionary" owner="BuiltIn">
<msg time="2025-08-18T19:41:35.724391" level="INFO">${headers} = {'accept': 'application/json', 'Content-Type': 'application/json', 'Authorization': 'eyJhbGciOiJIUzI1NiIsInR5cCI6IkpXVCJ9.eyJfaWQiOiI2ODljZDlhYzcxNWQ4OGE0Mjk3Y2ViZWQiLCJmdWxsTmFtZSI6IlFhLUNvZGVycy1TWV...</msg>
<var>${headers}</var>
<arg>accept=application/json</arg>
<arg>Content-Type=application/json</arg>
<arg>Authorization=${TOKEN}</arg>
<doc>Creates and returns a dictionary based on the given ``items``.</doc>
<status status="PASS" start="2025-08-18T19:41:35.724144" elapsed="0.000287"/>
</kw>
<kw name="Create Session" owner="RequestsLibrary">
<msg time="2025-08-18T19:41:35.725122" level="INFO">Creating Session using : alias=develop, url=https://api-invictus.qacoders.dev.br/api/, headers={'accept': 'application/json', 'Content-Type': 'application/json', 'Authorization': 'eyJhbGciOiJIUzI1NiIsInR5cCI6IkpXVCJ9.eyJfaWQiOiI2ODljZDlhYzcxNWQ4OGE0Mjk3Y2ViZWQiLCJmdWxsTmFtZSI6IlFhLUNvZGVycy1TWVNBRE1JTiIsIm1haWwiOiJzeXNhZG1pbkBxYWNvZGVycy5jb20iLCJwYXNzd29yZCI6IiQyYiQxMCRMWThKTE5vcEUwVFBKb2llR3dOak5lVWxxYUtPOVFEVE9DdjgxbU9tQW9KZnpNRXhWZVJJSyIsImFjY2Vzc1Byb2ZpbGUiOiJTWVNBRE1JTiIsImNwZiI6IjExMTExMTExMTExIiwic3RhdHVzIjp0cnVlLCJhdWRpdCI6W3sicmVnaXN0ZXJlZEJ5Ijp7InVzZXJJZCI6IjExMTExMTExMTExMTExMTExMSIsInVzZXJMb2dpbiI6InN5c2FkbWluQHFhY29kZXJzLmNvbSJ9LCJyZWdpc3RyYXRpb25EYXRlIjoicXVhcnRhLWZlaXJhLCAxMy8wOC8yMDI1LCAxNTozMDowMyBCUlQiLCJyZWdpc3RyYXRpb25OdW1iZXIiOiIwMSIsImNvbXBhbnlJZCI6IlFhLkNvZGVycyIsIl9pZCI6IjY4OWNkOWFjNzE1ZDg4YTQyOTdjZWJlZSJ9XSwiX192IjowLCJpYXQiOjE3NTU1NTY4ODYsImV4cCI6MTc1NTY0MzI4Nn0.hUjRf2lUqQXvKT8XqQ5AsjmyV6ZQoNFxT3oNWkHgIXE'},                     cookies={}, auth=None, timeout=None, proxies=None, verify=True,                     debug=0 </msg>
<arg>alias=develop</arg>
<arg>url=${baseURL}</arg>
<arg>headers=${headers}</arg>
<arg>verify=true</arg>
<doc>Create Session: create a HTTP session to a server</doc>
<status status="PASS" start="2025-08-18T19:41:35.724900" elapsed="0.000365"/>
</kw>
<kw name="Criar Company" owner="company">
<kw name="Generate Random String" owner="String">
<msg time="2025-08-18T19:41:35.726032" level="INFO">${nome1_raw} = szukyw</msg>
<var>${nome1_raw}</var>
<arg>length=6</arg>
<arg>chars=[LOWER]</arg>
<doc>Generates a string with a desired ``length`` from the given ``chars``.</doc>
<status status="PASS" start="2025-08-18T19:41:35.725879" elapsed="0.000172"/>
</kw>
<kw name="Convert To Title Case" owner="String">
<msg time="2025-08-18T19:41:35.726212" level="INFO">${nome1} = Szukyw</msg>
<var>${nome1}</var>
<arg>${nome1_raw}</arg>
<doc>Converts string to title case.</doc>
<status status="PASS" start="2025-08-18T19:41:35.726121" elapsed="0.000106"/>
</kw>
<kw name="Generate Random String" owner="String">
<msg time="2025-08-18T19:41:35.726396" level="INFO">${nome2_raw} = fixygshs</msg>
<var>${nome2_raw}</var>
<arg>length=8</arg>
<arg>chars=[LOWER]</arg>
<doc>Generates a string with a desired ``length`` from the given ``chars``.</doc>
<status status="PASS" start="2025-08-18T19:41:35.726284" elapsed="0.000127"/>
</kw>
<kw name="Convert To Title Case" owner="String">
<msg time="2025-08-18T19:41:35.726563" level="INFO">${nome2} = Fixygshs</msg>
<var>${nome2}</var>
<arg>${nome2_raw}</arg>
<doc>Converts string to title case.</doc>
<status status="PASS" start="2025-08-18T19:41:35.726477" elapsed="0.000101"/>
</kw>
<kw name="Set Variable" owner="BuiltIn">
<msg time="2025-08-18T19:41:35.726725" level="INFO">${responsavel} = Szukyw Fixygshs</msg>
<var>${responsavel}</var>
<arg>${nome1} ${nome2}</arg>
<doc>Returns the given values which can then be assigned to a variables.</doc>
<status status="PASS" start="2025-08-18T19:41:35.726636" elapsed="0.000104"/>
</kw>
<kw name="Should Match Regexp" owner="BuiltIn">
<arg>${responsavel}</arg>
<arg>^[A-Z][a-z]+ [A-Z][a-z]+$</arg>
<doc>Fails if ``string`` does not match ``pattern`` as a regular expression.</doc>
<status status="PASS" start="2025-08-18T19:41:35.726799" elapsed="0.000076"/>
</kw>
<kw name="Generate Random String" owner="String">
<msg time="2025-08-18T19:41:35.727052" level="INFO">${telefone_aleatorio} = 539356281</msg>
<var>${telefone_aleatorio}</var>
<arg>length=9</arg>
<arg>chars=[NUMBERS]</arg>
<doc>Generates a string with a desired ``length`` from the given ``chars``.</doc>
<status status="PASS" start="2025-08-18T19:41:35.726934" elapsed="0.000133"/>
</kw>
<kw name="Set Variable" owner="BuiltIn">
<msg time="2025-08-18T19:41:35.727365" level="INFO">${telefone_random} = 5511539356281</msg>
<var>${telefone_random}</var>
<arg>5511${telefone_aleatorio}</arg>
<doc>Returns the given values which can then be assigned to a variables.</doc>
<status status="PASS" start="2025-08-18T19:41:35.727272" elapsed="0.000109"/>
</kw>
<kw name="Evaluate" owner="BuiltIn">
<msg time="2025-08-18T19:41:35.727653" level="INFO">${numero_random} = 6285</msg>
<var>${numero_random}</var>
<arg>random.randint(1, 9999)</arg>
<arg>modules=random</arg>
<doc>Evaluates the given expression in Python and returns the result.</doc>
<status status="PASS" start="2025-08-18T19:41:35.727510" elapsed="0.000159"/>
</kw>
<kw name="Evaluate" owner="BuiltIn">
<msg time="2025-08-18T19:41:35.727847" level="INFO">${cep_random} = 01001000</msg>
<var>${cep_random}</var>
<arg>random.choice(["04777001", "01001000", "12345678"])</arg>
<arg>modules=random</arg>
<doc>Evaluates the given expression in Python and returns the result.</doc>
<status status="PASS" start="2025-08-18T19:41:35.727729" elapsed="0.000134"/>
</kw>
<kw name="Evaluate" owner="BuiltIn">
<msg time="2025-08-18T19:41:35.728034" level="INFO">${cidade_random} = Rio de Janeiro</msg>
<var>${cidade_random}</var>
<arg>random.choice(["São Paulo", "Rio de Janeiro", "Curitiba"])</arg>
<arg>modules=random</arg>
<doc>Evaluates the given expression in Python and returns the result.</doc>
<status status="PASS" start="2025-08-18T19:41:35.727927" elapsed="0.000123"/>
</kw>
<kw name="Evaluate" owner="BuiltIn">
<msg time="2025-08-18T19:41:35.728212" level="INFO">${estado_random} = RJ</msg>
<var>${estado_random}</var>
<arg>random.choice(["SP", "RJ", "PR"])</arg>
<arg>modules=random</arg>
<doc>Evaluates the given expression in Python and returns the result.</doc>
<status status="PASS" start="2025-08-18T19:41:35.728110" elapsed="0.000116"/>
</kw>
<kw name="Generate Random String" owner="String">
<msg time="2025-08-18T19:41:35.728400" level="INFO">${bairro_random_raw} = ihewagwi</msg>
<var>${bairro_random_raw}</var>
<arg>length=8</arg>
<arg>chars=[LOWER]</arg>
<doc>Generates a string with a desired ``length`` from the given ``chars``.</doc>
<status status="PASS" start="2025-08-18T19:41:35.728285" elapsed="0.000129"/>
</kw>
<kw name="Convert To Title Case" owner="String">
<msg time="2025-08-18T19:41:35.728583" level="INFO">${bairro_random} = Ihewagwi</msg>
<var>${bairro_random}</var>
<arg>${bairro_random_raw}</arg>
<doc>Converts string to title case.</doc>
<status status="PASS" start="2025-08-18T19:41:35.728479" elapsed="0.000119"/>
</kw>
<kw name="Generate Random String" owner="String">
<msg time="2025-08-18T19:41:35.728762" level="INFO">${rua_random_raw} = wvbftzwsffxh</msg>
<var>${rua_random_raw}</var>
<arg>length=12</arg>
<arg>chars=[LOWER]</arg>
<doc>Generates a string with a desired ``length`` from the given ``chars``.</doc>
<status status="PASS" start="2025-08-18T19:41:35.728654" elapsed="0.000124"/>
</kw>
<kw name="Convert To Title Case" owner="String">
<msg time="2025-08-18T19:41:35.728923" level="INFO">${rua_random} = Wvbftzwsffxh</msg>
<var>${rua_random}</var>
<arg>${rua_random_raw}</arg>
<doc>Converts string to title case.</doc>
<status status="PASS" start="2025-08-18T19:41:35.728838" elapsed="0.000100"/>
</kw>
<kw name="Evaluate" owner="BuiltIn">
<msg time="2025-08-18T19:41:35.729226" level="INFO">${complemento_numero} = 153</msg>
<var>${complemento_numero}</var>
<arg>random.randint(1, 500)</arg>
<arg>modules=random</arg>
<doc>Evaluates the given expression in Python and returns the result.</doc>
<status status="PASS" start="2025-08-18T19:41:35.728992" elapsed="0.000253"/>
</kw>
<kw name="Set Variable" owner="BuiltIn">
<msg time="2025-08-18T19:41:35.729412" level="INFO">${complemento_random} = Apt 153</msg>
<var>${complemento_random}</var>
<arg>Apt ${complemento_numero}</arg>
<doc>Returns the given values which can then be assigned to a variables.</doc>
<status status="PASS" start="2025-08-18T19:41:35.729315" elapsed="0.000110"/>
</kw>
<kw name="Create Dictionary" owner="BuiltIn">
<msg time="2025-08-18T19:41:35.730319" level="INFO">${body} = {'corporateName': 'Empresa Szukyw', 'registerCompany': '12345678000199', 'mail': 'testszukyw@teste.com', 'matriz': 'Matriz Szukyw', 'responsibleContact': 'Szukyw Fixygshs', 'telephone': '5511539356281...</msg>
<var>${body}</var>
<arg>corporateName=Empresa ${nome1}</arg>
<arg>registerCompany=12345678000199</arg>
<arg>mail=test${nome1.lower()}@teste.com</arg>
<arg>matriz=Matriz ${nome1}</arg>
<arg>responsibleContact=${responsavel}</arg>
<arg>telephone=${telefone_random}</arg>
<arg>serviceDescription=Serviço de ${nome1}</arg>
<arg>address=@{EMPTY}</arg>
<doc>Creates and returns a dictionary based on the given ``items``.</doc>
<status status="PASS" start="2025-08-18T19:41:35.729510" elapsed="0.000831"/>
</kw>
<kw name="Create Dictionary" owner="BuiltIn">
<msg time="2025-08-18T19:41:35.730801" level="INFO">${endereco} = {'zipCode': '01001000', 'city': 'Rio de Janeiro', 'state': 'RJ', 'district': 'Ihewagwi', 'street': 'Wvbftzwsffxh', 'number': 6285, 'complement': 'Apt 153', 'country': 'Brasil'}</msg>
<var>${endereco}</var>
<arg>zipCode=${cep_random}</arg>
<arg>city=${cidade_random}</arg>
<arg>state=${estado_random}</arg>
<arg>district=${bairro_random}</arg>
<arg>street=${rua_random}</arg>
<arg>number=${numero_random}</arg>
<arg>complement=${complemento_random}</arg>
<arg>country=Brasil</arg>
<doc>Creates and returns a dictionary based on the given ``items``.</doc>
<status status="PASS" start="2025-08-18T19:41:35.730477" elapsed="0.000349"/>
</kw>
<kw name="Append To List" owner="Collections">
<arg>${body["address"]}</arg>
<arg>${endereco}</arg>
<doc>Adds ``values`` to the end of ``list``.</doc>
<status status="PASS" start="2025-08-18T19:41:35.730927" elapsed="0.000497"/>
</kw>
<return>
<value>${body}</value>
<status status="PASS" start="2025-08-18T19:41:35.731497" elapsed="0.000043"/>
</return>
<msg time="2025-08-18T19:41:35.731665" level="INFO">${body} = {'corporateName': 'Empresa Szukyw', 'registerCompany': '12345678000199', 'mail': 'testszukyw@teste.com', 'matriz': 'Matriz Szukyw', 'responsibleContact': 'Szukyw Fixygshs', 'telephone': '5511539356281...</msg>
<var>${body}</var>
<status status="PASS" start="2025-08-18T19:41:35.725712" elapsed="0.005973"/>
</kw>
<kw name="Set To Dictionary" owner="Collections">
<msg time="2025-08-18T19:41:35.732617" level="FAIL">TypeError: Expected argument 1 to be a dictionary, got list instead.</msg>
<arg>${body["address"]}</arg>
<arg>street=Rua com um nome extremamente longo que ultrapassa cinquenta caracteres</arg>
<doc>Adds the given ``key_value_pairs`` and/or ``items`` to the ``dictionary``.</doc>
<status status="FAIL" start="2025-08-18T19:41:35.732215" elapsed="0.000476">TypeError: Expected argument 1 to be a dictionary, got list instead.</status>
</kw>
<kw name="POST On Session" owner="RequestsLibrary">
<var>${resposta}</var>
<arg>alias=develop</arg>
<arg>url=/company</arg>
<arg>json=${body}</arg>
<arg>expected_status=400</arg>
<doc>Sends a POST request on a previously created HTTP Session.</doc>
<status status="NOT RUN" start="2025-08-18T19:41:35.733092" elapsed="0.000024"/>
</kw>
<kw name="Set Variable" owner="BuiltIn">
<var>${mensagem}</var>
<arg>${resposta.json()["error"][0]}</arg>
<doc>Returns the given values which can then be assigned to a variables.</doc>
<status status="NOT RUN" start="2025-08-18T19:41:35.733393" elapsed="0.000027"/>
</kw>
<kw name="Should Be Equal" owner="BuiltIn">
<arg>${mensagem}</arg>
<arg>O campo 'Logradouro' deve ter no máximo 50 caracteres.</arg>
<doc>Fails if the given objects are unequal.</doc>
<status status="NOT RUN" start="2025-08-18T19:41:35.733654" elapsed="0.000028"/>
</kw>
<status status="FAIL" start="2025-08-18T19:41:34.931310" elapsed="0.802755">TypeError: Expected argument 1 to be a dictionary, got list instead.</status>
</test>
<status status="FAIL" start="2025-08-18T19:41:09.748316" elapsed="25.987746"/>
</suite>
<statistics>
<total>
<stat pass="12" fail="16" skip="0">All Tests</stat>
</total>
<tag>
</tag>
<suite>
<stat name="Post.Company Test" id="s1" pass="12" fail="16" skip="0">Post.Company Test</stat>
</suite>
</statistics>
<errors>
<msg time="2025-08-18T19:41:10.424803" level="WARN">Error in file 'C:\Users\aline\invictus-academyt14-api-robot\resources\login.resource' on line 24: The '[Return]' setting is deprecated. Use the 'RETURN' statement instead.</msg>
</errors>
</robot>
