<?xml version="1.0" encoding="UTF-8"?>
<robot generator="Robot 7.2.2 (Python 3.13.2 on win32)" generated="2025-08-15T19:36:49.426349" rpa="false" schemaversion="5">
<suite id="s1" name="Board Test" source="C:\Users\sil\Documents\Git Alisson\invictus-academyt14-api-robot\tests\board\board_test.robot">
<test id="s1-t1" name=" Mostrar diretoria por id" line="32">
<kw name="Mostrar diretoria por id" owner="board">
<kw name="Login com sysadmin" owner="login">
<kw name="Create Dictionary" owner="BuiltIn">
<msg time="2025-08-15T19:36:50.943805" level="INFO">${body} = {'mail': 'sysadmin@qacoders.com', 'password': '1234@Test'}</msg>
<var>${body}</var>
<arg>mail=sysadmin@qacoders.com</arg>
<arg>password=1234@Test</arg>
<doc>Creates and returns a dictionary based on the given ``items``.</doc>
<status status="PASS" start="2025-08-15T19:36:50.943323" elapsed="0.000552"/>
</kw>
<kw name="Criar Sessão" owner="login">
<kw name="Create Dictionary" owner="BuiltIn">
<msg time="2025-08-15T19:36:50.945440" level="INFO">${headers} = {'accept': 'application/json', 'Content-Type': 'application/json'}</msg>
<var>${headers}</var>
<arg>accept=application/json</arg>
<arg>Content-Type=application/json</arg>
<doc>Creates and returns a dictionary based on the given ``items``.</doc>
<status status="PASS" start="2025-08-15T19:36:50.945139" elapsed="0.000358"/>
</kw>
<kw name="Create Session" owner="RequestsLibrary">
<msg time="2025-08-15T19:36:50.946655" level="INFO">Creating Session using : alias=develop, url=https://api-supernatural.qacoders.dev.br/api/, headers={'accept': 'application/json', 'Content-Type': 'application/json'},                     cookies={}, auth=None, timeout=None, proxies=None, verify=True,                     debug=0 </msg>
<arg>alias=develop</arg>
<arg>url=${baseURL}</arg>
<arg>headers=${headers}</arg>
<arg>verify=true</arg>
<doc>Create Session: create a HTTP session to a server</doc>
<status status="PASS" start="2025-08-15T19:36:50.945697" elapsed="0.001405"/>
</kw>
<status status="PASS" start="2025-08-15T19:36:50.944734" elapsed="0.002558"/>
</kw>
<kw name="POST On Session" owner="RequestsLibrary">
<msg time="2025-08-15T19:36:51.114946" level="INFO">POST Request : url=https://api-supernatural.qacoders.dev.br/api/Login 
 path_url=/api/Login 
 headers={'User-Agent': 'python-requests/2.32.4', 'Accept-Encoding': 'gzip, deflate', 'accept': 'application/json', 'Connection': 'keep-alive', 'Content-Type': 'application/json', 'Content-Length': '58'} 
 body=b'{"mail": "sysadmin@qacoders.com", "password": "1234@Test"}' 
 </msg>
<msg time="2025-08-15T19:36:51.115108" level="INFO">POST Response : url=https://api-supernatural.qacoders.dev.br/api/Login 
 status=400, reason=Bad Request 
 headers={'Access-Control-Allow-Origin': '*', 'Content-Length': '55', 'Content-Type': 'application/json; charset=utf-8', 'Date': 'Fri, 15 Aug 2025 22:36:42 GMT', 'Etag': 'W/"37-9q6p8iabt/LayQQx7+su7bYXDck"', 'X-Powered-By': 'Express'} 
 body={"alert":"E-mail ou senha informados são inválidos."} 
 </msg>
<msg time="2025-08-15T19:36:51.115793" level="FAIL">HTTPError: 400 Client Error: Bad Request for url: https://api-supernatural.qacoders.dev.br/api/Login</msg>
<var>${resposta}</var>
<arg>alias=develop</arg>
<arg>url=/Login</arg>
<arg>json=${body}</arg>
<doc>Sends a POST request on a previously created HTTP Session.</doc>
<status status="FAIL" start="2025-08-15T19:36:50.947593" elapsed="0.244705">HTTPError: 400 Client Error: Bad Request for url: https://api-supernatural.qacoders.dev.br/api/Login</status>
</kw>
<kw name="Log To Console" owner="BuiltIn">
<arg>RESPOSTA JSON: ${resposta.json()}</arg>
<doc>Logs the given message to the console.</doc>
<status status="NOT RUN" start="2025-08-15T19:36:51.192644" elapsed="0.000060"/>
</kw>
<kw name="Log To Console" owner="BuiltIn">
<arg>O TOKEN É: ${resposta.json()["token"]}</arg>
<doc>Logs the given message to the console.</doc>
<status status="NOT RUN" start="2025-08-15T19:36:51.192884" elapsed="0.000048"/>
</kw>
<kw name="Status Should Be" owner="RequestsLibrary">
<arg>200</arg>
<arg>${resposta}</arg>
<doc>Fails if response status code is different than the expected.</doc>
<status status="NOT RUN" start="2025-08-15T19:36:51.193110" elapsed="0.000047"/>
</kw>
<kw name="Set Suite Variable" owner="BuiltIn">
<arg>${TOKEN}</arg>
<arg>${resposta.json()["token"]}</arg>
<doc>Makes a variable available everywhere within the scope of the current suite.</doc>
<status status="NOT RUN" start="2025-08-15T19:36:51.193411" elapsed="0.000054"/>
</kw>
<kw name="Log To Console" owner="BuiltIn">
<arg>Token geradooooooooo: ${TOKEN}</arg>
<doc>Logs the given message to the console.</doc>
<status status="NOT RUN" start="2025-08-15T19:36:51.193647" elapsed="0.000047"/>
</kw>
<return>
<value>${resposta.json()["token"]}</value>
<status status="NOT RUN" start="2025-08-15T19:36:51.193790" elapsed="0.000060"/>
</return>
<var>${TOKEN}</var>
<status status="FAIL" start="2025-08-15T19:36:50.941646" elapsed="0.252423">HTTPError: 400 Client Error: Bad Request for url: https://api-supernatural.qacoders.dev.br/api/Login</status>
</kw>
<kw name="Create Dictionary" owner="BuiltIn">
<var>${headers}</var>
<arg>accept=application/json</arg>
<arg>Content-Type=application/json</arg>
<arg>Authorization=${TOKEN}</arg>
<doc>Creates and returns a dictionary based on the given ``items``.</doc>
<status status="NOT RUN" start="2025-08-15T19:36:51.194280" elapsed="0.000047"/>
</kw>
<kw name="Create Session" owner="RequestsLibrary">
<arg>alias=develop</arg>
<arg>url=${baseURL}</arg>
<arg>headers=${headers}</arg>
<arg>verify=true</arg>
<doc>Create Session: create a HTTP session to a server</doc>
<status status="NOT RUN" start="2025-08-15T19:36:51.194561" elapsed="0.000049"/>
</kw>
<kw name="Cadastrar Diretoria com Sucesso" owner="board">
<status status="NOT RUN" start="2025-08-15T19:36:51.195008" elapsed="0.000061"/>
</kw>
<kw name="GET On Session" owner="RequestsLibrary">
<var>${resposta}</var>
<arg>alias=develop</arg>
<arg>url=board/${Diretoria_ID}</arg>
<arg>expected_status=200</arg>
<doc>Sends a GET request on a previously created HTTP Session.</doc>
<status status="NOT RUN" start="2025-08-15T19:36:51.195245" elapsed="0.000046"/>
</kw>
<kw name="Set Suite Variable" owner="BuiltIn">
<arg>${MOSTRAR_Diretoria_ID}</arg>
<arg>${resposta.json()["board"]["_id"]}</arg>
<doc>Makes a variable available everywhere within the scope of the current suite.</doc>
<status status="NOT RUN" start="2025-08-15T19:36:51.195530" elapsed="0.000052"/>
</kw>
<kw name="Log To Console" owner="BuiltIn">
<arg>MOSTRAR DIRETORIA POR ID: ${MOSTRAR_Diretoria_ID}</arg>
<doc>Logs the given message to the console.</doc>
<status status="NOT RUN" start="2025-08-15T19:36:51.195801" elapsed="0.000057"/>
</kw>
<status status="FAIL" start="2025-08-15T19:36:50.940690" elapsed="0.255376">HTTPError: 400 Client Error: Bad Request for url: https://api-supernatural.qacoders.dev.br/api/Login</status>
</kw>
<status status="FAIL" start="2025-08-15T19:36:50.939561" elapsed="0.257198">HTTPError: 400 Client Error: Bad Request for url: https://api-supernatural.qacoders.dev.br/api/Login</status>
</test>
<status status="FAIL" start="2025-08-15T19:36:49.428809" elapsed="1.769458"/>
</suite>
<statistics>
<total>
<stat pass="0" fail="1" skip="0">All Tests</stat>
</total>
<tag>
</tag>
<suite>
<stat name="Board Test" id="s1" pass="0" fail="1" skip="0">Board Test</stat>
</suite>
</statistics>
<errors>
</errors>
</robot>
