<?xml version="1.0" encoding="UTF-8"?>
<robot generator="Robot 7.3.2 (Python 3.13.5 on win32)" generated="2025-08-18T20:39:10.485064" rpa="false" schemaversion="5">
<suite id="s1" name="Tests" source="C:\Users\aline\invictus-academyt14-api-robot\tests">
<suite id="s1-s1" name="Company" source="C:\Users\aline\invictus-academyt14-api-robot\tests\company">
<suite id="s1-s1-s1" name="Get.Company Test" source="C:\Users\aline\invictus-academyt14-api-robot\tests\company\get.company_test.robot">
<test id="s1-s1-s1-t1" name="Listar Todas Companies" line="8">
<kw name="Listar Todas Companies" owner="company">
<kw name="Login com sysadmin" owner="login">
<kw name="Create Dictionary" owner="BuiltIn">
<msg time="2025-08-18T20:39:11.319927" level="INFO">${body} = {'mail': 'sysadmin@qacoders.com', 'password': '1234@Test'}</msg>
<var>${body}</var>
<arg>mail=sysadmin@qacoders.com</arg>
<arg>password=1234@Test</arg>
<doc>Creates and returns a dictionary based on the given ``items``.</doc>
<status status="PASS" start="2025-08-18T20:39:11.319366" elapsed="0.000640"/>
</kw>
<kw name="Criar Sessão" owner="login">
<kw name="Create Dictionary" owner="BuiltIn">
<msg time="2025-08-18T20:39:11.322334" level="INFO">${headers} = {'accept': 'application/json', 'Content-Type': 'application/json'}</msg>
<var>${headers}</var>
<arg>accept=application/json</arg>
<arg>Content-Type=application/json</arg>
<doc>Creates and returns a dictionary based on the given ``items``.</doc>
<status status="PASS" start="2025-08-18T20:39:11.321819" elapsed="0.000580"/>
</kw>
<kw name="Create Session" owner="RequestsLibrary">
<msg time="2025-08-18T20:39:11.323210" level="INFO">Creating Session using : alias=develop, url=https://api-invictus.qacoders.dev.br/api, headers={'accept': 'application/json', 'Content-Type': 'application/json'},                     cookies={}, auth=None, timeout=None, proxies=None, verify=True,                     debug=0 </msg>
<arg>alias=develop</arg>
<arg>url=${baseURL}</arg>
<arg>headers=${headers}</arg>
<arg>verify=true</arg>
<doc>Create Session: create a HTTP session to a server</doc>
<status status="PASS" start="2025-08-18T20:39:11.322629" elapsed="0.001104"/>
</kw>
<status status="PASS" start="2025-08-18T20:39:11.321023" elapsed="0.002901"/>
</kw>
<kw name="POST On Session" owner="RequestsLibrary">
<msg time="2025-08-18T20:39:12.068458" level="INFO">POST Request : url=https://api-invictus.qacoders.dev.br/api/login 
 path_url=/api/login 
 headers={'User-Agent': 'python-requests/2.32.4', 'Accept-Encoding': 'gzip, deflate', 'accept': 'application/json', 'Connection': 'keep-alive', 'Content-Type': 'application/json', 'Content-Length': '58'} 
 body=b'{"mail": "sysadmin@qacoders.com", "password": "1234@Test"}' 
 </msg>
<msg time="2025-08-18T20:39:12.068563" level="INFO">POST Response : url=https://api-invictus.qacoders.dev.br/api/login 
 status=200, reason=OK 
 headers={'Access-Control-Allow-Origin': '*', 'Content-Length': '1334', 'Content-Type': 'application/json; charset=utf-8', 'Date': 'Mon, 18 Aug 2025 23:39:02 GMT', 'Etag': 'W/"536-Cg3+IBQCH4cT9LrApvaRPWfW6uA"', 'X-Powered-By': 'Express'} 
 body={"msg":"Olá Qa-Coders-SYSADMIN, autenticação autorizada com sucesso!","user":{"_id":"689cd9ac715d88a4297cebed","fullName":"Qa-Coders-SYSADMIN","mail":"sysadmin@qacoders.com","password":"$2b$10$LY8JLNopE0TPJoieGwNjNeUlqaKO9QDTOCv81mOmAoJfzMExVeRIK","accessProfile":"SYSADMIN","cpf":"11111111111","status":true,"audit":[{"registeredBy":{"userId":"111111111111111111","userLogin":"sysadmin@qacoders.com"},"registrationDate":"quarta-feira, 13/08/2025, 15:30:03 BRT","registrationNumber":"01","companyId":"Qa.Coders","_id":"689cd9ac715d88a4297cebee"}],"__v":0},"token":"eyJhbGciOiJIUzI1NiIsInR5cCI6IkpXVCJ9.eyJfaWQiOiI2ODljZDlhYzcxNWQ4OGE0Mjk3Y2ViZWQiLCJmdWxsTmFtZSI6IlFhLUNvZGVycy1TWVNBRE1JTiIsIm1haWwiOiJzeXNhZG1pbkBxYWNvZGVycy5jb20iLCJwYXNzd29yZCI6IiQyYiQxMCRMWThKTE5vcEUwVFBKb2llR3dOak5lVWxxYUtPOVFEVE9DdjgxbU9tQW9KZnpNRXhWZVJJSyIsImFjY2Vzc1Byb2ZpbGUiOiJTWVNBRE1JTiIsImNwZiI6IjExMTExMTExMTExIiwic3RhdHVzIjp0cnVlLCJhdWRpdCI6W3sicmVnaXN0ZXJlZEJ5Ijp7InVzZXJJZCI6IjExMTExMTExMTExMTExMTExMSIsInVzZXJMb2dpbiI6InN5c2FkbWluQHFhY29kZXJzLmNvbSJ9LCJyZWdpc3RyYXRpb25EYXRlIjoicXVhcnRhLWZlaXJhLCAxMy8wOC8yMDI1LCAxNTozMDowMyBCUlQiLCJyZWdpc3RyYXRpb25OdW1iZXIiOiIwMSIsImNvbXBhbnlJZCI6IlFhLkNvZGVycyIsIl9pZCI6IjY4OWNkOWFjNzE1ZDg4YTQyOTdjZWJlZSJ9XSwiX192IjowLCJpYXQiOjE3NTU1NjAzNDIsImV4cCI6MTc1NTY0Njc0Mn0.dX2iH0pbXvkXNCRDfXGyGxWkkIMVJC3-Z15nNB51exk"} 
 </msg>
<msg time="2025-08-18T20:39:12.068687" level="INFO">${resposta} = &lt;Response [200]&gt;</msg>
<var>${resposta}</var>
<arg>alias=develop</arg>
<arg>url=/login</arg>
<arg>json=${body}</arg>
<doc>Sends a POST request on a previously created HTTP Session.</doc>
<status status="PASS" start="2025-08-18T20:39:11.324182" elapsed="0.744527"/>
</kw>
<kw name="Status Should Be" owner="RequestsLibrary">
<arg>200</arg>
<arg>${resposta}</arg>
<doc>Fails if response status code is different than the expected.</doc>
<status status="PASS" start="2025-08-18T20:39:12.068852" elapsed="0.000209"/>
</kw>
<kw name="Set Suite Variable" owner="BuiltIn">
<msg time="2025-08-18T20:39:12.069844" level="INFO">${TOKEN} = eyJhbGciOiJIUzI1NiIsInR5cCI6IkpXVCJ9.eyJfaWQiOiI2ODljZDlhYzcxNWQ4OGE0Mjk3Y2ViZWQiLCJmdWxsTmFtZSI6IlFhLUNvZGVycy1TWVNBRE1JTiIsIm1haWwiOiJzeXNhZG1pbkBxYWNvZGVycy5jb20iLCJwYXNzd29yZCI6IiQyYiQxMCRMWThKTE5...</msg>
<arg>${TOKEN}</arg>
<arg>${resposta.json()["token"]}</arg>
<doc>Makes a variable available everywhere within the scope of the current suite.</doc>
<status status="PASS" start="2025-08-18T20:39:12.069166" elapsed="0.000723"/>
</kw>
<return>
<value>${resposta.json()["token"]}</value>
<status status="PASS" start="2025-08-18T20:39:12.069944" elapsed="0.000050"/>
</return>
<msg time="2025-08-18T20:39:12.070274" level="INFO">${TOKEN} = eyJhbGciOiJIUzI1NiIsInR5cCI6IkpXVCJ9.eyJfaWQiOiI2ODljZDlhYzcxNWQ4OGE0Mjk3Y2ViZWQiLCJmdWxsTmFtZSI6IlFhLUNvZGVycy1TWVNBRE1JTiIsIm1haWwiOiJzeXNhZG1pbkBxYWNvZGVycy5jb20iLCJwYXNzd29yZCI6IiQyYiQxMCRMWThKTE5...</msg>
<var>${TOKEN}</var>
<status status="PASS" start="2025-08-18T20:39:11.318496" elapsed="0.751799"/>
</kw>
<kw name="Create Dictionary" owner="BuiltIn">
<msg time="2025-08-18T20:39:12.070541" level="INFO">${headers} = {'accept': 'application/json', 'Authorization': 'eyJhbGciOiJIUzI1NiIsInR5cCI6IkpXVCJ9.eyJfaWQiOiI2ODljZDlhYzcxNWQ4OGE0Mjk3Y2ViZWQiLCJmdWxsTmFtZSI6IlFhLUNvZGVycy1TWVNBRE1JTiIsIm1haWwiOiJzeXNhZG1pbkBxYW...</msg>
<var>${headers}</var>
<arg>accept=application/json</arg>
<arg>Authorization=${TOKEN}</arg>
<doc>Creates and returns a dictionary based on the given ``items``.</doc>
<status status="PASS" start="2025-08-18T20:39:12.070384" elapsed="0.000177"/>
</kw>
<kw name="Create Session" owner="RequestsLibrary">
<msg time="2025-08-18T20:39:12.070799" level="INFO">Creating Session using : alias=develop, url=https://api-invictus.qacoders.dev.br/api, headers={'accept': 'application/json', 'Authorization': 'eyJhbGciOiJIUzI1NiIsInR5cCI6IkpXVCJ9.eyJfaWQiOiI2ODljZDlhYzcxNWQ4OGE0Mjk3Y2ViZWQiLCJmdWxsTmFtZSI6IlFhLUNvZGVycy1TWVNBRE1JTiIsIm1haWwiOiJzeXNhZG1pbkBxYWNvZGVycy5jb20iLCJwYXNzd29yZCI6IiQyYiQxMCRMWThKTE5vcEUwVFBKb2llR3dOak5lVWxxYUtPOVFEVE9DdjgxbU9tQW9KZnpNRXhWZVJJSyIsImFjY2Vzc1Byb2ZpbGUiOiJTWVNBRE1JTiIsImNwZiI6IjExMTExMTExMTExIiwic3RhdHVzIjp0cnVlLCJhdWRpdCI6W3sicmVnaXN0ZXJlZEJ5Ijp7InVzZXJJZCI6IjExMTExMTExMTExMTExMTExMSIsInVzZXJMb2dpbiI6InN5c2FkbWluQHFhY29kZXJzLmNvbSJ9LCJyZWdpc3RyYXRpb25EYXRlIjoicXVhcnRhLWZlaXJhLCAxMy8wOC8yMDI1LCAxNTozMDowMyBCUlQiLCJyZWdpc3RyYXRpb25OdW1iZXIiOiIwMSIsImNvbXBhbnlJZCI6IlFhLkNvZGVycyIsIl9pZCI6IjY4OWNkOWFjNzE1ZDg4YTQyOTdjZWJlZSJ9XSwiX192IjowLCJpYXQiOjE3NTU1NjAzNDIsImV4cCI6MTc1NTY0Njc0Mn0.dX2iH0pbXvkXNCRDfXGyGxWkkIMVJC3-Z15nNB51exk'},                     cookies={}, auth=None, timeout=None, proxies=None, verify=True,                     debug=0 </msg>
<arg>alias=develop</arg>
<arg>url=${baseURL}</arg>
<arg>headers=${headers}</arg>
<arg>verify=true</arg>
<doc>Create Session: create a HTTP session to a server</doc>
<status status="PASS" start="2025-08-18T20:39:12.070639" elapsed="0.000275"/>
</kw>
<kw name="GET On Session" owner="RequestsLibrary">
<msg time="2025-08-18T20:39:12.164834" level="INFO">GET Request : url=https://api-invictus.qacoders.dev.br/api/company 
 path_url=/api/company 
 headers={'User-Agent': 'python-requests/2.32.4', 'Accept-Encoding': 'gzip, deflate', 'accept': 'application/json', 'Connection': 'keep-alive', 'Authorization': 'eyJhbGciOiJIUzI1NiIsInR5cCI6IkpXVCJ9.eyJfaWQiOiI2ODljZDlhYzcxNWQ4OGE0Mjk3Y2ViZWQiLCJmdWxsTmFtZSI6IlFhLUNvZGVycy1TWVNBRE1JTiIsIm1haWwiOiJzeXNhZG1pbkBxYWNvZGVycy5jb20iLCJwYXNzd29yZCI6IiQyYiQxMCRMWThKTE5vcEUwVFBKb2llR3dOak5lVWxxYUtPOVFEVE9DdjgxbU9tQW9KZnpNRXhWZVJJSyIsImFjY2Vzc1Byb2ZpbGUiOiJTWVNBRE1JTiIsImNwZiI6IjExMTExMTExMTExIiwic3RhdHVzIjp0cnVlLCJhdWRpdCI6W3sicmVnaXN0ZXJlZEJ5Ijp7InVzZXJJZCI6IjExMTExMTExMTExMTExMTExMSIsInVzZXJMb2dpbiI6InN5c2FkbWluQHFhY29kZXJzLmNvbSJ9LCJyZWdpc3RyYXRpb25EYXRlIjoicXVhcnRhLWZlaXJhLCAxMy8wOC8yMDI1LCAxNTozMDowMyBCUlQiLCJyZWdpc3RyYXRpb25OdW1iZXIiOiIwMSIsImNvbXBhbnlJZCI6IlFhLkNvZGVycyIsIl9pZCI6IjY4OWNkOWFjNzE1ZDg4YTQyOTdjZWJlZSJ9XSwiX192IjowLCJpYXQiOjE3NTU1NjAzNDIsImV4cCI6MTc1NTY0Njc0Mn0.dX2iH0pbXvkXNCRDfXGyGxWkkIMVJC3-Z15nNB51exk'} 
 body=None 
 </msg>
<msg time="2025-08-18T20:39:12.164928" level="INFO">GET Response : url=https://api-invictus.qacoders.dev.br/api/company 
 status=200, reason=OK 
 headers={'Access-Control-Allow-Origin': '*', 'Content-Length': '2', 'Content-Type': 'application/json; charset=utf-8', 'Date': 'Mon, 18 Aug 2025 23:39:02 GMT', 'Etag': 'W/"2-l9Fw4VUO7kr8CvBlt4zaMCqXZ0w"', 'X-Powered-By': 'Express'} 
 body=[] 
 </msg>
<msg time="2025-08-18T20:39:12.165043" level="INFO">${resposta} = &lt;Response [200]&gt;</msg>
<var>${resposta}</var>
<arg>alias=develop</arg>
<arg>url=/company</arg>
<arg>expected_status=200</arg>
<doc>Sends a GET request on a previously created HTTP Session.</doc>
<status status="PASS" start="2025-08-18T20:39:12.070989" elapsed="0.094073"/>
</kw>
<kw name="Log" owner="BuiltIn">
<msg time="2025-08-18T20:39:12.165612" level="INFO">[]</msg>
<arg>${resposta.json()}</arg>
<doc>Logs the given message with the given level.</doc>
<status status="PASS" start="2025-08-18T20:39:12.165237" elapsed="0.000415"/>
</kw>
<return>
<value>${resposta.json()}</value>
<status status="PASS" start="2025-08-18T20:39:12.165704" elapsed="0.000048"/>
</return>
<status status="PASS" start="2025-08-18T20:39:11.317552" elapsed="0.848466"/>
</kw>
<status status="PASS" start="2025-08-18T20:39:11.315670" elapsed="0.850761"/>
</test>
<test id="s1-s1-s1-t2" name="Buscar Company por ID" line="11">
<kw name="Cadastrar Company com Sucesso" owner="company">
<kw name="Login com sysadmin" owner="login">
<kw name="Create Dictionary" owner="BuiltIn">
<msg time="2025-08-18T20:39:12.168304" level="INFO">${body} = {'mail': 'sysadmin@qacoders.com', 'password': '1234@Test'}</msg>
<var>${body}</var>
<arg>mail=sysadmin@qacoders.com</arg>
<arg>password=1234@Test</arg>
<doc>Creates and returns a dictionary based on the given ``items``.</doc>
<status status="PASS" start="2025-08-18T20:39:12.168170" elapsed="0.000157"/>
</kw>
<kw name="Criar Sessão" owner="login">
<kw name="Create Dictionary" owner="BuiltIn">
<msg time="2025-08-18T20:39:12.168683" level="INFO">${headers} = {'accept': 'application/json', 'Content-Type': 'application/json'}</msg>
<var>${headers}</var>
<arg>accept=application/json</arg>
<arg>Content-Type=application/json</arg>
<doc>Creates and returns a dictionary based on the given ``items``.</doc>
<status status="PASS" start="2025-08-18T20:39:12.168571" elapsed="0.000129"/>
</kw>
<kw name="Create Session" owner="RequestsLibrary">
<msg time="2025-08-18T20:39:12.168925" level="INFO">Creating Session using : alias=develop, url=https://api-invictus.qacoders.dev.br/api, headers={'accept': 'application/json', 'Content-Type': 'application/json'},                     cookies={}, auth=None, timeout=None, proxies=None, verify=True,                     debug=0 </msg>
<arg>alias=develop</arg>
<arg>url=${baseURL}</arg>
<arg>headers=${headers}</arg>
<arg>verify=true</arg>
<doc>Create Session: create a HTTP session to a server</doc>
<status status="PASS" start="2025-08-18T20:39:12.168769" elapsed="0.000271"/>
</kw>
<status status="PASS" start="2025-08-18T20:39:12.168427" elapsed="0.000666"/>
</kw>
<kw name="POST On Session" owner="RequestsLibrary">
<msg time="2025-08-18T20:39:12.963339" level="INFO">POST Request : url=https://api-invictus.qacoders.dev.br/api/login 
 path_url=/api/login 
 headers={'User-Agent': 'python-requests/2.32.4', 'Accept-Encoding': 'gzip, deflate', 'accept': 'application/json', 'Connection': 'keep-alive', 'Content-Type': 'application/json', 'Content-Length': '58'} 
 body=b'{"mail": "sysadmin@qacoders.com", "password": "1234@Test"}' 
 </msg>
<msg time="2025-08-18T20:39:12.963451" level="INFO">POST Response : url=https://api-invictus.qacoders.dev.br/api/login 
 status=200, reason=OK 
 headers={'Access-Control-Allow-Origin': '*', 'Content-Length': '1334', 'Content-Type': 'application/json; charset=utf-8', 'Date': 'Mon, 18 Aug 2025 23:39:02 GMT', 'Etag': 'W/"536-sQFglzPQqVSx8jXirUo+c6dJHCI"', 'X-Powered-By': 'Express'} 
 body={"msg":"Olá Qa-Coders-SYSADMIN, autenticação autorizada com sucesso!","user":{"_id":"689cd9ac715d88a4297cebed","fullName":"Qa-Coders-SYSADMIN","mail":"sysadmin@qacoders.com","password":"$2b$10$LY8JLNopE0TPJoieGwNjNeUlqaKO9QDTOCv81mOmAoJfzMExVeRIK","accessProfile":"SYSADMIN","cpf":"11111111111","status":true,"audit":[{"registeredBy":{"userId":"111111111111111111","userLogin":"sysadmin@qacoders.com"},"registrationDate":"quarta-feira, 13/08/2025, 15:30:03 BRT","registrationNumber":"01","companyId":"Qa.Coders","_id":"689cd9ac715d88a4297cebee"}],"__v":0},"token":"eyJhbGciOiJIUzI1NiIsInR5cCI6IkpXVCJ9.eyJfaWQiOiI2ODljZDlhYzcxNWQ4OGE0Mjk3Y2ViZWQiLCJmdWxsTmFtZSI6IlFhLUNvZGVycy1TWVNBRE1JTiIsIm1haWwiOiJzeXNhZG1pbkBxYWNvZGVycy5jb20iLCJwYXNzd29yZCI6IiQyYiQxMCRMWThKTE5vcEUwVFBKb2llR3dOak5lVWxxYUtPOVFEVE9DdjgxbU9tQW9KZnpNRXhWZVJJSyIsImFjY2Vzc1Byb2ZpbGUiOiJTWVNBRE1JTiIsImNwZiI6IjExMTExMTExMTExIiwic3RhdHVzIjp0cnVlLCJhdWRpdCI6W3sicmVnaXN0ZXJlZEJ5Ijp7InVzZXJJZCI6IjExMTExMTExMTExMTExMTExMSIsInVzZXJMb2dpbiI6InN5c2FkbWluQHFhY29kZXJzLmNvbSJ9LCJyZWdpc3RyYXRpb25EYXRlIjoicXVhcnRhLWZlaXJhLCAxMy8wOC8yMDI1LCAxNTozMDowMyBCUlQiLCJyZWdpc3RyYXRpb25OdW1iZXIiOiIwMSIsImNvbXBhbnlJZCI6IlFhLkNvZGVycyIsIl9pZCI6IjY4OWNkOWFjNzE1ZDg4YTQyOTdjZWJlZSJ9XSwiX192IjowLCJpYXQiOjE3NTU1NjAzNDMsImV4cCI6MTc1NTY0Njc0M30.BlHqZeCg8zZzaQosGHMkMds9q_6dzWkqC-X_CDaHT8Q"} 
 </msg>
<msg time="2025-08-18T20:39:12.963681" level="INFO">${resposta} = &lt;Response [200]&gt;</msg>
<var>${resposta}</var>
<arg>alias=develop</arg>
<arg>url=/login</arg>
<arg>json=${body}</arg>
<doc>Sends a POST request on a previously created HTTP Session.</doc>
<status status="PASS" start="2025-08-18T20:39:12.169163" elapsed="0.794544"/>
</kw>
<kw name="Status Should Be" owner="RequestsLibrary">
<arg>200</arg>
<arg>${resposta}</arg>
<doc>Fails if response status code is different than the expected.</doc>
<status status="PASS" start="2025-08-18T20:39:12.963891" elapsed="0.000181"/>
</kw>
<kw name="Set Suite Variable" owner="BuiltIn">
<msg time="2025-08-18T20:39:12.964532" level="INFO">${TOKEN} = eyJhbGciOiJIUzI1NiIsInR5cCI6IkpXVCJ9.eyJfaWQiOiI2ODljZDlhYzcxNWQ4OGE0Mjk3Y2ViZWQiLCJmdWxsTmFtZSI6IlFhLUNvZGVycy1TWVNBRE1JTiIsIm1haWwiOiJzeXNhZG1pbkBxYWNvZGVycy5jb20iLCJwYXNzd29yZCI6IiQyYiQxMCRMWThKTE5...</msg>
<arg>${TOKEN}</arg>
<arg>${resposta.json()["token"]}</arg>
<doc>Makes a variable available everywhere within the scope of the current suite.</doc>
<status status="PASS" start="2025-08-18T20:39:12.964170" elapsed="0.000398"/>
</kw>
<return>
<value>${resposta.json()["token"]}</value>
<status status="PASS" start="2025-08-18T20:39:12.964613" elapsed="0.000033"/>
</return>
<msg time="2025-08-18T20:39:12.964930" level="INFO">${TOKEN} = eyJhbGciOiJIUzI1NiIsInR5cCI6IkpXVCJ9.eyJfaWQiOiI2ODljZDlhYzcxNWQ4OGE0Mjk3Y2ViZWQiLCJmdWxsTmFtZSI6IlFhLUNvZGVycy1TWVNBRE1JTiIsIm1haWwiOiJzeXNhZG1pbkBxYWNvZGVycy5jb20iLCJwYXNzd29yZCI6IiQyYiQxMCRMWThKTE5...</msg>
<var>${TOKEN}</var>
<status status="PASS" start="2025-08-18T20:39:12.168031" elapsed="0.796920"/>
</kw>
<kw name="Create Dictionary" owner="BuiltIn">
<msg time="2025-08-18T20:39:12.965356" level="INFO">${headers} = {'accept': 'application/json', 'Content-Type': 'application/json', 'Authorization': 'eyJhbGciOiJIUzI1NiIsInR5cCI6IkpXVCJ9.eyJfaWQiOiI2ODljZDlhYzcxNWQ4OGE0Mjk3Y2ViZWQiLCJmdWxsTmFtZSI6IlFhLUNvZGVycy1TWV...</msg>
<var>${headers}</var>
<arg>accept=application/json</arg>
<arg>Content-Type=application/json</arg>
<arg>Authorization=${TOKEN}</arg>
<doc>Creates and returns a dictionary based on the given ``items``.</doc>
<status status="PASS" start="2025-08-18T20:39:12.965089" elapsed="0.000288"/>
</kw>
<kw name="Create Session" owner="RequestsLibrary">
<msg time="2025-08-18T20:39:12.965636" level="INFO">Creating Session using : alias=develop, url=https://api-invictus.qacoders.dev.br/api, headers={'accept': 'application/json', 'Content-Type': 'application/json', 'Authorization': 'eyJhbGciOiJIUzI1NiIsInR5cCI6IkpXVCJ9.eyJfaWQiOiI2ODljZDlhYzcxNWQ4OGE0Mjk3Y2ViZWQiLCJmdWxsTmFtZSI6IlFhLUNvZGVycy1TWVNBRE1JTiIsIm1haWwiOiJzeXNhZG1pbkBxYWNvZGVycy5jb20iLCJwYXNzd29yZCI6IiQyYiQxMCRMWThKTE5vcEUwVFBKb2llR3dOak5lVWxxYUtPOVFEVE9DdjgxbU9tQW9KZnpNRXhWZVJJSyIsImFjY2Vzc1Byb2ZpbGUiOiJTWVNBRE1JTiIsImNwZiI6IjExMTExMTExMTExIiwic3RhdHVzIjp0cnVlLCJhdWRpdCI6W3sicmVnaXN0ZXJlZEJ5Ijp7InVzZXJJZCI6IjExMTExMTExMTExMTExMTExMSIsInVzZXJMb2dpbiI6InN5c2FkbWluQHFhY29kZXJzLmNvbSJ9LCJyZWdpc3RyYXRpb25EYXRlIjoicXVhcnRhLWZlaXJhLCAxMy8wOC8yMDI1LCAxNTozMDowMyBCUlQiLCJyZWdpc3RyYXRpb25OdW1iZXIiOiIwMSIsImNvbXBhbnlJZCI6IlFhLkNvZGVycyIsIl9pZCI6IjY4OWNkOWFjNzE1ZDg4YTQyOTdjZWJlZSJ9XSwiX192IjowLCJpYXQiOjE3NTU1NjAzNDMsImV4cCI6MTc1NTY0Njc0M30.BlHqZeCg8zZzaQosGHMkMds9q_6dzWkqC-X_CDaHT8Q'},                     cookies={}, auth=None, timeout=None, proxies=None, verify=True,                     debug=0 </msg>
<arg>alias=develop</arg>
<arg>url=${baseURL}</arg>
<arg>headers=${headers}</arg>
<arg>verify=true</arg>
<doc>Create Session: create a HTTP session to a server</doc>
<status status="PASS" start="2025-08-18T20:39:12.965476" elapsed="0.000281"/>
</kw>
<kw name="Criar Company" owner="company">
<kw name="Generate Random String" owner="String">
<msg time="2025-08-18T20:39:12.966367" level="INFO">${nome1_raw} = bknprt</msg>
<var>${nome1_raw}</var>
<arg>length=6</arg>
<arg>chars=[LOWER]</arg>
<doc>Generates a string with a desired ``length`` from the given ``chars``.</doc>
<status status="PASS" start="2025-08-18T20:39:12.966150" elapsed="0.000247"/>
</kw>
<kw name="Convert To Title Case" owner="String">
<msg time="2025-08-18T20:39:12.966811" level="INFO">${nome1} = Bknprt</msg>
<var>${nome1}</var>
<arg>${nome1_raw}</arg>
<doc>Converts string to title case.</doc>
<status status="PASS" start="2025-08-18T20:39:12.966582" elapsed="0.000250"/>
</kw>
<kw name="Generate Random String" owner="String">
<msg time="2025-08-18T20:39:12.967073" level="INFO">${nome2_raw} = bitmuyds</msg>
<var>${nome2_raw}</var>
<arg>length=8</arg>
<arg>chars=[LOWER]</arg>
<doc>Generates a string with a desired ``length`` from the given ``chars``.</doc>
<status status="PASS" start="2025-08-18T20:39:12.966912" elapsed="0.000179"/>
</kw>
<kw name="Convert To Title Case" owner="String">
<msg time="2025-08-18T20:39:12.967260" level="INFO">${nome2} = Bitmuyds</msg>
<var>${nome2}</var>
<arg>${nome2_raw}</arg>
<doc>Converts string to title case.</doc>
<status status="PASS" start="2025-08-18T20:39:12.967158" elapsed="0.000119"/>
</kw>
<kw name="Set Variable" owner="BuiltIn">
<msg time="2025-08-18T20:39:12.967458" level="INFO">${responsavel} = Bknprt Bitmuyds</msg>
<var>${responsavel}</var>
<arg>${nome1} ${nome2}</arg>
<doc>Returns the given values which can then be assigned to a variables.</doc>
<status status="PASS" start="2025-08-18T20:39:12.967345" elapsed="0.000129"/>
</kw>
<kw name="Should Match Regexp" owner="BuiltIn">
<arg>${responsavel}</arg>
<arg>^[A-Z][a-z]+ [A-Z][a-z]+$</arg>
<doc>Fails if ``string`` does not match ``pattern`` as a regular expression.</doc>
<status status="PASS" start="2025-08-18T20:39:12.967541" elapsed="0.000152"/>
</kw>
<kw name="Generate Random String" owner="String">
<msg time="2025-08-18T20:39:12.967969" level="INFO">${telefone_aleatorio} = 648155457</msg>
<var>${telefone_aleatorio}</var>
<arg>length=9</arg>
<arg>chars=[NUMBERS]</arg>
<doc>Generates a string with a desired ``length`` from the given ``chars``.</doc>
<status status="PASS" start="2025-08-18T20:39:12.967820" elapsed="0.000168"/>
</kw>
<kw name="Set Variable" owner="BuiltIn">
<msg time="2025-08-18T20:39:12.968145" level="INFO">${telefone_random} = 5511648155457</msg>
<var>${telefone_random}</var>
<arg>5511${telefone_aleatorio}</arg>
<doc>Returns the given values which can then be assigned to a variables.</doc>
<status status="PASS" start="2025-08-18T20:39:12.968055" elapsed="0.000105"/>
</kw>
<kw name="Evaluate" owner="BuiltIn">
<msg time="2025-08-18T20:39:12.968382" level="INFO">${numero_random} = 543</msg>
<var>${numero_random}</var>
<arg>random.randint(1, 9999)</arg>
<arg>modules=random</arg>
<doc>Evaluates the given expression in Python and returns the result.</doc>
<status status="PASS" start="2025-08-18T20:39:12.968224" elapsed="0.000175"/>
</kw>
<kw name="Evaluate" owner="BuiltIn">
<msg time="2025-08-18T20:39:12.969015" level="INFO">${cep_random} = 04777001</msg>
<var>${cep_random}</var>
<arg>random.choice(["04777001", "01001000", "12345678"])</arg>
<arg>modules=random</arg>
<doc>Evaluates the given expression in Python and returns the result.</doc>
<status status="PASS" start="2025-08-18T20:39:12.968470" elapsed="0.000565"/>
</kw>
<kw name="Evaluate" owner="BuiltIn">
<msg time="2025-08-18T20:39:12.969259" level="INFO">${cidade_random} = Curitiba</msg>
<var>${cidade_random}</var>
<arg>random.choice(["São Paulo", "Rio de Janeiro", "Curitiba"])</arg>
<arg>modules=random</arg>
<doc>Evaluates the given expression in Python and returns the result.</doc>
<status status="PASS" start="2025-08-18T20:39:12.969112" elapsed="0.000167"/>
</kw>
<kw name="Evaluate" owner="BuiltIn">
<msg time="2025-08-18T20:39:12.969484" level="INFO">${estado_random} = RJ</msg>
<var>${estado_random}</var>
<arg>random.choice(["SP", "RJ", "PR"])</arg>
<arg>modules=random</arg>
<doc>Evaluates the given expression in Python and returns the result.</doc>
<status status="PASS" start="2025-08-18T20:39:12.969354" elapsed="0.000147"/>
</kw>
<kw name="Generate Random String" owner="String">
<msg time="2025-08-18T20:39:12.969784" level="INFO">${bairro_random_raw} = ryeafcdc</msg>
<var>${bairro_random_raw}</var>
<arg>length=8</arg>
<arg>chars=[LOWER]</arg>
<doc>Generates a string with a desired ``length`` from the given ``chars``.</doc>
<status status="PASS" start="2025-08-18T20:39:12.969570" elapsed="0.000235"/>
</kw>
<kw name="Convert To Title Case" owner="String">
<msg time="2025-08-18T20:39:12.969978" level="INFO">${bairro_random} = Ryeafcdc</msg>
<var>${bairro_random}</var>
<arg>${bairro_random_raw}</arg>
<doc>Converts string to title case.</doc>
<status status="PASS" start="2025-08-18T20:39:12.969877" elapsed="0.000117"/>
</kw>
<kw name="Generate Random String" owner="String">
<msg time="2025-08-18T20:39:12.970181" level="INFO">${rua_random_raw} = eiahlcowgpvh</msg>
<var>${rua_random_raw}</var>
<arg>length=12</arg>
<arg>chars=[LOWER]</arg>
<doc>Generates a string with a desired ``length`` from the given ``chars``.</doc>
<status status="PASS" start="2025-08-18T20:39:12.970056" elapsed="0.000143"/>
</kw>
<kw name="Convert To Title Case" owner="String">
<msg time="2025-08-18T20:39:12.970372" level="INFO">${rua_random} = Eiahlcowgpvh</msg>
<var>${rua_random}</var>
<arg>${rua_random_raw}</arg>
<doc>Converts string to title case.</doc>
<status status="PASS" start="2025-08-18T20:39:12.970274" elapsed="0.000194"/>
</kw>
<kw name="Evaluate" owner="BuiltIn">
<msg time="2025-08-18T20:39:12.970705" level="INFO">${complemento_numero} = 83</msg>
<var>${complemento_numero}</var>
<arg>random.randint(1, 500)</arg>
<arg>modules=random</arg>
<doc>Evaluates the given expression in Python and returns the result.</doc>
<status status="PASS" start="2025-08-18T20:39:12.970552" elapsed="0.000170"/>
</kw>
<kw name="Set Variable" owner="BuiltIn">
<msg time="2025-08-18T20:39:12.971013" level="INFO">${complemento_random} = Apt 83</msg>
<var>${complemento_random}</var>
<arg>Apt ${complemento_numero}</arg>
<doc>Returns the given values which can then be assigned to a variables.</doc>
<status status="PASS" start="2025-08-18T20:39:12.970902" elapsed="0.000130"/>
</kw>
<kw name="Create Dictionary" owner="BuiltIn">
<msg time="2025-08-18T20:39:12.971840" level="INFO">${body} = {'corporateName': 'Empresa Bknprt', 'registerCompany': '12345678000199', 'mail': 'testbknprt@teste.com', 'matriz': 'Matriz Bknprt', 'responsibleContact': 'Bknprt Bitmuyds', 'telephone': '5511648155457...</msg>
<var>${body}</var>
<arg>corporateName=Empresa ${nome1}</arg>
<arg>registerCompany=12345678000199</arg>
<arg>mail=test${nome1.lower()}@teste.com</arg>
<arg>matriz=Matriz ${nome1}</arg>
<arg>responsibleContact=${responsavel}</arg>
<arg>telephone=${telefone_random}</arg>
<arg>serviceDescription=Serviço de ${nome1}</arg>
<arg>address=@{EMPTY}</arg>
<doc>Creates and returns a dictionary based on the given ``items``.</doc>
<status status="PASS" start="2025-08-18T20:39:12.971112" elapsed="0.000751"/>
</kw>
<kw name="Create Dictionary" owner="BuiltIn">
<msg time="2025-08-18T20:39:12.972239" level="INFO">${endereco} = {'zipCode': '04777001', 'city': 'Curitiba', 'state': 'RJ', 'district': 'Ryeafcdc', 'street': 'Eiahlcowgpvh', 'number': 543, 'complement': 'Apt 83', 'country': 'Brasil'}</msg>
<var>${endereco}</var>
<arg>zipCode=${cep_random}</arg>
<arg>city=${cidade_random}</arg>
<arg>state=${estado_random}</arg>
<arg>district=${bairro_random}</arg>
<arg>street=${rua_random}</arg>
<arg>number=${numero_random}</arg>
<arg>complement=${complemento_random}</arg>
<arg>country=Brasil</arg>
<doc>Creates and returns a dictionary based on the given ``items``.</doc>
<status status="PASS" start="2025-08-18T20:39:12.971958" elapsed="0.000303"/>
</kw>
<kw name="Append To List" owner="Collections">
<arg>${body["address"]}</arg>
<arg>${endereco}</arg>
<doc>Adds ``values`` to the end of ``list``.</doc>
<status status="PASS" start="2025-08-18T20:39:12.972356" elapsed="0.000309"/>
</kw>
<return>
<value>${body}</value>
<status status="PASS" start="2025-08-18T20:39:12.972706" elapsed="0.000032"/>
</return>
<msg time="2025-08-18T20:39:12.972835" level="INFO">${body} = {'corporateName': 'Empresa Bknprt', 'registerCompany': '12345678000199', 'mail': 'testbknprt@teste.com', 'matriz': 'Matriz Bknprt', 'responsibleContact': 'Bknprt Bitmuyds', 'telephone': '5511648155457...</msg>
<var>${body}</var>
<status status="PASS" start="2025-08-18T20:39:12.965975" elapsed="0.006880"/>
</kw>
<kw name="POST On Session" owner="RequestsLibrary">
<msg time="2025-08-18T20:39:13.071068" level="INFO">POST Request : url=https://api-invictus.qacoders.dev.br/api/company 
 path_url=/api/company 
 headers={'User-Agent': 'python-requests/2.32.4', 'Accept-Encoding': 'gzip, deflate', 'accept': 'application/json', 'Connection': 'keep-alive', 'Content-Type': 'application/json', 'Authorization': 'eyJhbGciOiJIUzI1NiIsInR5cCI6IkpXVCJ9.eyJfaWQiOiI2ODljZDlhYzcxNWQ4OGE0Mjk3Y2ViZWQiLCJmdWxsTmFtZSI6IlFhLUNvZGVycy1TWVNBRE1JTiIsIm1haWwiOiJzeXNhZG1pbkBxYWNvZGVycy5jb20iLCJwYXNzd29yZCI6IiQyYiQxMCRMWThKTE5vcEUwVFBKb2llR3dOak5lVWxxYUtPOVFEVE9DdjgxbU9tQW9KZnpNRXhWZVJJSyIsImFjY2Vzc1Byb2ZpbGUiOiJTWVNBRE1JTiIsImNwZiI6IjExMTExMTExMTExIiwic3RhdHVzIjp0cnVlLCJhdWRpdCI6W3sicmVnaXN0ZXJlZEJ5Ijp7InVzZXJJZCI6IjExMTExMTExMTExMTExMTExMSIsInVzZXJMb2dpbiI6InN5c2FkbWluQHFhY29kZXJzLmNvbSJ9LCJyZWdpc3RyYXRpb25EYXRlIjoicXVhcnRhLWZlaXJhLCAxMy8wOC8yMDI1LCAxNTozMDowMyBCUlQiLCJyZWdpc3RyYXRpb25OdW1iZXIiOiIwMSIsImNvbXBhbnlJZCI6IlFhLkNvZGVycyIsIl9pZCI6IjY4OWNkOWFjNzE1ZDg4YTQyOTdjZWJlZSJ9XSwiX192IjowLCJpYXQiOjE3NTU1NjAzNDMsImV4cCI6MTc1NTY0Njc0M30.BlHqZeCg8zZzaQosGHMkMds9q_6dzWkqC-X_CDaHT8Q', 'Content-Length': '433'} 
 body=b'{"corporateName": "Empresa Bknprt", "registerCompany": "12345678000199", "mail": "testbknprt@teste.com", "matriz": "Matriz Bknprt", "responsibleContact": "Bknprt Bitmuyds", "telephone": "5511648155457", "serviceDescription": "Servi\\u00e7o de Bknprt", "address": [{"zipCode": "04777001", "city": "Curitiba", "state": "RJ", "district": "Ryeafcdc", "street": "Eiahlcowgpvh", "number": 543, "complement": "Apt 83", "country": "Brasil"}]}' 
 </msg>
<msg time="2025-08-18T20:39:13.071162" level="INFO">POST Response : url=https://api-invictus.qacoders.dev.br/api/company 
 status=400, reason=Bad Request 
 headers={'Access-Control-Allow-Origin': '*', 'Content-Length': '72', 'Content-Type': 'application/json; charset=utf-8', 'Date': 'Mon, 18 Aug 2025 23:39:03 GMT', 'Etag': 'W/"48-fTbYdh3K7lAeVrzxed8ScvU7hYo"', 'X-Powered-By': 'Express'} 
 body={"error":["O campo telefone deve conter um número válido do Brasil."]} 
 </msg>
<msg time="2025-08-18T20:39:13.071357" level="FAIL">Url: https://api-invictus.qacoders.dev.br/api/company Expected status: 400 != 201</msg>
<var>${resposta}</var>
<arg>alias=develop</arg>
<arg>url=/company</arg>
<arg>json=${body}</arg>
<arg>expected_status=201</arg>
<doc>Sends a POST request on a previously created HTTP Session.</doc>
<status status="FAIL" start="2025-08-18T20:39:12.972925" elapsed="0.100424">Url: https://api-invictus.qacoders.dev.br/api/company Expected status: 400 != 201</status>
</kw>
<kw name="Set Suite Variable" owner="BuiltIn">
<arg>${Company_ID}</arg>
<arg>${resposta.json()["newCompany"]["_id"]}</arg>
<doc>Makes a variable available everywhere within the scope of the current suite.</doc>
<status status="NOT RUN" start="2025-08-18T20:39:13.073684" elapsed="0.000042"/>
</kw>
<return>
<value>${Company_ID}</value>
<status status="NOT RUN" start="2025-08-18T20:39:13.073779" elapsed="0.000028"/>
</return>
<var>${id}</var>
<status status="FAIL" start="2025-08-18T20:39:12.167811" elapsed="0.906113">Url: https://api-invictus.qacoders.dev.br/api/company Expected status: 400 != 201</status>
</kw>
<kw name="Buscar Company Por ID" owner="company">
<arg>${id}</arg>
<status status="NOT RUN" start="2025-08-18T20:39:13.074533" elapsed="0.000084"/>
</kw>
<status status="FAIL" start="2025-08-18T20:39:12.167324" elapsed="0.907790">Url: https://api-invictus.qacoders.dev.br/api/company Expected status: 400 != 201</status>
</test>
<test id="s1-s1-s1-t3" name="Testar Contagem de Companies" line="15">
<kw name="Contar Companies" owner="company">
<kw name="Login com sysadmin" owner="login">
<kw name="Create Dictionary" owner="BuiltIn">
<msg time="2025-08-18T20:39:13.077870" level="INFO">${body} = {'mail': 'sysadmin@qacoders.com', 'password': '1234@Test'}</msg>
<var>${body}</var>
<arg>mail=sysadmin@qacoders.com</arg>
<arg>password=1234@Test</arg>
<doc>Creates and returns a dictionary based on the given ``items``.</doc>
<status status="PASS" start="2025-08-18T20:39:13.077663" elapsed="0.000244"/>
</kw>
<kw name="Criar Sessão" owner="login">
<kw name="Create Dictionary" owner="BuiltIn">
<msg time="2025-08-18T20:39:13.078428" level="INFO">${headers} = {'accept': 'application/json', 'Content-Type': 'application/json'}</msg>
<var>${headers}</var>
<arg>accept=application/json</arg>
<arg>Content-Type=application/json</arg>
<doc>Creates and returns a dictionary based on the given ``items``.</doc>
<status status="PASS" start="2025-08-18T20:39:13.078297" elapsed="0.000163"/>
</kw>
<kw name="Create Session" owner="RequestsLibrary">
<msg time="2025-08-18T20:39:13.078731" level="INFO">Creating Session using : alias=develop, url=https://api-invictus.qacoders.dev.br/api, headers={'accept': 'application/json', 'Content-Type': 'application/json'},                     cookies={}, auth=None, timeout=None, proxies=None, verify=True,                     debug=0 </msg>
<arg>alias=develop</arg>
<arg>url=${baseURL}</arg>
<arg>headers=${headers}</arg>
<arg>verify=true</arg>
<doc>Create Session: create a HTTP session to a server</doc>
<status status="PASS" start="2025-08-18T20:39:13.078563" elapsed="0.000338"/>
</kw>
<status status="PASS" start="2025-08-18T20:39:13.078052" elapsed="0.000901"/>
</kw>
<kw name="POST On Session" owner="RequestsLibrary">
<msg time="2025-08-18T20:39:13.865673" level="INFO">POST Request : url=https://api-invictus.qacoders.dev.br/api/login 
 path_url=/api/login 
 headers={'User-Agent': 'python-requests/2.32.4', 'Accept-Encoding': 'gzip, deflate', 'accept': 'application/json', 'Connection': 'keep-alive', 'Content-Type': 'application/json', 'Content-Length': '58'} 
 body=b'{"mail": "sysadmin@qacoders.com", "password": "1234@Test"}' 
 </msg>
<msg time="2025-08-18T20:39:13.865905" level="INFO">POST Response : url=https://api-invictus.qacoders.dev.br/api/login 
 status=200, reason=OK 
 headers={'Access-Control-Allow-Origin': '*', 'Content-Length': '1334', 'Content-Type': 'application/json; charset=utf-8', 'Date': 'Mon, 18 Aug 2025 23:39:03 GMT', 'Etag': 'W/"536-0mZ+w5M0v2DaiBG7ggzXRkYCM1Y"', 'X-Powered-By': 'Express'} 
 body={"msg":"Olá Qa-Coders-SYSADMIN, autenticação autorizada com sucesso!","user":{"_id":"689cd9ac715d88a4297cebed","fullName":"Qa-Coders-SYSADMIN","mail":"sysadmin@qacoders.com","password":"$2b$10$LY8JLNopE0TPJoieGwNjNeUlqaKO9QDTOCv81mOmAoJfzMExVeRIK","accessProfile":"SYSADMIN","cpf":"11111111111","status":true,"audit":[{"registeredBy":{"userId":"111111111111111111","userLogin":"sysadmin@qacoders.com"},"registrationDate":"quarta-feira, 13/08/2025, 15:30:03 BRT","registrationNumber":"01","companyId":"Qa.Coders","_id":"689cd9ac715d88a4297cebee"}],"__v":0},"token":"eyJhbGciOiJIUzI1NiIsInR5cCI6IkpXVCJ9.eyJfaWQiOiI2ODljZDlhYzcxNWQ4OGE0Mjk3Y2ViZWQiLCJmdWxsTmFtZSI6IlFhLUNvZGVycy1TWVNBRE1JTiIsIm1haWwiOiJzeXNhZG1pbkBxYWNvZGVycy5jb20iLCJwYXNzd29yZCI6IiQyYiQxMCRMWThKTE5vcEUwVFBKb2llR3dOak5lVWxxYUtPOVFEVE9DdjgxbU9tQW9KZnpNRXhWZVJJSyIsImFjY2Vzc1Byb2ZpbGUiOiJTWVNBRE1JTiIsImNwZiI6IjExMTExMTExMTExIiwic3RhdHVzIjp0cnVlLCJhdWRpdCI6W3sicmVnaXN0ZXJlZEJ5Ijp7InVzZXJJZCI6IjExMTExMTExMTExMTExMTExMSIsInVzZXJMb2dpbiI6InN5c2FkbWluQHFhY29kZXJzLmNvbSJ9LCJyZWdpc3RyYXRpb25EYXRlIjoicXVhcnRhLWZlaXJhLCAxMy8wOC8yMDI1LCAxNTozMDowMyBCUlQiLCJyZWdpc3RyYXRpb25OdW1iZXIiOiIwMSIsImNvbXBhbnlJZCI6IlFhLkNvZGVycyIsIl9pZCI6IjY4OWNkOWFjNzE1ZDg4YTQyOTdjZWJlZSJ9XSwiX192IjowLCJpYXQiOjE3NTU1NjAzNDQsImV4cCI6MTc1NTY0Njc0NH0.3Z1szy67fgHOtSs-8_dDKv0uk7bAHX6j9Xj_6OQnT4g"} 
 </msg>
<msg time="2025-08-18T20:39:13.866025" level="INFO">${resposta} = &lt;Response [200]&gt;</msg>
<var>${resposta}</var>
<arg>alias=develop</arg>
<arg>url=/login</arg>
<arg>json=${body}</arg>
<doc>Sends a POST request on a previously created HTTP Session.</doc>
<status status="PASS" start="2025-08-18T20:39:13.079019" elapsed="0.787025"/>
</kw>
<kw name="Status Should Be" owner="RequestsLibrary">
<arg>200</arg>
<arg>${resposta}</arg>
<doc>Fails if response status code is different than the expected.</doc>
<status status="PASS" start="2025-08-18T20:39:13.866181" elapsed="0.000161"/>
</kw>
<kw name="Set Suite Variable" owner="BuiltIn">
<msg time="2025-08-18T20:39:13.866923" level="INFO">${TOKEN} = eyJhbGciOiJIUzI1NiIsInR5cCI6IkpXVCJ9.eyJfaWQiOiI2ODljZDlhYzcxNWQ4OGE0Mjk3Y2ViZWQiLCJmdWxsTmFtZSI6IlFhLUNvZGVycy1TWVNBRE1JTiIsIm1haWwiOiJzeXNhZG1pbkBxYWNvZGVycy5jb20iLCJwYXNzd29yZCI6IiQyYiQxMCRMWThKTE5...</msg>
<arg>${TOKEN}</arg>
<arg>${resposta.json()["token"]}</arg>
<doc>Makes a variable available everywhere within the scope of the current suite.</doc>
<status status="PASS" start="2025-08-18T20:39:13.866434" elapsed="0.000530"/>
</kw>
<return>
<value>${resposta.json()["token"]}</value>
<status status="PASS" start="2025-08-18T20:39:13.867014" elapsed="0.000047"/>
</return>
<msg time="2025-08-18T20:39:13.867312" level="INFO">${TOKEN} = eyJhbGciOiJIUzI1NiIsInR5cCI6IkpXVCJ9.eyJfaWQiOiI2ODljZDlhYzcxNWQ4OGE0Mjk3Y2ViZWQiLCJmdWxsTmFtZSI6IlFhLUNvZGVycy1TWVNBRE1JTiIsIm1haWwiOiJzeXNhZG1pbkBxYWNvZGVycy5jb20iLCJwYXNzd29yZCI6IiQyYiQxMCRMWThKTE5...</msg>
<var>${TOKEN}</var>
<status status="PASS" start="2025-08-18T20:39:13.077435" elapsed="0.789896"/>
</kw>
<kw name="Create Dictionary" owner="BuiltIn">
<msg time="2025-08-18T20:39:13.867557" level="INFO">${headers} = {'accept': 'application/json', 'Authorization': 'eyJhbGciOiJIUzI1NiIsInR5cCI6IkpXVCJ9.eyJfaWQiOiI2ODljZDlhYzcxNWQ4OGE0Mjk3Y2ViZWQiLCJmdWxsTmFtZSI6IlFhLUNvZGVycy1TWVNBRE1JTiIsIm1haWwiOiJzeXNhZG1pbkBxYW...</msg>
<var>${headers}</var>
<arg>accept=application/json</arg>
<arg>Authorization=${TOKEN}</arg>
<doc>Creates and returns a dictionary based on the given ``items``.</doc>
<status status="PASS" start="2025-08-18T20:39:13.867415" elapsed="0.000159"/>
</kw>
<kw name="Create Session" owner="RequestsLibrary">
<msg time="2025-08-18T20:39:13.867825" level="INFO">Creating Session using : alias=develop, url=https://api-invictus.qacoders.dev.br/api, headers={'accept': 'application/json', 'Authorization': 'eyJhbGciOiJIUzI1NiIsInR5cCI6IkpXVCJ9.eyJfaWQiOiI2ODljZDlhYzcxNWQ4OGE0Mjk3Y2ViZWQiLCJmdWxsTmFtZSI6IlFhLUNvZGVycy1TWVNBRE1JTiIsIm1haWwiOiJzeXNhZG1pbkBxYWNvZGVycy5jb20iLCJwYXNzd29yZCI6IiQyYiQxMCRMWThKTE5vcEUwVFBKb2llR3dOak5lVWxxYUtPOVFEVE9DdjgxbU9tQW9KZnpNRXhWZVJJSyIsImFjY2Vzc1Byb2ZpbGUiOiJTWVNBRE1JTiIsImNwZiI6IjExMTExMTExMTExIiwic3RhdHVzIjp0cnVlLCJhdWRpdCI6W3sicmVnaXN0ZXJlZEJ5Ijp7InVzZXJJZCI6IjExMTExMTExMTExMTExMTExMSIsInVzZXJMb2dpbiI6InN5c2FkbWluQHFhY29kZXJzLmNvbSJ9LCJyZWdpc3RyYXRpb25EYXRlIjoicXVhcnRhLWZlaXJhLCAxMy8wOC8yMDI1LCAxNTozMDowMyBCUlQiLCJyZWdpc3RyYXRpb25OdW1iZXIiOiIwMSIsImNvbXBhbnlJZCI6IlFhLkNvZGVycyIsIl9pZCI6IjY4OWNkOWFjNzE1ZDg4YTQyOTdjZWJlZSJ9XSwiX192IjowLCJpYXQiOjE3NTU1NjAzNDQsImV4cCI6MTc1NTY0Njc0NH0.3Z1szy67fgHOtSs-8_dDKv0uk7bAHX6j9Xj_6OQnT4g'},                     cookies={}, auth=None, timeout=None, proxies=None, verify=True,                     debug=0 </msg>
<arg>alias=develop</arg>
<arg>url=${baseURL}</arg>
<arg>headers=${headers}</arg>
<arg>verify=true</arg>
<doc>Create Session: create a HTTP session to a server</doc>
<status status="PASS" start="2025-08-18T20:39:13.867644" elapsed="0.000301"/>
</kw>
<kw name="GET On Session" owner="RequestsLibrary">
<msg time="2025-08-18T20:39:13.963749" level="INFO">GET Request : url=https://api-invictus.qacoders.dev.br/api/company/count 
 path_url=/api/company/count 
 headers={'User-Agent': 'python-requests/2.32.4', 'Accept-Encoding': 'gzip, deflate', 'accept': 'application/json', 'Connection': 'keep-alive', 'Authorization': 'eyJhbGciOiJIUzI1NiIsInR5cCI6IkpXVCJ9.eyJfaWQiOiI2ODljZDlhYzcxNWQ4OGE0Mjk3Y2ViZWQiLCJmdWxsTmFtZSI6IlFhLUNvZGVycy1TWVNBRE1JTiIsIm1haWwiOiJzeXNhZG1pbkBxYWNvZGVycy5jb20iLCJwYXNzd29yZCI6IiQyYiQxMCRMWThKTE5vcEUwVFBKb2llR3dOak5lVWxxYUtPOVFEVE9DdjgxbU9tQW9KZnpNRXhWZVJJSyIsImFjY2Vzc1Byb2ZpbGUiOiJTWVNBRE1JTiIsImNwZiI6IjExMTExMTExMTExIiwic3RhdHVzIjp0cnVlLCJhdWRpdCI6W3sicmVnaXN0ZXJlZEJ5Ijp7InVzZXJJZCI6IjExMTExMTExMTExMTExMTExMSIsInVzZXJMb2dpbiI6InN5c2FkbWluQHFhY29kZXJzLmNvbSJ9LCJyZWdpc3RyYXRpb25EYXRlIjoicXVhcnRhLWZlaXJhLCAxMy8wOC8yMDI1LCAxNTozMDowMyBCUlQiLCJyZWdpc3RyYXRpb25OdW1iZXIiOiIwMSIsImNvbXBhbnlJZCI6IlFhLkNvZGVycyIsIl9pZCI6IjY4OWNkOWFjNzE1ZDg4YTQyOTdjZWJlZSJ9XSwiX192IjowLCJpYXQiOjE3NTU1NjAzNDQsImV4cCI6MTc1NTY0Njc0NH0.3Z1szy67fgHOtSs-8_dDKv0uk7bAHX6j9Xj_6OQnT4g'} 
 body=None 
 </msg>
<msg time="2025-08-18T20:39:13.963860" level="INFO">GET Response : url=https://api-invictus.qacoders.dev.br/api/company/count 
 status=404, reason=Not Found 
 headers={'Access-Control-Allow-Origin': '*', 'Content-Length': '67', 'Content-Type': 'application/json; charset=utf-8', 'Date': 'Mon, 18 Aug 2025 23:39:04 GMT', 'Etag': 'W/"43-GSb8bQbjNVCD1R6fp2OqUSOL6WI"', 'X-Powered-By': 'Express'} 
 body={"alert":["Não existem companhias cadastradas em nosso sistema."]} 
 </msg>
<msg time="2025-08-18T20:39:13.963966" level="FAIL">Url: https://api-invictus.qacoders.dev.br/api/company/count Expected status: 404 != 200</msg>
<var>${resposta}</var>
<arg>alias=develop</arg>
<arg>url=/company/count</arg>
<arg>expected_status=200</arg>
<doc>Sends a GET request on a previously created HTTP Session.</doc>
<status status="FAIL" start="2025-08-18T20:39:13.868025" elapsed="0.096701">Url: https://api-invictus.qacoders.dev.br/api/company/count Expected status: 404 != 200</status>
</kw>
<kw name="Log" owner="BuiltIn">
<arg>${resposta.json()}</arg>
<doc>Logs the given message with the given level.</doc>
<status status="NOT RUN" start="2025-08-18T20:39:13.964888" elapsed="0.000028"/>
</kw>
<return>
<value>${resposta.json()}</value>
<status status="NOT RUN" start="2025-08-18T20:39:13.964952" elapsed="0.000020"/>
</return>
<var>${resultado}</var>
<status status="FAIL" start="2025-08-18T20:39:13.077094" elapsed="0.888008">Url: https://api-invictus.qacoders.dev.br/api/company/count Expected status: 404 != 200</status>
</kw>
<kw name="Should Be True" owner="BuiltIn">
<arg>${resultado['count']} &gt;= 0</arg>
<arg>msg=Contagem inválida</arg>
<doc>Fails if the given condition is not true.</doc>
<status status="NOT RUN" start="2025-08-18T20:39:13.965707" elapsed="0.000050"/>
</kw>
<status status="FAIL" start="2025-08-18T20:39:13.076476" elapsed="0.889772">Url: https://api-invictus.qacoders.dev.br/api/company/count Expected status: 404 != 200</status>
</test>
<status status="FAIL" start="2025-08-18T20:39:10.515019" elapsed="3.452902"/>
</suite>
<suite id="s1-s1-s2" name="Post.Company Test" source="C:\Users\aline\invictus-academyt14-api-robot\tests\company\post.company_test.robot">
<test id="s1-s1-s2-t1" name="Cadastrar Nova Company Com Sucesso" line="6">
<kw name="Cadastrar Company com Sucesso" owner="company">
<kw name="Login com sysadmin" owner="login">
<kw name="Create Dictionary" owner="BuiltIn">
<msg time="2025-08-18T20:39:13.978193" level="INFO">${body} = {'mail': 'sysadmin@qacoders.com', 'password': '1234@Test'}</msg>
<var>${body}</var>
<arg>mail=sysadmin@qacoders.com</arg>
<arg>password=1234@Test</arg>
<doc>Creates and returns a dictionary based on the given ``items``.</doc>
<status status="PASS" start="2025-08-18T20:39:13.977954" elapsed="0.000272"/>
</kw>
<kw name="Criar Sessão" owner="login">
<kw name="Create Dictionary" owner="BuiltIn">
<msg time="2025-08-18T20:39:13.978665" level="INFO">${headers} = {'accept': 'application/json', 'Content-Type': 'application/json'}</msg>
<var>${headers}</var>
<arg>accept=application/json</arg>
<arg>Content-Type=application/json</arg>
<doc>Creates and returns a dictionary based on the given ``items``.</doc>
<status status="PASS" start="2025-08-18T20:39:13.978530" elapsed="0.000163"/>
</kw>
<kw name="Create Session" owner="RequestsLibrary">
<msg time="2025-08-18T20:39:13.979044" level="INFO">Creating Session using : alias=develop, url=https://api-invictus.qacoders.dev.br/api, headers={'accept': 'application/json', 'Content-Type': 'application/json'},                     cookies={}, auth=None, timeout=None, proxies=None, verify=True,                     debug=0 </msg>
<arg>alias=develop</arg>
<arg>url=${baseURL}</arg>
<arg>headers=${headers}</arg>
<arg>verify=true</arg>
<doc>Create Session: create a HTTP session to a server</doc>
<status status="PASS" start="2025-08-18T20:39:13.978799" elapsed="0.000391"/>
</kw>
<status status="PASS" start="2025-08-18T20:39:13.978358" elapsed="0.000907"/>
</kw>
<kw name="POST On Session" owner="RequestsLibrary">
<msg time="2025-08-18T20:39:14.761918" level="INFO">POST Request : url=https://api-invictus.qacoders.dev.br/api/login 
 path_url=/api/login 
 headers={'User-Agent': 'python-requests/2.32.4', 'Accept-Encoding': 'gzip, deflate', 'accept': 'application/json', 'Connection': 'keep-alive', 'Content-Type': 'application/json', 'Content-Length': '58'} 
 body=b'{"mail": "sysadmin@qacoders.com", "password": "1234@Test"}' 
 </msg>
<msg time="2025-08-18T20:39:14.762109" level="INFO">POST Response : url=https://api-invictus.qacoders.dev.br/api/login 
 status=200, reason=OK 
 headers={'Access-Control-Allow-Origin': '*', 'Content-Length': '1334', 'Content-Type': 'application/json; charset=utf-8', 'Date': 'Mon, 18 Aug 2025 23:39:04 GMT', 'Etag': 'W/"536-2DYotdd/JbhfQeocRWUc6BWeRKg"', 'X-Powered-By': 'Express'} 
 body={"msg":"Olá Qa-Coders-SYSADMIN, autenticação autorizada com sucesso!","user":{"_id":"689cd9ac715d88a4297cebed","fullName":"Qa-Coders-SYSADMIN","mail":"sysadmin@qacoders.com","password":"$2b$10$LY8JLNopE0TPJoieGwNjNeUlqaKO9QDTOCv81mOmAoJfzMExVeRIK","accessProfile":"SYSADMIN","cpf":"11111111111","status":true,"audit":[{"registeredBy":{"userId":"111111111111111111","userLogin":"sysadmin@qacoders.com"},"registrationDate":"quarta-feira, 13/08/2025, 15:30:03 BRT","registrationNumber":"01","companyId":"Qa.Coders","_id":"689cd9ac715d88a4297cebee"}],"__v":0},"token":"eyJhbGciOiJIUzI1NiIsInR5cCI6IkpXVCJ9.eyJfaWQiOiI2ODljZDlhYzcxNWQ4OGE0Mjk3Y2ViZWQiLCJmdWxsTmFtZSI6IlFhLUNvZGVycy1TWVNBRE1JTiIsIm1haWwiOiJzeXNhZG1pbkBxYWNvZGVycy5jb20iLCJwYXNzd29yZCI6IiQyYiQxMCRMWThKTE5vcEUwVFBKb2llR3dOak5lVWxxYUtPOVFEVE9DdjgxbU9tQW9KZnpNRXhWZVJJSyIsImFjY2Vzc1Byb2ZpbGUiOiJTWVNBRE1JTiIsImNwZiI6IjExMTExMTExMTExIiwic3RhdHVzIjp0cnVlLCJhdWRpdCI6W3sicmVnaXN0ZXJlZEJ5Ijp7InVzZXJJZCI6IjExMTExMTExMTExMTExMTExMSIsInVzZXJMb2dpbiI6InN5c2FkbWluQHFhY29kZXJzLmNvbSJ9LCJyZWdpc3RyYXRpb25EYXRlIjoicXVhcnRhLWZlaXJhLCAxMy8wOC8yMDI1LCAxNTozMDowMyBCUlQiLCJyZWdpc3RyYXRpb25OdW1iZXIiOiIwMSIsImNvbXBhbnlJZCI6IlFhLkNvZGVycyIsIl9pZCI6IjY4OWNkOWFjNzE1ZDg4YTQyOTdjZWJlZSJ9XSwiX192IjowLCJpYXQiOjE3NTU1NjAzNDUsImV4cCI6MTc1NTY0Njc0NX0.ZNPIkWIGocjwGkDJXgRexQdPY56zj4cmAMxzrv-l6Sw"} 
 </msg>
<msg time="2025-08-18T20:39:14.762267" level="INFO">${resposta} = &lt;Response [200]&gt;</msg>
<var>${resposta}</var>
<arg>alias=develop</arg>
<arg>url=/login</arg>
<arg>json=${body}</arg>
<doc>Sends a POST request on a previously created HTTP Session.</doc>
<status status="PASS" start="2025-08-18T20:39:13.979363" elapsed="0.782931"/>
</kw>
<kw name="Status Should Be" owner="RequestsLibrary">
<arg>200</arg>
<arg>${resposta}</arg>
<doc>Fails if response status code is different than the expected.</doc>
<status status="PASS" start="2025-08-18T20:39:14.762475" elapsed="0.000177"/>
</kw>
<kw name="Set Suite Variable" owner="BuiltIn">
<msg time="2025-08-18T20:39:14.764291" level="INFO">${TOKEN} = eyJhbGciOiJIUzI1NiIsInR5cCI6IkpXVCJ9.eyJfaWQiOiI2ODljZDlhYzcxNWQ4OGE0Mjk3Y2ViZWQiLCJmdWxsTmFtZSI6IlFhLUNvZGVycy1TWVNBRE1JTiIsIm1haWwiOiJzeXNhZG1pbkBxYWNvZGVycy5jb20iLCJwYXNzd29yZCI6IiQyYiQxMCRMWThKTE5...</msg>
<arg>${TOKEN}</arg>
<arg>${resposta.json()["token"]}</arg>
<doc>Makes a variable available everywhere within the scope of the current suite.</doc>
<status status="PASS" start="2025-08-18T20:39:14.762742" elapsed="0.001642"/>
</kw>
<return>
<value>${resposta.json()["token"]}</value>
<status status="PASS" start="2025-08-18T20:39:14.764489" elapsed="0.000075"/>
</return>
<msg time="2025-08-18T20:39:14.765042" level="INFO">${TOKEN} = eyJhbGciOiJIUzI1NiIsInR5cCI6IkpXVCJ9.eyJfaWQiOiI2ODljZDlhYzcxNWQ4OGE0Mjk3Y2ViZWQiLCJmdWxsTmFtZSI6IlFhLUNvZGVycy1TWVNBRE1JTiIsIm1haWwiOiJzeXNhZG1pbkBxYWNvZGVycy5jb20iLCJwYXNzd29yZCI6IiQyYiQxMCRMWThKTE5...</msg>
<var>${TOKEN}</var>
<status status="PASS" start="2025-08-18T20:39:13.977721" elapsed="0.787360"/>
</kw>
<kw name="Create Dictionary" owner="BuiltIn">
<msg time="2025-08-18T20:39:14.765528" level="INFO">${headers} = {'accept': 'application/json', 'Content-Type': 'application/json', 'Authorization': 'eyJhbGciOiJIUzI1NiIsInR5cCI6IkpXVCJ9.eyJfaWQiOiI2ODljZDlhYzcxNWQ4OGE0Mjk3Y2ViZWQiLCJmdWxsTmFtZSI6IlFhLUNvZGVycy1TWV...</msg>
<var>${headers}</var>
<arg>accept=application/json</arg>
<arg>Content-Type=application/json</arg>
<arg>Authorization=${TOKEN}</arg>
<doc>Creates and returns a dictionary based on the given ``items``.</doc>
<status status="PASS" start="2025-08-18T20:39:14.765284" elapsed="0.000276"/>
</kw>
<kw name="Create Session" owner="RequestsLibrary">
<msg time="2025-08-18T20:39:14.765965" level="INFO">Creating Session using : alias=develop, url=https://api-invictus.qacoders.dev.br/api, headers={'accept': 'application/json', 'Content-Type': 'application/json', 'Authorization': 'eyJhbGciOiJIUzI1NiIsInR5cCI6IkpXVCJ9.eyJfaWQiOiI2ODljZDlhYzcxNWQ4OGE0Mjk3Y2ViZWQiLCJmdWxsTmFtZSI6IlFhLUNvZGVycy1TWVNBRE1JTiIsIm1haWwiOiJzeXNhZG1pbkBxYWNvZGVycy5jb20iLCJwYXNzd29yZCI6IiQyYiQxMCRMWThKTE5vcEUwVFBKb2llR3dOak5lVWxxYUtPOVFEVE9DdjgxbU9tQW9KZnpNRXhWZVJJSyIsImFjY2Vzc1Byb2ZpbGUiOiJTWVNBRE1JTiIsImNwZiI6IjExMTExMTExMTExIiwic3RhdHVzIjp0cnVlLCJhdWRpdCI6W3sicmVnaXN0ZXJlZEJ5Ijp7InVzZXJJZCI6IjExMTExMTExMTExMTExMTExMSIsInVzZXJMb2dpbiI6InN5c2FkbWluQHFhY29kZXJzLmNvbSJ9LCJyZWdpc3RyYXRpb25EYXRlIjoicXVhcnRhLWZlaXJhLCAxMy8wOC8yMDI1LCAxNTozMDowMyBCUlQiLCJyZWdpc3RyYXRpb25OdW1iZXIiOiIwMSIsImNvbXBhbnlJZCI6IlFhLkNvZGVycyIsIl9pZCI6IjY4OWNkOWFjNzE1ZDg4YTQyOTdjZWJlZSJ9XSwiX192IjowLCJpYXQiOjE3NTU1NjAzNDUsImV4cCI6MTc1NTY0Njc0NX0.ZNPIkWIGocjwGkDJXgRexQdPY56zj4cmAMxzrv-l6Sw'},                     cookies={}, auth=None, timeout=None, proxies=None, verify=True,                     debug=0 </msg>
<arg>alias=develop</arg>
<arg>url=${baseURL}</arg>
<arg>headers=${headers}</arg>
<arg>verify=true</arg>
<doc>Create Session: create a HTTP session to a server</doc>
<status status="PASS" start="2025-08-18T20:39:14.765685" elapsed="0.000514"/>
</kw>
<kw name="Criar Company" owner="company">
<kw name="Generate Random String" owner="String">
<msg time="2025-08-18T20:39:14.767064" level="INFO">${nome1_raw} = mfkhdq</msg>
<var>${nome1_raw}</var>
<arg>length=6</arg>
<arg>chars=[LOWER]</arg>
<doc>Generates a string with a desired ``length`` from the given ``chars``.</doc>
<status status="PASS" start="2025-08-18T20:39:14.766814" elapsed="0.000267"/>
</kw>
<kw name="Convert To Title Case" owner="String">
<msg time="2025-08-18T20:39:14.767294" level="INFO">${nome1} = Mfkhdq</msg>
<var>${nome1}</var>
<arg>${nome1_raw}</arg>
<doc>Converts string to title case.</doc>
<status status="PASS" start="2025-08-18T20:39:14.767176" elapsed="0.000136"/>
</kw>
<kw name="Generate Random String" owner="String">
<msg time="2025-08-18T20:39:14.767536" level="INFO">${nome2_raw} = lghzxtyz</msg>
<var>${nome2_raw}</var>
<arg>length=8</arg>
<arg>chars=[LOWER]</arg>
<doc>Generates a string with a desired ``length`` from the given ``chars``.</doc>
<status status="PASS" start="2025-08-18T20:39:14.767385" elapsed="0.000167"/>
</kw>
<kw name="Convert To Title Case" owner="String">
<msg time="2025-08-18T20:39:14.767739" level="INFO">${nome2} = Lghzxtyz</msg>
<var>${nome2}</var>
<arg>${nome2_raw}</arg>
<doc>Converts string to title case.</doc>
<status status="PASS" start="2025-08-18T20:39:14.767635" elapsed="0.000120"/>
</kw>
<kw name="Set Variable" owner="BuiltIn">
<msg time="2025-08-18T20:39:14.767964" level="INFO">${responsavel} = Mfkhdq Lghzxtyz</msg>
<var>${responsavel}</var>
<arg>${nome1} ${nome2}</arg>
<doc>Returns the given values which can then be assigned to a variables.</doc>
<status status="PASS" start="2025-08-18T20:39:14.767818" elapsed="0.000168"/>
</kw>
<kw name="Should Match Regexp" owner="BuiltIn">
<arg>${responsavel}</arg>
<arg>^[A-Z][a-z]+ [A-Z][a-z]+$</arg>
<doc>Fails if ``string`` does not match ``pattern`` as a regular expression.</doc>
<status status="PASS" start="2025-08-18T20:39:14.768063" elapsed="0.000725"/>
</kw>
<kw name="Generate Random String" owner="String">
<msg time="2025-08-18T20:39:14.769090" level="INFO">${telefone_aleatorio} = 047958531</msg>
<var>${telefone_aleatorio}</var>
<arg>length=9</arg>
<arg>chars=[NUMBERS]</arg>
<doc>Generates a string with a desired ``length`` from the given ``chars``.</doc>
<status status="PASS" start="2025-08-18T20:39:14.768891" elapsed="0.000222"/>
</kw>
<kw name="Set Variable" owner="BuiltIn">
<msg time="2025-08-18T20:39:14.769296" level="INFO">${telefone_random} = 5511047958531</msg>
<var>${telefone_random}</var>
<arg>5511${telefone_aleatorio}</arg>
<doc>Returns the given values which can then be assigned to a variables.</doc>
<status status="PASS" start="2025-08-18T20:39:14.769190" elapsed="0.000122"/>
</kw>
<kw name="Evaluate" owner="BuiltIn">
<msg time="2025-08-18T20:39:14.769528" level="INFO">${numero_random} = 4124</msg>
<var>${numero_random}</var>
<arg>random.randint(1, 9999)</arg>
<arg>modules=random</arg>
<doc>Evaluates the given expression in Python and returns the result.</doc>
<status status="PASS" start="2025-08-18T20:39:14.769374" elapsed="0.000170"/>
</kw>
<kw name="Evaluate" owner="BuiltIn">
<msg time="2025-08-18T20:39:14.769752" level="INFO">${cep_random} = 04777001</msg>
<var>${cep_random}</var>
<arg>random.choice(["04777001", "01001000", "12345678"])</arg>
<arg>modules=random</arg>
<doc>Evaluates the given expression in Python and returns the result.</doc>
<status status="PASS" start="2025-08-18T20:39:14.769606" elapsed="0.000169"/>
</kw>
<kw name="Evaluate" owner="BuiltIn">
<msg time="2025-08-18T20:39:14.770000" level="INFO">${cidade_random} = Rio de Janeiro</msg>
<var>${cidade_random}</var>
<arg>random.choice(["São Paulo", "Rio de Janeiro", "Curitiba"])</arg>
<arg>modules=random</arg>
<doc>Evaluates the given expression in Python and returns the result.</doc>
<status status="PASS" start="2025-08-18T20:39:14.769853" elapsed="0.000164"/>
</kw>
<kw name="Evaluate" owner="BuiltIn">
<msg time="2025-08-18T20:39:14.770323" level="INFO">${estado_random} = SP</msg>
<var>${estado_random}</var>
<arg>random.choice(["SP", "RJ", "PR"])</arg>
<arg>modules=random</arg>
<doc>Evaluates the given expression in Python and returns the result.</doc>
<status status="PASS" start="2025-08-18T20:39:14.770103" elapsed="0.000237"/>
</kw>
<kw name="Generate Random String" owner="String">
<msg time="2025-08-18T20:39:14.770744" level="INFO">${bairro_random_raw} = czgddkzj</msg>
<var>${bairro_random_raw}</var>
<arg>length=8</arg>
<arg>chars=[LOWER]</arg>
<doc>Generates a string with a desired ``length`` from the given ``chars``.</doc>
<status status="PASS" start="2025-08-18T20:39:14.770567" elapsed="0.000198"/>
</kw>
<kw name="Convert To Title Case" owner="String">
<msg time="2025-08-18T20:39:14.770970" level="INFO">${bairro_random} = Czgddkzj</msg>
<var>${bairro_random}</var>
<arg>${bairro_random_raw}</arg>
<doc>Converts string to title case.</doc>
<status status="PASS" start="2025-08-18T20:39:14.770840" elapsed="0.000148"/>
</kw>
<kw name="Generate Random String" owner="String">
<msg time="2025-08-18T20:39:14.771217" level="INFO">${rua_random_raw} = hecnyvhiwvxt</msg>
<var>${rua_random_raw}</var>
<arg>length=12</arg>
<arg>chars=[LOWER]</arg>
<doc>Generates a string with a desired ``length`` from the given ``chars``.</doc>
<status status="PASS" start="2025-08-18T20:39:14.771071" elapsed="0.000176"/>
</kw>
<kw name="Convert To Title Case" owner="String">
<msg time="2025-08-18T20:39:14.771554" level="INFO">${rua_random} = Hecnyvhiwvxt</msg>
<var>${rua_random}</var>
<arg>${rua_random_raw}</arg>
<doc>Converts string to title case.</doc>
<status status="PASS" start="2025-08-18T20:39:14.771368" elapsed="0.000214"/>
</kw>
<kw name="Evaluate" owner="BuiltIn">
<msg time="2025-08-18T20:39:14.771857" level="INFO">${complemento_numero} = 495</msg>
<var>${complemento_numero}</var>
<arg>random.randint(1, 500)</arg>
<arg>modules=random</arg>
<doc>Evaluates the given expression in Python and returns the result.</doc>
<status status="PASS" start="2025-08-18T20:39:14.771678" elapsed="0.000196"/>
</kw>
<kw name="Set Variable" owner="BuiltIn">
<msg time="2025-08-18T20:39:14.772040" level="INFO">${complemento_random} = Apt 495</msg>
<var>${complemento_random}</var>
<arg>Apt ${complemento_numero}</arg>
<doc>Returns the given values which can then be assigned to a variables.</doc>
<status status="PASS" start="2025-08-18T20:39:14.771944" elapsed="0.000111"/>
</kw>
<kw name="Create Dictionary" owner="BuiltIn">
<msg time="2025-08-18T20:39:14.772902" level="INFO">${body} = {'corporateName': 'Empresa Mfkhdq', 'registerCompany': '12345678000199', 'mail': 'testmfkhdq@teste.com', 'matriz': 'Matriz Mfkhdq', 'responsibleContact': 'Mfkhdq Lghzxtyz', 'telephone': '5511047958531...</msg>
<var>${body}</var>
<arg>corporateName=Empresa ${nome1}</arg>
<arg>registerCompany=12345678000199</arg>
<arg>mail=test${nome1.lower()}@teste.com</arg>
<arg>matriz=Matriz ${nome1}</arg>
<arg>responsibleContact=${responsavel}</arg>
<arg>telephone=${telefone_random}</arg>
<arg>serviceDescription=Serviço de ${nome1}</arg>
<arg>address=@{EMPTY}</arg>
<doc>Creates and returns a dictionary based on the given ``items``.</doc>
<status status="PASS" start="2025-08-18T20:39:14.772129" elapsed="0.000798"/>
</kw>
<kw name="Create Dictionary" owner="BuiltIn">
<msg time="2025-08-18T20:39:14.773292" level="INFO">${endereco} = {'zipCode': '04777001', 'city': 'Rio de Janeiro', 'state': 'SP', 'district': 'Czgddkzj', 'street': 'Hecnyvhiwvxt', 'number': 4124, 'complement': 'Apt 495', 'country': 'Brasil'}</msg>
<var>${endereco}</var>
<arg>zipCode=${cep_random}</arg>
<arg>city=${cidade_random}</arg>
<arg>state=${estado_random}</arg>
<arg>district=${bairro_random}</arg>
<arg>street=${rua_random}</arg>
<arg>number=${numero_random}</arg>
<arg>complement=${complemento_random}</arg>
<arg>country=Brasil</arg>
<doc>Creates and returns a dictionary based on the given ``items``.</doc>
<status status="PASS" start="2025-08-18T20:39:14.773041" elapsed="0.000281"/>
</kw>
<kw name="Append To List" owner="Collections">
<arg>${body["address"]}</arg>
<arg>${endereco}</arg>
<doc>Adds ``values`` to the end of ``list``.</doc>
<status status="PASS" start="2025-08-18T20:39:14.773470" elapsed="0.000659"/>
</kw>
<return>
<value>${body}</value>
<status status="PASS" start="2025-08-18T20:39:14.774197" elapsed="0.000051"/>
</return>
<msg time="2025-08-18T20:39:14.774396" level="INFO">${body} = {'corporateName': 'Empresa Mfkhdq', 'registerCompany': '12345678000199', 'mail': 'testmfkhdq@teste.com', 'matriz': 'Matriz Mfkhdq', 'responsibleContact': 'Mfkhdq Lghzxtyz', 'telephone': '5511047958531...</msg>
<var>${body}</var>
<status status="PASS" start="2025-08-18T20:39:14.766421" elapsed="0.007999"/>
</kw>
<kw name="POST On Session" owner="RequestsLibrary">
<msg time="2025-08-18T20:39:14.872513" level="INFO">POST Request : url=https://api-invictus.qacoders.dev.br/api/company 
 path_url=/api/company 
 headers={'User-Agent': 'python-requests/2.32.4', 'Accept-Encoding': 'gzip, deflate', 'accept': 'application/json', 'Connection': 'keep-alive', 'Content-Type': 'application/json', 'Authorization': 'eyJhbGciOiJIUzI1NiIsInR5cCI6IkpXVCJ9.eyJfaWQiOiI2ODljZDlhYzcxNWQ4OGE0Mjk3Y2ViZWQiLCJmdWxsTmFtZSI6IlFhLUNvZGVycy1TWVNBRE1JTiIsIm1haWwiOiJzeXNhZG1pbkBxYWNvZGVycy5jb20iLCJwYXNzd29yZCI6IiQyYiQxMCRMWThKTE5vcEUwVFBKb2llR3dOak5lVWxxYUtPOVFEVE9DdjgxbU9tQW9KZnpNRXhWZVJJSyIsImFjY2Vzc1Byb2ZpbGUiOiJTWVNBRE1JTiIsImNwZiI6IjExMTExMTExMTExIiwic3RhdHVzIjp0cnVlLCJhdWRpdCI6W3sicmVnaXN0ZXJlZEJ5Ijp7InVzZXJJZCI6IjExMTExMTExMTExMTExMTExMSIsInVzZXJMb2dpbiI6InN5c2FkbWluQHFhY29kZXJzLmNvbSJ9LCJyZWdpc3RyYXRpb25EYXRlIjoicXVhcnRhLWZlaXJhLCAxMy8wOC8yMDI1LCAxNTozMDowMyBCUlQiLCJyZWdpc3RyYXRpb25OdW1iZXIiOiIwMSIsImNvbXBhbnlJZCI6IlFhLkNvZGVycyIsIl9pZCI6IjY4OWNkOWFjNzE1ZDg4YTQyOTdjZWJlZSJ9XSwiX192IjowLCJpYXQiOjE3NTU1NjAzNDUsImV4cCI6MTc1NTY0Njc0NX0.ZNPIkWIGocjwGkDJXgRexQdPY56zj4cmAMxzrv-l6Sw', 'Content-Length': '441'} 
 body=b'{"corporateName": "Empresa Mfkhdq", "registerCompany": "12345678000199", "mail": "testmfkhdq@teste.com", "matriz": "Matriz Mfkhdq", "responsibleContact": "Mfkhdq Lghzxtyz", "telephone": "5511047958531", "serviceDescription": "Servi\\u00e7o de Mfkhdq", "address": [{"zipCode": "04777001", "city": "Rio de Janeiro", "state": "SP", "district": "Czgddkzj", "street": "Hecnyvhiwvxt", "number": 4124, "complement": "Apt 495", "country": "Brasil"}]}' 
 </msg>
<msg time="2025-08-18T20:39:14.872587" level="INFO">POST Response : url=https://api-invictus.qacoders.dev.br/api/company 
 status=400, reason=Bad Request 
 headers={'Access-Control-Allow-Origin': '*', 'Content-Length': '72', 'Content-Type': 'application/json; charset=utf-8', 'Date': 'Mon, 18 Aug 2025 23:39:05 GMT', 'Etag': 'W/"48-fTbYdh3K7lAeVrzxed8ScvU7hYo"', 'X-Powered-By': 'Express'} 
 body={"error":["O campo telefone deve conter um número válido do Brasil."]} 
 </msg>
<msg time="2025-08-18T20:39:14.872688" level="FAIL">Url: https://api-invictus.qacoders.dev.br/api/company Expected status: 400 != 201</msg>
<var>${resposta}</var>
<arg>alias=develop</arg>
<arg>url=/company</arg>
<arg>json=${body}</arg>
<arg>expected_status=201</arg>
<doc>Sends a POST request on a previously created HTTP Session.</doc>
<status status="FAIL" start="2025-08-18T20:39:14.774566" elapsed="0.099069">Url: https://api-invictus.qacoders.dev.br/api/company Expected status: 400 != 201</status>
</kw>
<kw name="Set Suite Variable" owner="BuiltIn">
<arg>${Company_ID}</arg>
<arg>${resposta.json()["newCompany"]["_id"]}</arg>
<doc>Makes a variable available everywhere within the scope of the current suite.</doc>
<status status="NOT RUN" start="2025-08-18T20:39:14.873871" elapsed="0.000042"/>
</kw>
<return>
<value>${Company_ID}</value>
<status status="NOT RUN" start="2025-08-18T20:39:14.873966" elapsed="0.000021"/>
</return>
<status status="FAIL" start="2025-08-18T20:39:13.977422" elapsed="0.896653">Url: https://api-invictus.qacoders.dev.br/api/company Expected status: 400 != 201</status>
</kw>
<kw name="Log" owner="BuiltIn">
<arg>Company criada com ID: ${Company_ID}</arg>
<doc>Logs the given message with the given level.</doc>
<status status="NOT RUN" start="2025-08-18T20:39:14.874709" elapsed="0.000193"/>
</kw>
<kw name="Should Not Be Empty" owner="BuiltIn">
<arg>${Company_ID}</arg>
<doc>Verifies that the given item is not empty.</doc>
<status status="NOT RUN" start="2025-08-18T20:39:14.875324" elapsed="0.000037"/>
</kw>
<status status="FAIL" start="2025-08-18T20:39:13.976567" elapsed="0.899084">Url: https://api-invictus.qacoders.dev.br/api/company Expected status: 400 != 201</status>
</test>
<test id="s1-s1-s2-t2" name="Cadastrar Company Sem Nome" line="11">
<kw name="Cadastrar Company Sem Nome" owner="company">
<kw name="Login com sysadmin" owner="login">
<kw name="Create Dictionary" owner="BuiltIn">
<msg time="2025-08-18T20:39:14.877560" level="INFO">${body} = {'mail': 'sysadmin@qacoders.com', 'password': '1234@Test'}</msg>
<var>${body}</var>
<arg>mail=sysadmin@qacoders.com</arg>
<arg>password=1234@Test</arg>
<doc>Creates and returns a dictionary based on the given ``items``.</doc>
<status status="PASS" start="2025-08-18T20:39:14.877428" elapsed="0.000155"/>
</kw>
<kw name="Criar Sessão" owner="login">
<kw name="Create Dictionary" owner="BuiltIn">
<msg time="2025-08-18T20:39:14.877916" level="INFO">${headers} = {'accept': 'application/json', 'Content-Type': 'application/json'}</msg>
<var>${headers}</var>
<arg>accept=application/json</arg>
<arg>Content-Type=application/json</arg>
<doc>Creates and returns a dictionary based on the given ``items``.</doc>
<status status="PASS" start="2025-08-18T20:39:14.877809" elapsed="0.000126"/>
</kw>
<kw name="Create Session" owner="RequestsLibrary">
<msg time="2025-08-18T20:39:14.878192" level="INFO">Creating Session using : alias=develop, url=https://api-invictus.qacoders.dev.br/api, headers={'accept': 'application/json', 'Content-Type': 'application/json'},                     cookies={}, auth=None, timeout=None, proxies=None, verify=True,                     debug=0 </msg>
<arg>alias=develop</arg>
<arg>url=${baseURL}</arg>
<arg>headers=${headers}</arg>
<arg>verify=true</arg>
<doc>Create Session: create a HTTP session to a server</doc>
<status status="PASS" start="2025-08-18T20:39:14.878021" elapsed="0.000286"/>
</kw>
<status status="PASS" start="2025-08-18T20:39:14.877679" elapsed="0.000680"/>
</kw>
<kw name="POST On Session" owner="RequestsLibrary">
<msg time="2025-08-18T20:39:15.664004" level="INFO">POST Request : url=https://api-invictus.qacoders.dev.br/api/login 
 path_url=/api/login 
 headers={'User-Agent': 'python-requests/2.32.4', 'Accept-Encoding': 'gzip, deflate', 'accept': 'application/json', 'Connection': 'keep-alive', 'Content-Type': 'application/json', 'Content-Length': '58'} 
 body=b'{"mail": "sysadmin@qacoders.com", "password": "1234@Test"}' 
 </msg>
<msg time="2025-08-18T20:39:15.664080" level="INFO">POST Response : url=https://api-invictus.qacoders.dev.br/api/login 
 status=200, reason=OK 
 headers={'Access-Control-Allow-Origin': '*', 'Content-Length': '1334', 'Content-Type': 'application/json; charset=utf-8', 'Date': 'Mon, 18 Aug 2025 23:39:05 GMT', 'Etag': 'W/"536-tJd7f/gStJsN9bRVnAGxshgw8io"', 'X-Powered-By': 'Express'} 
 body={"msg":"Olá Qa-Coders-SYSADMIN, autenticação autorizada com sucesso!","user":{"_id":"689cd9ac715d88a4297cebed","fullName":"Qa-Coders-SYSADMIN","mail":"sysadmin@qacoders.com","password":"$2b$10$LY8JLNopE0TPJoieGwNjNeUlqaKO9QDTOCv81mOmAoJfzMExVeRIK","accessProfile":"SYSADMIN","cpf":"11111111111","status":true,"audit":[{"registeredBy":{"userId":"111111111111111111","userLogin":"sysadmin@qacoders.com"},"registrationDate":"quarta-feira, 13/08/2025, 15:30:03 BRT","registrationNumber":"01","companyId":"Qa.Coders","_id":"689cd9ac715d88a4297cebee"}],"__v":0},"token":"eyJhbGciOiJIUzI1NiIsInR5cCI6IkpXVCJ9.eyJfaWQiOiI2ODljZDlhYzcxNWQ4OGE0Mjk3Y2ViZWQiLCJmdWxsTmFtZSI6IlFhLUNvZGVycy1TWVNBRE1JTiIsIm1haWwiOiJzeXNhZG1pbkBxYWNvZGVycy5jb20iLCJwYXNzd29yZCI6IiQyYiQxMCRMWThKTE5vcEUwVFBKb2llR3dOak5lVWxxYUtPOVFEVE9DdjgxbU9tQW9KZnpNRXhWZVJJSyIsImFjY2Vzc1Byb2ZpbGUiOiJTWVNBRE1JTiIsImNwZiI6IjExMTExMTExMTExIiwic3RhdHVzIjp0cnVlLCJhdWRpdCI6W3sicmVnaXN0ZXJlZEJ5Ijp7InVzZXJJZCI6IjExMTExMTExMTExMTExMTExMSIsInVzZXJMb2dpbiI6InN5c2FkbWluQHFhY29kZXJzLmNvbSJ9LCJyZWdpc3RyYXRpb25EYXRlIjoicXVhcnRhLWZlaXJhLCAxMy8wOC8yMDI1LCAxNTozMDowMyBCUlQiLCJyZWdpc3RyYXRpb25OdW1iZXIiOiIwMSIsImNvbXBhbnlJZCI6IlFhLkNvZGVycyIsIl9pZCI6IjY4OWNkOWFjNzE1ZDg4YTQyOTdjZWJlZSJ9XSwiX192IjowLCJpYXQiOjE3NTU1NjAzNDYsImV4cCI6MTc1NTY0Njc0Nn0.W_p9Nm8BECDw0ItFhGgL0IfG2RFiGUnReOhOBMwE4w8"} 
 </msg>
<msg time="2025-08-18T20:39:15.664254" level="INFO">${resposta} = &lt;Response [200]&gt;</msg>
<var>${resposta}</var>
<arg>alias=develop</arg>
<arg>url=/login</arg>
<arg>json=${body}</arg>
<doc>Sends a POST request on a previously created HTTP Session.</doc>
<status status="PASS" start="2025-08-18T20:39:14.878424" elapsed="0.785850"/>
</kw>
<kw name="Status Should Be" owner="RequestsLibrary">
<arg>200</arg>
<arg>${resposta}</arg>
<doc>Fails if response status code is different than the expected.</doc>
<status status="PASS" start="2025-08-18T20:39:15.664413" elapsed="0.000275"/>
</kw>
<kw name="Set Suite Variable" owner="BuiltIn">
<msg time="2025-08-18T20:39:15.665144" level="INFO">${TOKEN} = eyJhbGciOiJIUzI1NiIsInR5cCI6IkpXVCJ9.eyJfaWQiOiI2ODljZDlhYzcxNWQ4OGE0Mjk3Y2ViZWQiLCJmdWxsTmFtZSI6IlFhLUNvZGVycy1TWVNBRE1JTiIsIm1haWwiOiJzeXNhZG1pbkBxYWNvZGVycy5jb20iLCJwYXNzd29yZCI6IiQyYiQxMCRMWThKTE5...</msg>
<arg>${TOKEN}</arg>
<arg>${resposta.json()["token"]}</arg>
<doc>Makes a variable available everywhere within the scope of the current suite.</doc>
<status status="PASS" start="2025-08-18T20:39:15.664791" elapsed="0.000385"/>
</kw>
<return>
<value>${resposta.json()["token"]}</value>
<status status="PASS" start="2025-08-18T20:39:15.665230" elapsed="0.000037"/>
</return>
<msg time="2025-08-18T20:39:15.665532" level="INFO">${TOKEN} = eyJhbGciOiJIUzI1NiIsInR5cCI6IkpXVCJ9.eyJfaWQiOiI2ODljZDlhYzcxNWQ4OGE0Mjk3Y2ViZWQiLCJmdWxsTmFtZSI6IlFhLUNvZGVycy1TWVNBRE1JTiIsIm1haWwiOiJzeXNhZG1pbkBxYWNvZGVycy5jb20iLCJwYXNzd29yZCI6IiQyYiQxMCRMWThKTE5...</msg>
<var>${TOKEN}</var>
<status status="PASS" start="2025-08-18T20:39:14.877290" elapsed="0.788264"/>
</kw>
<kw name="Create Dictionary" owner="BuiltIn">
<msg time="2025-08-18T20:39:15.665793" level="INFO">${headers} = {'accept': 'application/json', 'Content-Type': 'application/json', 'Authorization': 'eyJhbGciOiJIUzI1NiIsInR5cCI6IkpXVCJ9.eyJfaWQiOiI2ODljZDlhYzcxNWQ4OGE0Mjk3Y2ViZWQiLCJmdWxsTmFtZSI6IlFhLUNvZGVycy1TWV...</msg>
<var>${headers}</var>
<arg>accept=application/json</arg>
<arg>Content-Type=application/json</arg>
<arg>Authorization=${TOKEN}</arg>
<doc>Creates and returns a dictionary based on the given ``items``.</doc>
<status status="PASS" start="2025-08-18T20:39:15.665640" elapsed="0.000173"/>
</kw>
<kw name="Create Session" owner="RequestsLibrary">
<msg time="2025-08-18T20:39:15.666040" level="INFO">Creating Session using : alias=develop, url=https://api-invictus.qacoders.dev.br/api, headers={'accept': 'application/json', 'Content-Type': 'application/json', 'Authorization': 'eyJhbGciOiJIUzI1NiIsInR5cCI6IkpXVCJ9.eyJfaWQiOiI2ODljZDlhYzcxNWQ4OGE0Mjk3Y2ViZWQiLCJmdWxsTmFtZSI6IlFhLUNvZGVycy1TWVNBRE1JTiIsIm1haWwiOiJzeXNhZG1pbkBxYWNvZGVycy5jb20iLCJwYXNzd29yZCI6IiQyYiQxMCRMWThKTE5vcEUwVFBKb2llR3dOak5lVWxxYUtPOVFEVE9DdjgxbU9tQW9KZnpNRXhWZVJJSyIsImFjY2Vzc1Byb2ZpbGUiOiJTWVNBRE1JTiIsImNwZiI6IjExMTExMTExMTExIiwic3RhdHVzIjp0cnVlLCJhdWRpdCI6W3sicmVnaXN0ZXJlZEJ5Ijp7InVzZXJJZCI6IjExMTExMTExMTExMTExMTExMSIsInVzZXJMb2dpbiI6InN5c2FkbWluQHFhY29kZXJzLmNvbSJ9LCJyZWdpc3RyYXRpb25EYXRlIjoicXVhcnRhLWZlaXJhLCAxMy8wOC8yMDI1LCAxNTozMDowMyBCUlQiLCJyZWdpc3RyYXRpb25OdW1iZXIiOiIwMSIsImNvbXBhbnlJZCI6IlFhLkNvZGVycyIsIl9pZCI6IjY4OWNkOWFjNzE1ZDg4YTQyOTdjZWJlZSJ9XSwiX192IjowLCJpYXQiOjE3NTU1NjAzNDYsImV4cCI6MTc1NTY0Njc0Nn0.W_p9Nm8BECDw0ItFhGgL0IfG2RFiGUnReOhOBMwE4w8'},                     cookies={}, auth=None, timeout=None, proxies=None, verify=True,                     debug=0 </msg>
<arg>alias=develop</arg>
<arg>url=${baseURL}</arg>
<arg>headers=${headers}</arg>
<arg>verify=true</arg>
<doc>Create Session: create a HTTP session to a server</doc>
<status status="PASS" start="2025-08-18T20:39:15.665889" elapsed="0.000255"/>
</kw>
<kw name="Criar Company" owner="company">
<kw name="Generate Random String" owner="String">
<msg time="2025-08-18T20:39:15.666762" level="INFO">${nome1_raw} = xhnunc</msg>
<var>${nome1_raw}</var>
<arg>length=6</arg>
<arg>chars=[LOWER]</arg>
<doc>Generates a string with a desired ``length`` from the given ``chars``.</doc>
<status status="PASS" start="2025-08-18T20:39:15.666471" elapsed="0.000312"/>
</kw>
<kw name="Convert To Title Case" owner="String">
<msg time="2025-08-18T20:39:15.666960" level="INFO">${nome1} = Xhnunc</msg>
<var>${nome1}</var>
<arg>${nome1_raw}</arg>
<doc>Converts string to title case.</doc>
<status status="PASS" start="2025-08-18T20:39:15.666857" elapsed="0.000119"/>
</kw>
<kw name="Generate Random String" owner="String">
<msg time="2025-08-18T20:39:15.667163" level="INFO">${nome2_raw} = irlyewea</msg>
<var>${nome2_raw}</var>
<arg>length=8</arg>
<arg>chars=[LOWER]</arg>
<doc>Generates a string with a desired ``length`` from the given ``chars``.</doc>
<status status="PASS" start="2025-08-18T20:39:15.667039" elapsed="0.000140"/>
</kw>
<kw name="Convert To Title Case" owner="String">
<msg time="2025-08-18T20:39:15.667342" level="INFO">${nome2} = Irlyewea</msg>
<var>${nome2}</var>
<arg>${nome2_raw}</arg>
<doc>Converts string to title case.</doc>
<status status="PASS" start="2025-08-18T20:39:15.667252" elapsed="0.000106"/>
</kw>
<kw name="Set Variable" owner="BuiltIn">
<msg time="2025-08-18T20:39:15.667518" level="INFO">${responsavel} = Xhnunc Irlyewea</msg>
<var>${responsavel}</var>
<arg>${nome1} ${nome2}</arg>
<doc>Returns the given values which can then be assigned to a variables.</doc>
<status status="PASS" start="2025-08-18T20:39:15.667418" elapsed="0.000115"/>
</kw>
<kw name="Should Match Regexp" owner="BuiltIn">
<arg>${responsavel}</arg>
<arg>^[A-Z][a-z]+ [A-Z][a-z]+$</arg>
<doc>Fails if ``string`` does not match ``pattern`` as a regular expression.</doc>
<status status="PASS" start="2025-08-18T20:39:15.667594" elapsed="0.000085"/>
</kw>
<kw name="Generate Random String" owner="String">
<msg time="2025-08-18T20:39:15.667900" level="INFO">${telefone_aleatorio} = 775187056</msg>
<var>${telefone_aleatorio}</var>
<arg>length=9</arg>
<arg>chars=[NUMBERS]</arg>
<doc>Generates a string with a desired ``length`` from the given ``chars``.</doc>
<status status="PASS" start="2025-08-18T20:39:15.667740" elapsed="0.000178"/>
</kw>
<kw name="Set Variable" owner="BuiltIn">
<msg time="2025-08-18T20:39:15.668073" level="INFO">${telefone_random} = 5511775187056</msg>
<var>${telefone_random}</var>
<arg>5511${telefone_aleatorio}</arg>
<doc>Returns the given values which can then be assigned to a variables.</doc>
<status status="PASS" start="2025-08-18T20:39:15.667984" elapsed="0.000105"/>
</kw>
<kw name="Evaluate" owner="BuiltIn">
<msg time="2025-08-18T20:39:15.668279" level="INFO">${numero_random} = 6845</msg>
<var>${numero_random}</var>
<arg>random.randint(1, 9999)</arg>
<arg>modules=random</arg>
<doc>Evaluates the given expression in Python and returns the result.</doc>
<status status="PASS" start="2025-08-18T20:39:15.668150" elapsed="0.000146"/>
</kw>
<kw name="Evaluate" owner="BuiltIn">
<msg time="2025-08-18T20:39:15.668478" level="INFO">${cep_random} = 12345678</msg>
<var>${cep_random}</var>
<arg>random.choice(["04777001", "01001000", "12345678"])</arg>
<arg>modules=random</arg>
<doc>Evaluates the given expression in Python and returns the result.</doc>
<status status="PASS" start="2025-08-18T20:39:15.668357" elapsed="0.000137"/>
</kw>
<kw name="Evaluate" owner="BuiltIn">
<msg time="2025-08-18T20:39:15.668721" level="INFO">${cidade_random} = Rio de Janeiro</msg>
<var>${cidade_random}</var>
<arg>random.choice(["São Paulo", "Rio de Janeiro", "Curitiba"])</arg>
<arg>modules=random</arg>
<doc>Evaluates the given expression in Python and returns the result.</doc>
<status status="PASS" start="2025-08-18T20:39:15.668584" elapsed="0.000156"/>
</kw>
<kw name="Evaluate" owner="BuiltIn">
<msg time="2025-08-18T20:39:15.668930" level="INFO">${estado_random} = PR</msg>
<var>${estado_random}</var>
<arg>random.choice(["SP", "RJ", "PR"])</arg>
<arg>modules=random</arg>
<doc>Evaluates the given expression in Python and returns the result.</doc>
<status status="PASS" start="2025-08-18T20:39:15.668812" elapsed="0.000134"/>
</kw>
<kw name="Generate Random String" owner="String">
<msg time="2025-08-18T20:39:15.669140" level="INFO">${bairro_random_raw} = xjezypur</msg>
<var>${bairro_random_raw}</var>
<arg>length=8</arg>
<arg>chars=[LOWER]</arg>
<doc>Generates a string with a desired ``length`` from the given ``chars``.</doc>
<status status="PASS" start="2025-08-18T20:39:15.669011" elapsed="0.000183"/>
</kw>
<kw name="Convert To Title Case" owner="String">
<msg time="2025-08-18T20:39:15.669382" level="INFO">${bairro_random} = Xjezypur</msg>
<var>${bairro_random}</var>
<arg>${bairro_random_raw}</arg>
<doc>Converts string to title case.</doc>
<status status="PASS" start="2025-08-18T20:39:15.669277" elapsed="0.000122"/>
</kw>
<kw name="Generate Random String" owner="String">
<msg time="2025-08-18T20:39:15.669584" level="INFO">${rua_random_raw} = ozedlxvyfkdx</msg>
<var>${rua_random_raw}</var>
<arg>length=12</arg>
<arg>chars=[LOWER]</arg>
<doc>Generates a string with a desired ``length`` from the given ``chars``.</doc>
<status status="PASS" start="2025-08-18T20:39:15.669462" elapsed="0.000138"/>
</kw>
<kw name="Convert To Title Case" owner="String">
<msg time="2025-08-18T20:39:15.669753" level="INFO">${rua_random} = Ozedlxvyfkdx</msg>
<var>${rua_random}</var>
<arg>${rua_random_raw}</arg>
<doc>Converts string to title case.</doc>
<status status="PASS" start="2025-08-18T20:39:15.669663" elapsed="0.000105"/>
</kw>
<kw name="Evaluate" owner="BuiltIn">
<msg time="2025-08-18T20:39:15.669957" level="INFO">${complemento_numero} = 242</msg>
<var>${complemento_numero}</var>
<arg>random.randint(1, 500)</arg>
<arg>modules=random</arg>
<doc>Evaluates the given expression in Python and returns the result.</doc>
<status status="PASS" start="2025-08-18T20:39:15.669829" elapsed="0.000144"/>
</kw>
<kw name="Set Variable" owner="BuiltIn">
<msg time="2025-08-18T20:39:15.670129" level="INFO">${complemento_random} = Apt 242</msg>
<var>${complemento_random}</var>
<arg>Apt ${complemento_numero}</arg>
<doc>Returns the given values which can then be assigned to a variables.</doc>
<status status="PASS" start="2025-08-18T20:39:15.670036" elapsed="0.000107"/>
</kw>
<kw name="Create Dictionary" owner="BuiltIn">
<msg time="2025-08-18T20:39:15.670980" level="INFO">${body} = {'corporateName': 'Empresa Xhnunc', 'registerCompany': '12345678000199', 'mail': 'testxhnunc@teste.com', 'matriz': 'Matriz Xhnunc', 'responsibleContact': 'Xhnunc Irlyewea', 'telephone': '5511775187056...</msg>
<var>${body}</var>
<arg>corporateName=Empresa ${nome1}</arg>
<arg>registerCompany=12345678000199</arg>
<arg>mail=test${nome1.lower()}@teste.com</arg>
<arg>matriz=Matriz ${nome1}</arg>
<arg>responsibleContact=${responsavel}</arg>
<arg>telephone=${telefone_random}</arg>
<arg>serviceDescription=Serviço de ${nome1}</arg>
<arg>address=@{EMPTY}</arg>
<doc>Creates and returns a dictionary based on the given ``items``.</doc>
<status status="PASS" start="2025-08-18T20:39:15.670206" elapsed="0.000804"/>
</kw>
<kw name="Create Dictionary" owner="BuiltIn">
<msg time="2025-08-18T20:39:15.671430" level="INFO">${endereco} = {'zipCode': '12345678', 'city': 'Rio de Janeiro', 'state': 'PR', 'district': 'Xjezypur', 'street': 'Ozedlxvyfkdx', 'number': 6845, 'complement': 'Apt 242', 'country': 'Brasil'}</msg>
<var>${endereco}</var>
<arg>zipCode=${cep_random}</arg>
<arg>city=${cidade_random}</arg>
<arg>state=${estado_random}</arg>
<arg>district=${bairro_random}</arg>
<arg>street=${rua_random}</arg>
<arg>number=${numero_random}</arg>
<arg>complement=${complemento_random}</arg>
<arg>country=Brasil</arg>
<doc>Creates and returns a dictionary based on the given ``items``.</doc>
<status status="PASS" start="2025-08-18T20:39:15.671109" elapsed="0.000341"/>
</kw>
<kw name="Append To List" owner="Collections">
<arg>${body["address"]}</arg>
<arg>${endereco}</arg>
<doc>Adds ``values`` to the end of ``list``.</doc>
<status status="PASS" start="2025-08-18T20:39:15.671532" elapsed="0.000380"/>
</kw>
<return>
<value>${body}</value>
<status status="PASS" start="2025-08-18T20:39:15.671963" elapsed="0.000045"/>
</return>
<msg time="2025-08-18T20:39:15.672126" level="INFO">${body} = {'corporateName': 'Empresa Xhnunc', 'registerCompany': '12345678000199', 'mail': 'testxhnunc@teste.com', 'matriz': 'Matriz Xhnunc', 'responsibleContact': 'Xhnunc Irlyewea', 'telephone': '5511775187056...</msg>
<var>${body}</var>
<status status="PASS" start="2025-08-18T20:39:15.666320" elapsed="0.005829"/>
</kw>
<kw name="Remove From Dictionary" owner="Collections">
<msg time="2025-08-18T20:39:15.672330" level="INFO">Removed item with key 'corporateName' and value 'Empresa Xhnunc'.</msg>
<arg>${body}</arg>
<arg>corporateName</arg>
<doc>Removes the given ``keys`` from the ``dictionary``.</doc>
<status status="PASS" start="2025-08-18T20:39:15.672232" elapsed="0.000134"/>
</kw>
<kw name="POST On Session" owner="RequestsLibrary">
<msg time="2025-08-18T20:39:15.768192" level="INFO">POST Request : url=https://api-invictus.qacoders.dev.br/api/company 
 path_url=/api/company 
 headers={'User-Agent': 'python-requests/2.32.4', 'Accept-Encoding': 'gzip, deflate', 'accept': 'application/json', 'Connection': 'keep-alive', 'Content-Type': 'application/json', 'Authorization': 'eyJhbGciOiJIUzI1NiIsInR5cCI6IkpXVCJ9.eyJfaWQiOiI2ODljZDlhYzcxNWQ4OGE0Mjk3Y2ViZWQiLCJmdWxsTmFtZSI6IlFhLUNvZGVycy1TWVNBRE1JTiIsIm1haWwiOiJzeXNhZG1pbkBxYWNvZGVycy5jb20iLCJwYXNzd29yZCI6IiQyYiQxMCRMWThKTE5vcEUwVFBKb2llR3dOak5lVWxxYUtPOVFEVE9DdjgxbU9tQW9KZnpNRXhWZVJJSyIsImFjY2Vzc1Byb2ZpbGUiOiJTWVNBRE1JTiIsImNwZiI6IjExMTExMTExMTExIiwic3RhdHVzIjp0cnVlLCJhdWRpdCI6W3sicmVnaXN0ZXJlZEJ5Ijp7InVzZXJJZCI6IjExMTExMTExMTExMTExMTExMSIsInVzZXJMb2dpbiI6InN5c2FkbWluQHFhY29kZXJzLmNvbSJ9LCJyZWdpc3RyYXRpb25EYXRlIjoicXVhcnRhLWZlaXJhLCAxMy8wOC8yMDI1LCAxNTozMDowMyBCUlQiLCJyZWdpc3RyYXRpb25OdW1iZXIiOiIwMSIsImNvbXBhbnlJZCI6IlFhLkNvZGVycyIsIl9pZCI6IjY4OWNkOWFjNzE1ZDg4YTQyOTdjZWJlZSJ9XSwiX192IjowLCJpYXQiOjE3NTU1NjAzNDYsImV4cCI6MTc1NTY0Njc0Nn0.W_p9Nm8BECDw0ItFhGgL0IfG2RFiGUnReOhOBMwE4w8', 'Content-Length': '406'} 
[...]
<status status="PASS" start="2025-08-18T20:40:00.579000" elapsed="0.020047"/>
</kw>
<kw name="POST On Session" owner="RequestsLibrary">
<msg time="2025-08-18T20:40:00.699644" level="INFO">POST Request : url=https://api-invictus.qacoders.dev.br/api/company 
 path_url=/api/company 
 headers={'User-Agent': 'python-requests/2.32.4', 'Accept-Encoding': 'gzip, deflate', 'accept': 'application/json', 'Connection': 'keep-alive', 'Content-Type': 'application/json', 'Authorization': 'eyJhbGciOiJIUzI1NiIsInR5cCI6IkpXVCJ9.eyJfaWQiOiI2ODljZDlhYzcxNWQ4OGE0Mjk3Y2ViZWQiLCJmdWxsTmFtZSI6IlFhLUNvZGVycy1TWVNBRE1JTiIsIm1haWwiOiJzeXNhZG1pbkBxYWNvZGVycy5jb20iLCJwYXNzd29yZCI6IiQyYiQxMCRMWThKTE5vcEUwVFBKb2llR3dOak5lVWxxYUtPOVFEVE9DdjgxbU9tQW9KZnpNRXhWZVJJSyIsImFjY2Vzc1Byb2ZpbGUiOiJTWVNBRE1JTiIsImNwZiI6IjExMTExMTExMTExIiwic3RhdHVzIjp0cnVlLCJhdWRpdCI6W3sicmVnaXN0ZXJlZEJ5Ijp7InVzZXJJZCI6IjExMTExMTExMTExMTExMTExMSIsInVzZXJMb2dpbiI6InN5c2FkbWluQHFhY29kZXJzLmNvbSJ9LCJyZWdpc3RyYXRpb25EYXRlIjoicXVhcnRhLWZlaXJhLCAxMy8wOC8yMDI1LCAxNTozMDowMyBCUlQiLCJyZWdpc3RyYXRpb25OdW1iZXIiOiIwMSIsImNvbXBhbnlJZCI6IlFhLkNvZGVycyIsIl9pZCI6IjY4OWNkOWFjNzE1ZDg4YTQyOTdjZWJlZSJ9XSwiX192IjowLCJpYXQiOjE3NTU1NjAzOTAsImV4cCI6MTc1NTY0Njc5MH0.DwF58taUnxxFK2F4f5xiGgG0RKW3wosKWvhQpuWtqR0', 'Content-Length': '441'} 
 body=b'{"corporateName": "Empresa Fsgbsk", "registerCompany": "12345678000199", "mail": "testfsgbsk@teste.com", "matriz": "Matriz Fsgbsk", "responsibleContact": "Fsgbsk Axlwkhmk", "telephone": "5511449901613", "serviceDescription": "Servi\\u00e7o de Fsgbsk", "address": [{"zipCode": "12345678", "city": "S\\u00e3o Paulo", "state": "PR", "district": "Usuxypui", "street": "Fxjftoyqqxpq", "number": 7336, "complement": "Apt 415", "country": "Brasil"}]}' 
 </msg>
<msg time="2025-08-18T20:40:00.699776" level="INFO">POST Response : url=https://api-invictus.qacoders.dev.br/api/company 
 status=400, reason=Bad Request 
 headers={'Access-Control-Allow-Origin': '*', 'Content-Length': '72', 'Content-Type': 'application/json; charset=utf-8', 'Date': 'Mon, 18 Aug 2025 23:39:51 GMT', 'Etag': 'W/"48-fTbYdh3K7lAeVrzxed8ScvU7hYo"', 'X-Powered-By': 'Express'} 
 body={"error":["O campo telefone deve conter um número válido do Brasil."]} 
 </msg>
<msg time="2025-08-18T20:40:00.699930" level="FAIL">Url: https://api-invictus.qacoders.dev.br/api/company Expected status: 400 != 201</msg>
<var>${resposta_create}</var>
<arg>alias=develop</arg>
<arg>url=/company</arg>
<arg>json=${body_create}</arg>
<arg>expected_status=201</arg>
<doc>Sends a POST request on a previously created HTTP Session.</doc>
<status status="FAIL" start="2025-08-18T20:40:00.599527" elapsed="0.103307">Url: https://api-invictus.qacoders.dev.br/api/company Expected status: 400 != 201</status>
</kw>
<kw name="Set Variable" owner="BuiltIn">
<var>${company_id}</var>
<arg>${resposta_create.json()["newCompany"]["_id"]}</arg>
<doc>Returns the given values which can then be assigned to a variables.</doc>
<status status="NOT RUN" start="2025-08-18T20:40:00.704315" elapsed="0.000224"/>
</kw>
<kw name="Atualizar Company Com Sucesso" owner="company">
<var>${resposta_put}</var>
<arg>${company_id}</arg>
<status status="NOT RUN" start="2025-08-18T20:40:00.706021" elapsed="0.000195"/>
</kw>
<kw name="Should Contain" owner="BuiltIn">
<arg>${resposta_put["newCompany"]["corporateName"]}</arg>
<arg>Empresa</arg>
<doc>Fails if ``container`` does not contain ``item`` one or more times.</doc>
<status status="NOT RUN" start="2025-08-18T20:40:00.707137" elapsed="0.000152"/>
</kw>
<kw name="Should Contain" owner="BuiltIn">
<arg>${resposta_put["newCompany"]["serviceDescription"]}</arg>
<arg>Servico</arg>
<doc>Fails if ``container`` does not contain ``item`` one or more times.</doc>
<status status="NOT RUN" start="2025-08-18T20:40:00.708189" elapsed="0.000139"/>
</kw>
<status status="FAIL" start="2025-08-18T20:39:59.807734" elapsed="0.902136">Url: https://api-invictus.qacoders.dev.br/api/company Expected status: 400 != 201</status>
</test>
<status status="FAIL" start="2025-08-18T20:39:59.794289" elapsed="0.918742"/>
</suite>
<status status="FAIL" start="2025-08-18T20:39:10.513324" elapsed="50.203721"/>
</suite>
<suite id="s1-s2" name="Login Test" source="C:\Users\aline\invictus-academyt14-api-robot\tests\login_test.robot">
<test id="s1-s2-t1" name="Logar com Sysadmin" line="5">
<kw name="Login com sysadmin" owner="login">
<kw name="Create Dictionary" owner="BuiltIn">
<msg time="2025-08-18T20:40:00.744268" level="INFO">${body} = {'mail': 'sysadmin@qacoders.com', 'password': '1234@Test'}</msg>
<var>${body}</var>
<arg>mail=sysadmin@qacoders.com</arg>
<arg>password=1234@Test</arg>
<doc>Creates and returns a dictionary based on the given ``items``.</doc>
<status status="PASS" start="2025-08-18T20:40:00.743247" elapsed="0.001179"/>
</kw>
<kw name="Criar Sessão" owner="login">
<kw name="Create Dictionary" owner="BuiltIn">
<msg time="2025-08-18T20:40:00.746747" level="INFO">${headers} = {'accept': 'application/json', 'Content-Type': 'application/json'}</msg>
<var>${headers}</var>
<arg>accept=application/json</arg>
<arg>Content-Type=application/json</arg>
<doc>Creates and returns a dictionary based on the given ``items``.</doc>
<status status="PASS" start="2025-08-18T20:40:00.746022" elapsed="0.000807"/>
</kw>
<kw name="Create Session" owner="RequestsLibrary">
<msg time="2025-08-18T20:40:00.747728" level="INFO">Creating Session using : alias=develop, url=https://api-invictus.qacoders.dev.br/api, headers={'accept': 'application/json', 'Content-Type': 'application/json'},                     cookies={}, auth=None, timeout=None, proxies=None, verify=True,                     debug=0 </msg>
<arg>alias=develop</arg>
<arg>url=${baseURL}</arg>
<arg>headers=${headers}</arg>
<arg>verify=true</arg>
<doc>Create Session: create a HTTP session to a server</doc>
<status status="PASS" start="2025-08-18T20:40:00.747130" elapsed="0.000899"/>
</kw>
<status status="PASS" start="2025-08-18T20:40:00.745072" elapsed="0.003236"/>
</kw>
<kw name="POST On Session" owner="RequestsLibrary">
<msg time="2025-08-18T20:40:01.466525" level="INFO">POST Request : url=https://api-invictus.qacoders.dev.br/api/login 
 path_url=/api/login 
 headers={'User-Agent': 'python-requests/2.32.4', 'Accept-Encoding': 'gzip, deflate', 'accept': 'application/json', 'Connection': 'keep-alive', 'Content-Type': 'application/json', 'Content-Length': '58'} 
 body=b'{"mail": "sysadmin@qacoders.com", "password": "1234@Test"}' 
 </msg>
<msg time="2025-08-18T20:40:01.466838" level="INFO">POST Response : url=https://api-invictus.qacoders.dev.br/api/login 
 status=200, reason=OK 
 headers={'Access-Control-Allow-Origin': '*', 'Content-Length': '1334', 'Content-Type': 'application/json; charset=utf-8', 'Date': 'Mon, 18 Aug 2025 23:39:51 GMT', 'Etag': 'W/"536-G/8XD7wMzwQz3hLdIQIuLMMNJRk"', 'X-Powered-By': 'Express'} 
 body={"msg":"Olá Qa-Coders-SYSADMIN, autenticação autorizada com sucesso!","user":{"_id":"689cd9ac715d88a4297cebed","fullName":"Qa-Coders-SYSADMIN","mail":"sysadmin@qacoders.com","password":"$2b$10$LY8JLNopE0TPJoieGwNjNeUlqaKO9QDTOCv81mOmAoJfzMExVeRIK","accessProfile":"SYSADMIN","cpf":"11111111111","status":true,"audit":[{"registeredBy":{"userId":"111111111111111111","userLogin":"sysadmin@qacoders.com"},"registrationDate":"quarta-feira, 13/08/2025, 15:30:03 BRT","registrationNumber":"01","companyId":"Qa.Coders","_id":"689cd9ac715d88a4297cebee"}],"__v":0},"token":"eyJhbGciOiJIUzI1NiIsInR5cCI6IkpXVCJ9.eyJfaWQiOiI2ODljZDlhYzcxNWQ4OGE0Mjk3Y2ViZWQiLCJmdWxsTmFtZSI6IlFhLUNvZGVycy1TWVNBRE1JTiIsIm1haWwiOiJzeXNhZG1pbkBxYWNvZGVycy5jb20iLCJwYXNzd29yZCI6IiQyYiQxMCRMWThKTE5vcEUwVFBKb2llR3dOak5lVWxxYUtPOVFEVE9DdjgxbU9tQW9KZnpNRXhWZVJJSyIsImFjY2Vzc1Byb2ZpbGUiOiJTWVNBRE1JTiIsImNwZiI6IjExMTExMTExMTExIiwic3RhdHVzIjp0cnVlLCJhdWRpdCI6W3sicmVnaXN0ZXJlZEJ5Ijp7InVzZXJJZCI6IjExMTExMTExMTExMTExMTExMSIsInVzZXJMb2dpbiI6InN5c2FkbWluQHFhY29kZXJzLmNvbSJ9LCJyZWdpc3RyYXRpb25EYXRlIjoicXVhcnRhLWZlaXJhLCAxMy8wOC8yMDI1LCAxNTozMDowMyBCUlQiLCJyZWdpc3RyYXRpb25OdW1iZXIiOiIwMSIsImNvbXBhbnlJZCI6IlFhLkNvZGVycyIsIl9pZCI6IjY4OWNkOWFjNzE1ZDg4YTQyOTdjZWJlZSJ9XSwiX192IjowLCJpYXQiOjE3NTU1NjAzOTEsImV4cCI6MTc1NTY0Njc5MX0.ldgXVM8WN5l5iX0N918HkODJkYofArPGxI1ayFyyGes"} 
 </msg>
<msg time="2025-08-18T20:40:01.467498" level="INFO">${resposta} = &lt;Response [200]&gt;</msg>
<var>${resposta}</var>
<arg>alias=develop</arg>
<arg>url=/login</arg>
<arg>json=${body}</arg>
<doc>Sends a POST request on a previously created HTTP Session.</doc>
<status status="PASS" start="2025-08-18T20:40:00.748522" elapsed="0.719168"/>
</kw>
<kw name="Status Should Be" owner="RequestsLibrary">
<arg>200</arg>
<arg>${resposta}</arg>
<doc>Fails if response status code is different than the expected.</doc>
<status status="PASS" start="2025-08-18T20:40:01.468165" elapsed="0.000638"/>
</kw>
<kw name="Set Suite Variable" owner="BuiltIn">
<msg time="2025-08-18T20:40:01.471561" level="INFO">${TOKEN} = eyJhbGciOiJIUzI1NiIsInR5cCI6IkpXVCJ9.eyJfaWQiOiI2ODljZDlhYzcxNWQ4OGE0Mjk3Y2ViZWQiLCJmdWxsTmFtZSI6IlFhLUNvZGVycy1TWVNBRE1JTiIsIm1haWwiOiJzeXNhZG1pbkBxYWNvZGVycy5jb20iLCJwYXNzd29yZCI6IiQyYiQxMCRMWThKTE5...</msg>
<arg>${TOKEN}</arg>
<arg>${resposta.json()["token"]}</arg>
<doc>Makes a variable available everywhere within the scope of the current suite.</doc>
<status status="PASS" start="2025-08-18T20:40:01.469167" elapsed="0.002568"/>
</kw>
<return>
<value>${resposta.json()["token"]}</value>
<status status="PASS" start="2025-08-18T20:40:01.471982" elapsed="0.000170"/>
</return>
<msg time="2025-08-18T20:40:01.473373" level="INFO">${token} = eyJhbGciOiJIUzI1NiIsInR5cCI6IkpXVCJ9.eyJfaWQiOiI2ODljZDlhYzcxNWQ4OGE0Mjk3Y2ViZWQiLCJmdWxsTmFtZSI6IlFhLUNvZGVycy1TWVNBRE1JTiIsIm1haWwiOiJzeXNhZG1pbkBxYWNvZGVycy5jb20iLCJwYXNzd29yZCI6IiQyYiQxMCRMWThKTE5...</msg>
<var>${token}</var>
<status status="PASS" start="2025-08-18T20:40:00.742181" elapsed="0.731285"/>
</kw>
<kw name="Log" owner="BuiltIn">
<msg time="2025-08-18T20:40:01.474685" level="INFO">Token recebido: eyJhbGciOiJIUzI1NiIsInR5cCI6IkpXVCJ9.eyJfaWQiOiI2ODljZDlhYzcxNWQ4OGE0Mjk3Y2ViZWQiLCJmdWxsTmFtZSI6IlFhLUNvZGVycy1TWVNBRE1JTiIsIm1haWwiOiJzeXNhZG1pbkBxYWNvZGVycy5jb20iLCJwYXNzd29yZCI6IiQyYiQxMCRMWThKTE5vcEUwVFBKb2llR3dOak5lVWxxYUtPOVFEVE9DdjgxbU9tQW9KZnpNRXhWZVJJSyIsImFjY2Vzc1Byb2ZpbGUiOiJTWVNBRE1JTiIsImNwZiI6IjExMTExMTExMTExIiwic3RhdHVzIjp0cnVlLCJhdWRpdCI6W3sicmVnaXN0ZXJlZEJ5Ijp7InVzZXJJZCI6IjExMTExMTExMTExMTExMTExMSIsInVzZXJMb2dpbiI6InN5c2FkbWluQHFhY29kZXJzLmNvbSJ9LCJyZWdpc3RyYXRpb25EYXRlIjoicXVhcnRhLWZlaXJhLCAxMy8wOC8yMDI1LCAxNTozMDowMyBCUlQiLCJyZWdpc3RyYXRpb25OdW1iZXIiOiIwMSIsImNvbXBhbnlJZCI6IlFhLkNvZGVycyIsIl9pZCI6IjY4OWNkOWFjNzE1ZDg4YTQyOTdjZWJlZSJ9XSwiX192IjowLCJpYXQiOjE3NTU1NjAzOTEsImV4cCI6MTc1NTY0Njc5MX0.ldgXVM8WN5l5iX0N918HkODJkYofArPGxI1ayFyyGes</msg>
<arg>Token recebido: ${token}</arg>
<doc>Logs the given message with the given level.</doc>
<status status="PASS" start="2025-08-18T20:40:01.474218" elapsed="0.000631"/>
</kw>
<status status="PASS" start="2025-08-18T20:40:00.740135" elapsed="0.735366"/>
</test>
<test id="s1-s2-t2" name="Validar Token Sysadmin" line="9">
<kw name="Login com sysadmin" owner="login">
<kw name="Create Dictionary" owner="BuiltIn">
<msg time="2025-08-18T20:40:01.479358" level="INFO">${body} = {'mail': 'sysadmin@qacoders.com', 'password': '1234@Test'}</msg>
<var>${body}</var>
<arg>mail=sysadmin@qacoders.com</arg>
<arg>password=1234@Test</arg>
<doc>Creates and returns a dictionary based on the given ``items``.</doc>
<status status="PASS" start="2025-08-18T20:40:01.478872" elapsed="0.000609"/>
</kw>
<kw name="Criar Sessão" owner="login">
<kw name="Create Dictionary" owner="BuiltIn">
<msg time="2025-08-18T20:40:01.480822" level="INFO">${headers} = {'accept': 'application/json', 'Content-Type': 'application/json'}</msg>
<var>${headers}</var>
<arg>accept=application/json</arg>
<arg>Content-Type=application/json</arg>
<doc>Creates and returns a dictionary based on the given ``items``.</doc>
<status status="PASS" start="2025-08-18T20:40:01.480415" elapsed="0.000485"/>
</kw>
<kw name="Create Session" owner="RequestsLibrary">
<msg time="2025-08-18T20:40:01.481788" level="INFO">Creating Session using : alias=develop, url=https://api-invictus.qacoders.dev.br/api, headers={'accept': 'application/json', 'Content-Type': 'application/json'},                     cookies={}, auth=None, timeout=None, proxies=None, verify=True,                     debug=0 </msg>
<arg>alias=develop</arg>
<arg>url=${baseURL}</arg>
<arg>headers=${headers}</arg>
<arg>verify=true</arg>
<doc>Create Session: create a HTTP session to a server</doc>
<status status="PASS" start="2025-08-18T20:40:01.481181" elapsed="0.002413"/>
</kw>
<status status="PASS" start="2025-08-18T20:40:01.479865" elapsed="0.003956"/>
</kw>
<kw name="POST On Session" owner="RequestsLibrary">
<msg time="2025-08-18T20:40:02.266817" level="INFO">POST Request : url=https://api-invictus.qacoders.dev.br/api/login 
 path_url=/api/login 
 headers={'User-Agent': 'python-requests/2.32.4', 'Accept-Encoding': 'gzip, deflate', 'accept': 'application/json', 'Connection': 'keep-alive', 'Content-Type': 'application/json', 'Content-Length': '58'} 
 body=b'{"mail": "sysadmin@qacoders.com", "password": "1234@Test"}' 
 </msg>
<msg time="2025-08-18T20:40:02.266942" level="INFO">POST Response : url=https://api-invictus.qacoders.dev.br/api/login 
 status=200, reason=OK 
 headers={'Access-Control-Allow-Origin': '*', 'Content-Length': '1334', 'Content-Type': 'application/json; charset=utf-8', 'Date': 'Mon, 18 Aug 2025 23:39:51 GMT', 'Etag': 'W/"536-W7VHC0dYlSkK0tSEUyT4dD7WNv0"', 'X-Powered-By': 'Express'} 
 body={"msg":"Olá Qa-Coders-SYSADMIN, autenticação autorizada com sucesso!","user":{"_id":"689cd9ac715d88a4297cebed","fullName":"Qa-Coders-SYSADMIN","mail":"sysadmin@qacoders.com","password":"$2b$10$LY8JLNopE0TPJoieGwNjNeUlqaKO9QDTOCv81mOmAoJfzMExVeRIK","accessProfile":"SYSADMIN","cpf":"11111111111","status":true,"audit":[{"registeredBy":{"userId":"111111111111111111","userLogin":"sysadmin@qacoders.com"},"registrationDate":"quarta-feira, 13/08/2025, 15:30:03 BRT","registrationNumber":"01","companyId":"Qa.Coders","_id":"689cd9ac715d88a4297cebee"}],"__v":0},"token":"eyJhbGciOiJIUzI1NiIsInR5cCI6IkpXVCJ9.eyJfaWQiOiI2ODljZDlhYzcxNWQ4OGE0Mjk3Y2ViZWQiLCJmdWxsTmFtZSI6IlFhLUNvZGVycy1TWVNBRE1JTiIsIm1haWwiOiJzeXNhZG1pbkBxYWNvZGVycy5jb20iLCJwYXNzd29yZCI6IiQyYiQxMCRMWThKTE5vcEUwVFBKb2llR3dOak5lVWxxYUtPOVFEVE9DdjgxbU9tQW9KZnpNRXhWZVJJSyIsImFjY2Vzc1Byb2ZpbGUiOiJTWVNBRE1JTiIsImNwZiI6IjExMTExMTExMTExIiwic3RhdHVzIjp0cnVlLCJhdWRpdCI6W3sicmVnaXN0ZXJlZEJ5Ijp7InVzZXJJZCI6IjExMTExMTExMTExMTExMTExMSIsInVzZXJMb2dpbiI6InN5c2FkbWluQHFhY29kZXJzLmNvbSJ9LCJyZWdpc3RyYXRpb25EYXRlIjoicXVhcnRhLWZlaXJhLCAxMy8wOC8yMDI1LCAxNTozMDowMyBCUlQiLCJyZWdpc3RyYXRpb25OdW1iZXIiOiIwMSIsImNvbXBhbnlJZCI6IlFhLkNvZGVycyIsIl9pZCI6IjY4OWNkOWFjNzE1ZDg4YTQyOTdjZWJlZSJ9XSwiX192IjowLCJpYXQiOjE3NTU1NjAzOTIsImV4cCI6MTc1NTY0Njc5Mn0.fkVBvu2sW8DV4h8VPSRZon2XKfHldq1yJkldYJtzSuc"} 
 </msg>
<msg time="2025-08-18T20:40:02.267109" level="INFO">${resposta} = &lt;Response [200]&gt;</msg>
<var>${resposta}</var>
<arg>alias=develop</arg>
<arg>url=/login</arg>
<arg>json=${body}</arg>
<doc>Sends a POST request on a previously created HTTP Session.</doc>
<status status="PASS" start="2025-08-18T20:40:01.484075" elapsed="0.783067"/>
</kw>
<kw name="Status Should Be" owner="RequestsLibrary">
<arg>200</arg>
<arg>${resposta}</arg>
<doc>Fails if response status code is different than the expected.</doc>
<status status="PASS" start="2025-08-18T20:40:02.267327" elapsed="0.000222"/>
</kw>
<kw name="Set Suite Variable" owner="BuiltIn">
<msg time="2025-08-18T20:40:02.268240" level="INFO">${TOKEN} = eyJhbGciOiJIUzI1NiIsInR5cCI6IkpXVCJ9.eyJfaWQiOiI2ODljZDlhYzcxNWQ4OGE0Mjk3Y2ViZWQiLCJmdWxsTmFtZSI6IlFhLUNvZGVycy1TWVNBRE1JTiIsIm1haWwiOiJzeXNhZG1pbkBxYWNvZGVycy5jb20iLCJwYXNzd29yZCI6IiQyYiQxMCRMWThKTE5...</msg>
<arg>${TOKEN}</arg>
<arg>${resposta.json()["token"]}</arg>
<doc>Makes a variable available everywhere within the scope of the current suite.</doc>
<status status="PASS" start="2025-08-18T20:40:02.267705" elapsed="0.000589"/>
</kw>
<return>
<value>${resposta.json()["token"]}</value>
<status status="PASS" start="2025-08-18T20:40:02.268365" elapsed="0.000048"/>
</return>
<msg time="2025-08-18T20:40:02.268823" level="INFO">${token} = eyJhbGciOiJIUzI1NiIsInR5cCI6IkpXVCJ9.eyJfaWQiOiI2ODljZDlhYzcxNWQ4OGE0Mjk3Y2ViZWQiLCJmdWxsTmFtZSI6IlFhLUNvZGVycy1TWVNBRE1JTiIsIm1haWwiOiJzeXNhZG1pbkBxYWNvZGVycy5jb20iLCJwYXNzd29yZCI6IiQyYiQxMCRMWThKTE5...</msg>
<var>${token}</var>
<status status="PASS" start="2025-08-18T20:40:01.478280" elapsed="0.790662"/>
</kw>
<kw name="Should Not Be Empty" owner="BuiltIn">
<msg time="2025-08-18T20:40:02.269528" level="INFO">Length is 764.</msg>
<arg>${token}</arg>
<doc>Verifies that the given item is not empty.</doc>
<status status="PASS" start="2025-08-18T20:40:02.269361" elapsed="0.000224"/>
</kw>
<kw name="Set Suite Variable" owner="BuiltIn">
<msg time="2025-08-18T20:40:02.270296" level="INFO">${TOKEN} = eyJhbGciOiJIUzI1NiIsInR5cCI6IkpXVCJ9.eyJfaWQiOiI2ODljZDlhYzcxNWQ4OGE0Mjk3Y2ViZWQiLCJmdWxsTmFtZSI6IlFhLUNvZGVycy1TWVNBRE1JTiIsIm1haWwiOiJzeXNhZG1pbkBxYWNvZGVycy5jb20iLCJwYXNzd29yZCI6IiQyYiQxMCRMWThKTE5...</msg>
<arg>${TOKEN}</arg>
<doc>Makes a variable available everywhere within the scope of the current suite.</doc>
<status status="PASS" start="2025-08-18T20:40:02.270065" elapsed="0.000285"/>
</kw>
<kw name="Log" owner="BuiltIn">
<msg time="2025-08-18T20:40:02.270960" level="INFO">Token válido e gravado: eyJhbGciOiJIUzI1NiIsInR5cCI6IkpXVCJ9.eyJfaWQiOiI2ODljZDlhYzcxNWQ4OGE0Mjk3Y2ViZWQiLCJmdWxsTmFtZSI6IlFhLUNvZGVycy1TWVNBRE1JTiIsIm1haWwiOiJzeXNhZG1pbkBxYWNvZGVycy5jb20iLCJwYXNzd29yZCI6IiQyYiQxMCRMWThKTE5vcEUwVFBKb2llR3dOak5lVWxxYUtPOVFEVE9DdjgxbU9tQW9KZnpNRXhWZVJJSyIsImFjY2Vzc1Byb2ZpbGUiOiJTWVNBRE1JTiIsImNwZiI6IjExMTExMTExMTExIiwic3RhdHVzIjp0cnVlLCJhdWRpdCI6W3sicmVnaXN0ZXJlZEJ5Ijp7InVzZXJJZCI6IjExMTExMTExMTExMTExMTExMSIsInVzZXJMb2dpbiI6InN5c2FkbWluQHFhY29kZXJzLmNvbSJ9LCJyZWdpc3RyYXRpb25EYXRlIjoicXVhcnRhLWZlaXJhLCAxMy8wOC8yMDI1LCAxNTozMDowMyBCUlQiLCJyZWdpc3RyYXRpb25OdW1iZXIiOiIwMSIsImNvbXBhbnlJZCI6IlFhLkNvZGVycyIsIl9pZCI6IjY4OWNkOWFjNzE1ZDg4YTQyOTdjZWJlZSJ9XSwiX192IjowLCJpYXQiOjE3NTU1NjAzOTIsImV4cCI6MTc1NTY0Njc5Mn0.fkVBvu2sW8DV4h8VPSRZon2XKfHldq1yJkldYJtzSuc</msg>
<arg>Token válido e gravado: ${TOKEN}</arg>
<doc>Logs the given message with the given level.</doc>
<status status="PASS" start="2025-08-18T20:40:02.270744" elapsed="0.000286"/>
</kw>
<status status="PASS" start="2025-08-18T20:40:01.477078" elapsed="0.794356"/>
</test>
<status status="PASS" start="2025-08-18T20:40:00.720413" elapsed="1.552800"/>
</suite>
<status status="FAIL" start="2025-08-18T20:39:10.486242" elapsed="51.789897"/>
</suite>
<statistics>
<total>
<stat pass="15" fail="19" skip="0">All Tests</stat>
</total>
<tag>
</tag>
<suite>
<stat name="Tests" id="s1" pass="15" fail="19" skip="0">Tests</stat>
<stat name="Company" id="s1-s1" pass="13" fail="19" skip="0">Tests.Company</stat>
<stat name="Get.Company Test" id="s1-s1-s1" pass="1" fail="2" skip="0">Tests.Company.Get.Company Test</stat>
<stat name="Post.Company Test" id="s1-s1-s2" pass="12" fail="16" skip="0">Tests.Company.Post.Company Test</stat>
<stat name="Put.Company Test" id="s1-s1-s3" pass="0" fail="1" skip="0">Tests.Company.Put.Company Test</stat>
<stat name="Login Test" id="s1-s2" pass="2" fail="0" skip="0">Tests.Login Test</stat>
</suite>
</statistics>
<errors>
<msg time="2025-08-18T20:39:11.309670" level="WARN">Error in file 'C:\Users\aline\invictus-academyt14-api-robot\resources\login.resource' on line 24: The '[Return]' setting is deprecated. Use the 'RETURN' statement instead.</msg>
<msg time="2025-08-18T20:39:52.920412" level="WARN">Retrying (RetryAdapter(total=2, connect=None, read=None, redirect=None, status=None)) after connection broken by 'ConnectTimeoutError(&lt;urllib3.connection.HTTPSConnection object at 0x000001F31E5AAD50&gt;, 'Connection to api-invictus.qacoders.dev.br timed out. (connect timeout=None)')': /api/company</msg>
</errors>
</robot>
